Using pre-set license
Built from '2021.3/staging' branch; Version is '2021.3.32f1 (3b9dae9532f5) revision 3906990'; Using compiler version '192829333'; Build Type 'Release'
OS: 'Windows 11  (10.0.22631) 64bit Education' Language: 'en' Physical Memory: 16157 MB
BatchMode: 1, IsHumanControllingUs: 0, StartBugReporterOnCrash: 0, Is64bit: 1, IsPro: 1

COMMAND LINE ARGUMENTS:
C:\Program Files\Unity\Hub\Editor\2021.3.32f1\Editor\Unity.exe
-adb2
-batchMode
-noUpm
-name
AssetImportWorker0
-projectPath
D:/Users/Student/Desktop/Nacional
-logFile
Logs/AssetImportWorker0.log
-srvPort
53512
Successfully changed project path to: D:/Users/Student/Desktop/Nacional
D:/Users/Student/Desktop/Nacional
[UnityMemory] Configuration Parameters - Can be set up in boot.config
    "memorysetup-bucket-allocator-granularity=16"
    "memorysetup-bucket-allocator-bucket-count=8"
    "memorysetup-bucket-allocator-block-size=33554432"
    "memorysetup-bucket-allocator-block-count=8"
    "memorysetup-main-allocator-block-size=16777216"
    "memorysetup-thread-allocator-block-size=16777216"
    "memorysetup-gfx-main-allocator-block-size=16777216"
    "memorysetup-gfx-thread-allocator-block-size=16777216"
    "memorysetup-cache-allocator-block-size=4194304"
    "memorysetup-typetree-allocator-block-size=2097152"
    "memorysetup-profiler-bucket-allocator-granularity=16"
    "memorysetup-profiler-bucket-allocator-bucket-count=8"
    "memorysetup-profiler-bucket-allocator-block-size=33554432"
    "memorysetup-profiler-bucket-allocator-block-count=8"
    "memorysetup-profiler-allocator-block-size=16777216"
    "memorysetup-profiler-editor-allocator-block-size=1048576"
    "memorysetup-temp-allocator-size-main=16777216"
    "memorysetup-job-temp-allocator-block-size=2097152"
    "memorysetup-job-temp-allocator-block-size-background=1048576"
    "memorysetup-job-temp-allocator-reduction-small-platforms=262144"
    "memorysetup-temp-allocator-size-background-worker=32768"
    "memorysetup-temp-allocator-size-job-worker=262144"
    "memorysetup-temp-allocator-size-preload-manager=33554432"
    "memorysetup-temp-allocator-size-nav-mesh-worker=65536"
    "memorysetup-temp-allocator-size-audio-worker=65536"
    "memorysetup-temp-allocator-size-cloud-worker=32768"
    "memorysetup-temp-allocator-size-gi-baking-worker=262144"
    "memorysetup-temp-allocator-size-gfx=262144"
Player connection [2616] Host "[IP] 192.168.112.76 [Port] 0 [Flags] 2 [Guid] 2787667298 [EditorId] 2787667298 [Version] 1048832 [Id] WindowsEditor(7,AGILE06) [Debug] 1 [PackageName] WindowsEditor [ProjectName] Editor" joined multi-casting on [225.0.0.222:54997]...

Player connection [2616] Host "[IP] 192.168.112.76 [Port] 0 [Flags] 2 [Guid] 2787667298 [EditorId] 2787667298 [Version] 1048832 [Id] WindowsEditor(7,AGILE06) [Debug] 1 [PackageName] WindowsEditor [ProjectName] Editor" joined alternative multi-casting on [225.0.0.222:34997]...

[Physics::Module] Initialized MultithreadedJobDispatcher with {0} workers.
Refreshing native plugins compatible for Editor in 75.33 ms, found 3 plugins.
Preloading 0 native plugins for Editor in 0.00 ms.
Initialize engine version: 2021.3.32f1 (3b9dae9532f5)
[Subsystems] Discovering subsystems at path C:/Program Files/Unity/Hub/Editor/2021.3.32f1/Editor/Data/Resources/UnitySubsystems
[Subsystems] Discovering subsystems at path D:/Users/Student/Desktop/Nacional/Assets
GfxDevice: creating device client; threaded=0; jobified=0
Direct3D:
    Version:  Direct3D 11.0 [level 11.1]
    Renderer: NVIDIA GeForce RTX 3060 (ID=0x2504)
    Vendor:   NVIDIA
    VRAM:     12142 MB
    Driver:   30.0.15.1215
Initialize mono
Mono path[0] = 'C:/Program Files/Unity/Hub/Editor/2021.3.32f1/Editor/Data/Managed'
Mono path[1] = 'C:/Program Files/Unity/Hub/Editor/2021.3.32f1/Editor/Data/MonoBleedingEdge/lib/mono/unityjit-win32'
Mono config path = 'C:/Program Files/Unity/Hub/Editor/2021.3.32f1/Editor/Data/MonoBleedingEdge/etc'
Using monoOptions --debugger-agent=transport=dt_socket,embedding=1,server=y,suspend=n,address=127.0.0.1:56644
Begin MonoManager ReloadAssembly
Registering precompiled unity dll's ...
Register platform support module: C:/Program Files/Unity/Hub/Editor/2021.3.32f1/Editor/Data/PlaybackEngines/WindowsStandaloneSupport/UnityEditor.WindowsStandalone.Extensions.dll
Registered in 0.002338 seconds.
Native extension for WindowsStandalone target not found
Refreshing native plugins compatible for Editor in 67.37 ms, found 3 plugins.
Preloading 0 native plugins for Editor in 0.00 ms.
Mono: successfully reloaded assembly
- Completed reload, in  0.401 seconds
Domain Reload Profiling:
	ReloadAssembly (401ms)
		BeginReloadAssembly (58ms)
			ExecutionOrderSort (0ms)
			DisableScriptedObjects (0ms)
			BackupInstance (0ms)
			ReleaseScriptingObjects (0ms)
			CreateAndSetChildDomain (1ms)
		EndReloadAssembly (286ms)
			LoadAssemblies (57ms)
			RebuildTransferFunctionScriptingTraits (0ms)
			SetupTypeCache (72ms)
			ReleaseScriptCaches (0ms)
			RebuildScriptCaches (21ms)
			SetupLoadedEditorAssemblies (169ms)
				LogAssemblyErrors (0ms)
				InitializePlatformSupportModulesInManaged (5ms)
				SetLoadedEditorAssemblies (0ms)
				RefreshPlugins (67ms)
				BeforeProcessingInitializeOnLoad (1ms)
				ProcessInitializeOnLoadAttributes (68ms)
				ProcessInitializeOnLoadMethodAttributes (27ms)
				AfterProcessingInitializeOnLoad (0ms)
				EditorAssembliesLoaded (0ms)
			ExecutionOrderSort2 (0ms)
			AwakeInstancesAfterBackupRestoration (0ms)
Platform modules already initialized, skipping
Registering precompiled user dll's ...
Registered in 0.002189 seconds.
Begin MonoManager ReloadAssembly
Native extension for WindowsStandalone target not found
Refreshing native plugins compatible for Editor in 67.61 ms, found 3 plugins.
Preloading 0 native plugins for Editor in 0.00 ms.
Package Manager log level set to [2]
[Package Manager] Server::EnsureServerProcessIsRunning -- launch failed, reason: Unity was launched with the -noUpm command-line argument
[Package Manager] Cannot connect to Unity Package Manager local server
Mono: successfully reloaded assembly
- Completed reload, in  1.177 seconds
Domain Reload Profiling:
	ReloadAssembly (1178ms)
		BeginReloadAssembly (118ms)
			ExecutionOrderSort (0ms)
			DisableScriptedObjects (7ms)
			BackupInstance (0ms)
			ReleaseScriptingObjects (0ms)
			CreateAndSetChildDomain (23ms)
		EndReloadAssembly (998ms)
			LoadAssemblies (70ms)
			RebuildTransferFunctionScriptingTraits (0ms)
			SetupTypeCache (197ms)
			ReleaseScriptCaches (1ms)
			RebuildScriptCaches (42ms)
			SetupLoadedEditorAssemblies (685ms)
				LogAssemblyErrors (0ms)
				InitializePlatformSupportModulesInManaged (2ms)
				SetLoadedEditorAssemblies (0ms)
				RefreshPlugins (68ms)
				BeforeProcessingInitializeOnLoad (60ms)
				ProcessInitializeOnLoadAttributes (507ms)
				ProcessInitializeOnLoadMethodAttributes (46ms)
				AfterProcessingInitializeOnLoad (3ms)
				EditorAssembliesLoaded (0ms)
			ExecutionOrderSort2 (0ms)
			AwakeInstancesAfterBackupRestoration (3ms)
Platform modules already initialized, skipping
========================================================================
Worker process is ready to serve import requests
Launched and connected shader compiler UnityShaderCompiler.exe after 0.02 seconds
Refreshing native plugins compatible for Editor in 0.62 ms, found 3 plugins.
Preloading 0 native plugins for Editor in 0.00 ms.
Unloading 5262 Unused Serialized files (Serialized files now loaded: 0)
Unloading 47 unused Assets / (0.8 MB). Loaded Objects now: 5707.
Memory consumption went from 209.8 MB to 209.1 MB.
Total: 2.646500 ms (FindLiveObjects: 0.255500 ms CreateObjectMapping: 0.191100 ms MarkObjects: 1.906100 ms  DeleteObjects: 0.293200 ms)

AssetImportParameters requested are different than current active one (requested -> active):
  custom:video-decoder-ogg-theora: a1e56fd34408186e4bbccfd4996cb3dc -> 
  custom:container-muxer-webm: aa71ff27fc2769a1b78a27578f13a17b -> 
  custom:container-demuxer-webm: 4f35f7cbe854078d1ac9338744f61a02 -> 
  custom:video-encoder-webm-vp8: eb34c28f22e8b96e1ab97ce403110664 -> 
  custom:audio-encoder-webm-vorbis: bf7c407c2cedff20999df2af8eb42d56 -> 
  custom:framework-win-MediaFoundation: 216162199b28c13a410421893ffa2e32 -> 
  custom:container-demuxer-ogg: 62fdf1f143b41e24485cea50d1cbac27 -> 
  custom:video-decoder-webm-vp8: 9c59270c3fd7afecdb556c50c9e8de78 -> 
  custom:audio-decoder-ogg-vorbis: bf7c407c2cedff20999df2af8eb42d56 -> 
========================================================================
Received Prepare
Refreshing native plugins compatible for Editor in 2.00 ms, found 3 plugins.
Preloading 0 native plugins for Editor in 0.00 ms.
Unloading 28 Unused Serialized files (Serialized files now loaded: 0)
Unloading 28 unused Assets / (0.8 MB). Loaded Objects now: 5707.
Memory consumption went from 96.8 MB to 96.1 MB.
Total: 2.297500 ms (FindLiveObjects: 0.255900 ms CreateObjectMapping: 0.159700 ms MarkObjects: 1.691600 ms  DeleteObjects: 0.189900 ms)

AssetImportParameters requested are different than current active one (requested -> active):
  custom:video-decoder-ogg-theora: a1e56fd34408186e4bbccfd4996cb3dc -> 
  custom:container-muxer-webm: aa71ff27fc2769a1b78a27578f13a17b -> 
  custom:container-demuxer-webm: 4f35f7cbe854078d1ac9338744f61a02 -> 
  custom:video-encoder-webm-vp8: eb34c28f22e8b96e1ab97ce403110664 -> 
  custom:CustomObjectIndexerAttribute: 6b0e35c9178b02a6363f3721b7b8e397 -> 
  custom:audio-encoder-webm-vorbis: bf7c407c2cedff20999df2af8eb42d56 -> 
  custom:framework-win-MediaFoundation: 216162199b28c13a410421893ffa2e32 -> 
  custom:SearchIndexIgnoredProperties: e643bd26f0fe6173181afceb89e7c659 -> 
  custom:container-demuxer-ogg: 62fdf1f143b41e24485cea50d1cbac27 -> 
  custom:video-decoder-webm-vp8: 9c59270c3fd7afecdb556c50c9e8de78 -> 
  custom:audio-decoder-ogg-vorbis: bf7c407c2cedff20999df2af8eb42d56 -> 
========================================================================
Received Import Request.
  Time since last request: 23713.750493 seconds.
  path: Assets/Character
  artifactKey: Guid(c4775ffb6d1eb47dcae609c01ce27351) Importer(815301076,1909f56bfc062723c751e8b465ee728b)
Number of updated assets reloaded before import = 0
Start importing Assets/Character using Guid(c4775ffb6d1eb47dcae609c01ce27351) Importer(815301076,1909f56bfc062723c751e8b465ee728b)  -> (artifact id: 'c0841bbb3afe3831e6b9b2364abfb3d6') in 0.012425 seconds 
Number of asset objects unloaded after import = 0
========================================================================
Received Import Request.
  Time since last request: 21.503110 seconds.
  path: Assets/Character/Sprites/EnemyDeath.png
  artifactKey: Guid(0d22f52a800554566bb7a5bd62041458) Importer(815301076,1909f56bfc062723c751e8b465ee728b)
Number of updated assets reloaded before import = 0
Start importing Assets/Character/Sprites/EnemyDeath.png using Guid(0d22f52a800554566bb7a5bd62041458) Importer(815301076,1909f56bfc062723c751e8b465ee728b)  -> (artifact id: 'c325f7fed2b4cac95b7d066fd9503d5f') in 0.102082 seconds 
Number of asset objects unloaded after import = 10
========================================================================
Received Import Request.
  Time since last request: 0.000021 seconds.
  path: Assets/Character/Sprites/PlayerIdle.png
  artifactKey: Guid(ba86c7b200abe499cb750833482830b3) Importer(815301076,1909f56bfc062723c751e8b465ee728b)
Number of updated assets reloaded before import = 0
Start importing Assets/Character/Sprites/PlayerIdle.png using Guid(ba86c7b200abe499cb750833482830b3) Importer(815301076,1909f56bfc062723c751e8b465ee728b)  -> (artifact id: '76b11154164e7772727ee111033a3683') in 0.078408 seconds 
Number of asset objects unloaded after import = 40
========================================================================
Received Import Request.
  Time since last request: 0.000024 seconds.
  path: Assets/Character/Sprites/PlayerVictory.png
  artifactKey: Guid(591161ddccde24e77bc04c29ec2742eb) Importer(815301076,1909f56bfc062723c751e8b465ee728b)
Number of updated assets reloaded before import = 0
Start importing Assets/Character/Sprites/PlayerVictory.png using Guid(591161ddccde24e77bc04c29ec2742eb) Importer(815301076,1909f56bfc062723c751e8b465ee728b)  -> (artifact id: 'c86d3254c2ad0974467cf8398cc4e8cc') in 0.041217 seconds 
Number of asset objects unloaded after import = 15
========================================================================
Received Import Request.
  Time since last request: 0.000017 seconds.
  path: Assets/Character/Sprites/TokenSpin.png
  artifactKey: Guid(c36b0e54a8d8340759ab2f1394787f1f) Importer(815301076,1909f56bfc062723c751e8b465ee728b)
Number of updated assets reloaded before import = 0
Start importing Assets/Character/Sprites/TokenSpin.png using Guid(c36b0e54a8d8340759ab2f1394787f1f) Importer(815301076,1909f56bfc062723c751e8b465ee728b)  -> (artifact id: '4b746f444a9ed014acf2796ac75ef387') in 0.050950 seconds 
Number of asset objects unloaded after import = 15
========================================================================
Received Import Request.
  Time since last request: 0.000015 seconds.
  path: Assets/Character/Sprites/Mr.Alien.png
  artifactKey: Guid(443583d5024ec0b46889a8bed11f2d5d) Importer(815301076,1909f56bfc062723c751e8b465ee728b)
Number of updated assets reloaded before import = 0
Start importing Assets/Character/Sprites/Mr.Alien.png using Guid(443583d5024ec0b46889a8bed11f2d5d) Importer(815301076,1909f56bfc062723c751e8b465ee728b)  -> (artifact id: '2940663f46d5b8f3d7ccf4e0ce03371f') in 0.024126 seconds 
Number of asset objects unloaded after import = 3
========================================================================
Received Import Request.
  Time since last request: 0.000017 seconds.
  path: Assets/Character/Sprites/EnemyRun.png
  artifactKey: Guid(38c1b0996c8e0457eb88644b8cb126f3) Importer(815301076,1909f56bfc062723c751e8b465ee728b)
Number of updated assets reloaded before import = 0
Start importing Assets/Character/Sprites/EnemyRun.png using Guid(38c1b0996c8e0457eb88644b8cb126f3) Importer(815301076,1909f56bfc062723c751e8b465ee728b)  -> (artifact id: '70e758391457b86a3d5fc22e54da25cc') in 0.044380 seconds 
Number of asset objects unloaded after import = 17
========================================================================
Received Import Request.
  Time since last request: 0.000017 seconds.
  path: Assets/Character/Sprites/PlayerRun.png
  artifactKey: Guid(225a1eacac9dc41ae9a4d6adf7df8d40) Importer(815301076,1909f56bfc062723c751e8b465ee728b)
Number of updated assets reloaded before import = 0
Start importing Assets/Character/Sprites/PlayerRun.png using Guid(225a1eacac9dc41ae9a4d6adf7df8d40) Importer(815301076,1909f56bfc062723c751e8b465ee728b)  -> (artifact id: '9a80f3d2dc05f4effe90e7b427b7216e') in 0.062432 seconds 
Number of asset objects unloaded after import = 31
========================================================================
Received Import Request.
  Time since last request: 0.000021 seconds.
  path: Assets/Character/Sprites/PlayerHurt.png
  artifactKey: Guid(e1c7748eb9afd4e608ce8f923cf861dc) Importer(815301076,1909f56bfc062723c751e8b465ee728b)
Number of updated assets reloaded before import = 0
Start importing Assets/Character/Sprites/PlayerHurt.png using Guid(e1c7748eb9afd4e608ce8f923cf861dc) Importer(815301076,1909f56bfc062723c751e8b465ee728b)  -> (artifact id: '7962958c9f1df1d83eaae5fc0a385631') in 0.031637 seconds 
Number of asset objects unloaded after import = 13
========================================================================
Received Import Request.
  Time since last request: 7.244895 seconds.
  path: Assets/Character/kenney_platformer-characters/PNG/Zombie/Poses/zombie_action1.png
  artifactKey: Guid(b1eee955632cb914b8af451257df43bd) Importer(815301076,1909f56bfc062723c751e8b465ee728b)
Number of updated assets reloaded before import = 0
Start importing Assets/Character/kenney_platformer-characters/PNG/Zombie/Poses/zombie_action1.png using Guid(b1eee955632cb914b8af451257df43bd) Importer(815301076,1909f56bfc062723c751e8b465ee728b)  -> (artifact id: '0bfa1dd46f5e69c6b4069b0f101a64a8') in 0.021201 seconds 
Number of asset objects unloaded after import = 3
========================================================================
Received Import Request.
  Time since last request: 0.016292 seconds.
  path: Assets/Character/kenney_platformer-characters/PNG/Zombie/Poses/zombie_back.png
  artifactKey: Guid(30214728938ec72408317990fd05f59f) Importer(815301076,1909f56bfc062723c751e8b465ee728b)
Number of updated assets reloaded before import = 0
Start importing Assets/Character/kenney_platformer-characters/PNG/Zombie/Poses/zombie_back.png using Guid(30214728938ec72408317990fd05f59f) Importer(815301076,1909f56bfc062723c751e8b465ee728b)  -> (artifact id: 'b8f30e4a0e7f4bb1e75035004e4d9d65') in 0.020306 seconds 
Number of asset objects unloaded after import = 3
========================================================================
Received Import Request.
  Time since last request: 0.000021 seconds.
  path: Assets/Character/kenney_platformer-characters/PNG/Zombie/Poses/zombie_duck.png
  artifactKey: Guid(a77a11f3678a4b243aaa40a863b4e0cb) Importer(815301076,1909f56bfc062723c751e8b465ee728b)
Number of updated assets reloaded before import = 0
Start importing Assets/Character/kenney_platformer-characters/PNG/Zombie/Poses/zombie_duck.png using Guid(a77a11f3678a4b243aaa40a863b4e0cb) Importer(815301076,1909f56bfc062723c751e8b465ee728b)  -> (artifact id: '4e2771998b2031771f81d807074d0eac') in 0.035224 seconds 
Number of asset objects unloaded after import = 3
========================================================================
Received Import Request.
  Time since last request: 0.000013 seconds.
  path: Assets/Character/kenney_platformer-characters/PNG/Zombie/zombie_tilesheet.png
  artifactKey: Guid(eec6e37693efdb742a30c86e4b26d9ad) Importer(815301076,1909f56bfc062723c751e8b465ee728b)
Number of updated assets reloaded before import = 0
Start importing Assets/Character/kenney_platformer-characters/PNG/Zombie/zombie_tilesheet.png using Guid(eec6e37693efdb742a30c86e4b26d9ad) Importer(815301076,1909f56bfc062723c751e8b465ee728b)  -> (artifact id: '631d57a8b3d5ed4d146389ba1e05773d') in 0.034687 seconds 
Number of asset objects unloaded after import = 3
========================================================================
Received Import Request.
  Time since last request: 0.000016 seconds.
  path: Assets/Character/kenney_platformer-characters/PNG/Zombie/Poses/zombie_idle.png
  artifactKey: Guid(a1e78eed4a845ef49bb6deb9461d5d8b) Importer(815301076,1909f56bfc062723c751e8b465ee728b)
Number of updated assets reloaded before import = 0
Start importing Assets/Character/kenney_platformer-characters/PNG/Zombie/Poses/zombie_idle.png using Guid(a1e78eed4a845ef49bb6deb9461d5d8b) Importer(815301076,1909f56bfc062723c751e8b465ee728b)  -> (artifact id: 'a0c90882d4516d0bd85ce5e1c61df946') in 0.025402 seconds 
Number of asset objects unloaded after import = 3
========================================================================
Received Import Request.
  Time since last request: 0.000027 seconds.
  path: Assets/Character/kenney_platformer-characters/PNG/Zombie/Poses/zombie_kick.png
  artifactKey: Guid(c8f5677f8477a224f8d28fa25b08c596) Importer(815301076,1909f56bfc062723c751e8b465ee728b)
Number of updated assets reloaded before import = 0
Start importing Assets/Character/kenney_platformer-characters/PNG/Zombie/Poses/zombie_kick.png using Guid(c8f5677f8477a224f8d28fa25b08c596) Importer(815301076,1909f56bfc062723c751e8b465ee728b)  -> (artifact id: '19fa14850e92e7a7f1cd91c5c219a6c5') in 0.020210 seconds 
Number of asset objects unloaded after import = 3
========================================================================
Received Import Request.
  Time since last request: 0.000028 seconds.
  path: Assets/Character/kenney_platformer-characters/PNG/Zombie/Poses/zombie_hang.png
  artifactKey: Guid(e1ba0f1e5572b5f44ad3cbdb6599b0ac) Importer(815301076,1909f56bfc062723c751e8b465ee728b)
Number of updated assets reloaded before import = 0
Start importing Assets/Character/kenney_platformer-characters/PNG/Zombie/Poses/zombie_hang.png using Guid(e1ba0f1e5572b5f44ad3cbdb6599b0ac) Importer(815301076,1909f56bfc062723c751e8b465ee728b)  -> (artifact id: '4c37a190a9a594211ba6d9fc41e64711') in 0.018087 seconds 
Number of asset objects unloaded after import = 3
========================================================================
Received Import Request.
  Time since last request: 0.697203 seconds.
  path: Assets/Mod Assets/Environment Sprites Colored/Magenta/tree_pink.png
  artifactKey: Guid(d20f0f04b3b19434099ae501e4b0e994) Importer(815301076,1909f56bfc062723c751e8b465ee728b)
Number of updated assets reloaded before import = 0
Start importing Assets/Mod Assets/Environment Sprites Colored/Magenta/tree_pink.png using Guid(d20f0f04b3b19434099ae501e4b0e994) Importer(815301076,1909f56bfc062723c751e8b465ee728b)  -> (artifact id: '58d7faf82ac64db2c296f0ed255549a8') in 0.041874 seconds 
Number of asset objects unloaded after import = 3
========================================================================
Received Import Request.
  Time since last request: 0.000015 seconds.
  path: Assets/Environment/Tiles/TileFloatingLeftEdge.png
  artifactKey: Guid(4fe24818a6b2541629cad3038853d908) Importer(815301076,1909f56bfc062723c751e8b465ee728b)
Number of updated assets reloaded before import = 0
Start importing Assets/Environment/Tiles/TileFloatingLeftEdge.png using Guid(4fe24818a6b2541629cad3038853d908) Importer(815301076,1909f56bfc062723c751e8b465ee728b)  -> (artifact id: 'cefb488070b6a4a88814d084d6266fda') in 0.021175 seconds 
Number of asset objects unloaded after import = 3
========================================================================
Received Import Request.
  Time since last request: 0.000017 seconds.
  path: Assets/Character/kenney_platformer-characters/PNG/Soldier/Poses/soldier_hold2.png
  artifactKey: Guid(7cf0da3bd8cc2fe42a02d6d99d780ce8) Importer(815301076,1909f56bfc062723c751e8b465ee728b)
Number of updated assets reloaded before import = 0
Start importing Assets/Character/kenney_platformer-characters/PNG/Soldier/Poses/soldier_hold2.png using Guid(7cf0da3bd8cc2fe42a02d6d99d780ce8) Importer(815301076,1909f56bfc062723c751e8b465ee728b)  -> (artifact id: 'f204e05fda33cfe85bd2c919a2daaa17') in 0.016815 seconds 
Number of asset objects unloaded after import = 3
========================================================================
Received Import Request.
  Time since last request: 0.000019 seconds.
  path: Assets/Mod Assets/Environment Sprites Colored/Green/TileGround_green.png
  artifactKey: Guid(8606c873d5fe940fbbff849911ad1040) Importer(815301076,1909f56bfc062723c751e8b465ee728b)
Number of updated assets reloaded before import = 0
Start importing Assets/Mod Assets/Environment Sprites Colored/Green/TileGround_green.png using Guid(8606c873d5fe940fbbff849911ad1040) Importer(815301076,1909f56bfc062723c751e8b465ee728b)  -> (artifact id: 'a0eb5b6081c124c4937c6e5ecf074949') in 0.025726 seconds 
Number of asset objects unloaded after import = 3
========================================================================
Received Import Request.
  Time since last request: 0.000016 seconds.
  path: Assets/Character/kenney_platformer-characters/PNG/Player/Poses/player_idle.png
  artifactKey: Guid(6180ed2892c4a864ebb1534885eb4de8) Importer(815301076,1909f56bfc062723c751e8b465ee728b)
Number of updated assets reloaded before import = 0
Start importing Assets/Character/kenney_platformer-characters/PNG/Player/Poses/player_idle.png using Guid(6180ed2892c4a864ebb1534885eb4de8) Importer(815301076,1909f56bfc062723c751e8b465ee728b)  -> (artifact id: 'bafca1da8c01fc2befb97bd4e113c452') in 0.029145 seconds 
Number of asset objects unloaded after import = 3
========================================================================
Received Import Request.
  Time since last request: 0.000029 seconds.
  path: Assets/Character/kenney_platformer-characters/PNG/Female/Limbs/head_focus.png
  artifactKey: Guid(3ce59309d665fdc4ba80828e8f74f1bb) Importer(815301076,1909f56bfc062723c751e8b465ee728b)
Number of updated assets reloaded before import = 0
Start importing Assets/Character/kenney_platformer-characters/PNG/Female/Limbs/head_focus.png using Guid(3ce59309d665fdc4ba80828e8f74f1bb) Importer(815301076,1909f56bfc062723c751e8b465ee728b)  -> (artifact id: 'ff54910162b0638e2358467dd197945d') in 0.015255 seconds 
Number of asset objects unloaded after import = 3
========================================================================
Received Import Request.
  Time since last request: 0.000017 seconds.
  path: Assets/Character/kenney_platformer-characters/PNG/Female/Poses/female_fall.png
  artifactKey: Guid(6e3c69ca6c75a2d48b7d1a70c95dd6fe) Importer(815301076,1909f56bfc062723c751e8b465ee728b)
Number of updated assets reloaded before import = 0
Start importing Assets/Character/kenney_platformer-characters/PNG/Female/Poses/female_fall.png using Guid(6e3c69ca6c75a2d48b7d1a70c95dd6fe) Importer(815301076,1909f56bfc062723c751e8b465ee728b)  -> (artifact id: '81667d4b16a637f4578a301ef8570cde') in 0.020207 seconds 
Number of asset objects unloaded after import = 3
========================================================================
Received Import Request.
  Time since last request: 0.000035 seconds.
  path: Assets/Mod Assets/Environment Sprites Colored/Magenta/TileGroundTop_pink.png
  artifactKey: Guid(9c48665400db045e58c53fa36c28d2eb) Importer(815301076,1909f56bfc062723c751e8b465ee728b)
Number of updated assets reloaded before import = 0
Start importing Assets/Mod Assets/Environment Sprites Colored/Magenta/TileGroundTop_pink.png using Guid(9c48665400db045e58c53fa36c28d2eb) Importer(815301076,1909f56bfc062723c751e8b465ee728b)  -> (artifact id: '210ee3d8353111126e70ad1eb5e49ca0') in 0.023740 seconds 
Number of asset objects unloaded after import = 3
========================================================================
Received Import Request.
  Time since last request: 0.000016 seconds.
  path: Assets/Mod Assets/Environment Sprites Colored/Gold/TallBuilding_yellow.png
  artifactKey: Guid(3d6b1d1fd20464510a7cf17ae128e411) Importer(815301076,1909f56bfc062723c751e8b465ee728b)
Number of updated assets reloaded before import = 0
Start importing Assets/Mod Assets/Environment Sprites Colored/Gold/TallBuilding_yellow.png using Guid(3d6b1d1fd20464510a7cf17ae128e411) Importer(815301076,1909f56bfc062723c751e8b465ee728b)  -> (artifact id: '18b21755798e230055c1879b799f3aa6') in 0.037381 seconds 
Number of asset objects unloaded after import = 3
========================================================================
Received Import Request.
  Time since last request: 0.000015 seconds.
  path: Assets/Environment/Sprites/TileFloatingLeftEdge.png
  artifactKey: Guid(cbb2fe4d69e24da4db5d9340b9a78b41) Importer(815301076,1909f56bfc062723c751e8b465ee728b)
Number of updated assets reloaded before import = 0
Start importing Assets/Environment/Sprites/TileFloatingLeftEdge.png using Guid(cbb2fe4d69e24da4db5d9340b9a78b41) Importer(815301076,1909f56bfc062723c751e8b465ee728b)  -> (artifact id: '62b80a99e91035ede56d67183fc3690a') in 0.017465 seconds 
Number of asset objects unloaded after import = 3
========================================================================
Received Import Request.
  Time since last request: 0.000016 seconds.
  path: Assets/Character/kenney_platformer-characters/PNG/Player/Poses/player_hold2.png
  artifactKey: Guid(6e18b58c2fc32a94bbcd5be011a00200) Importer(815301076,1909f56bfc062723c751e8b465ee728b)
Number of updated assets reloaded before import = 0
Start importing Assets/Character/kenney_platformer-characters/PNG/Player/Poses/player_hold2.png using Guid(6e18b58c2fc32a94bbcd5be011a00200) Importer(815301076,1909f56bfc062723c751e8b465ee728b)  -> (artifact id: 'da045cb5ec05dc07cfa38c9bbe665497') in 0.042985 seconds 
Number of asset objects unloaded after import = 3
========================================================================
Received Import Request.
  Time since last request: 0.000016 seconds.
  path: Assets/Mod Assets/Mod Resources/Sprites/Props/TreeStump.png
  artifactKey: Guid(69d5ea843a508084da59cd51bf547463) Importer(815301076,1909f56bfc062723c751e8b465ee728b)
Number of updated assets reloaded before import = 0
Start importing Assets/Mod Assets/Mod Resources/Sprites/Props/TreeStump.png using Guid(69d5ea843a508084da59cd51bf547463) Importer(815301076,1909f56bfc062723c751e8b465ee728b)  -> (artifact id: '8e8c71666650b812040c1948a26d9f8b') in 0.026447 seconds 
Number of asset objects unloaded after import = 3
========================================================================
Received Import Request.
  Time since last request: 0.000014 seconds.
  path: Assets/Environment/Tiles/hillside.png
  artifactKey: Guid(38c40ae98d664442db21ae817074aae2) Importer(815301076,1909f56bfc062723c751e8b465ee728b)
Number of updated assets reloaded before import = 0
Start importing Assets/Environment/Tiles/hillside.png using Guid(38c40ae98d664442db21ae817074aae2) Importer(815301076,1909f56bfc062723c751e8b465ee728b)  -> (artifact id: '17dbc9cd1a7957b5931166589817a978') in 0.024499 seconds 
Number of asset objects unloaded after import = 3
========================================================================
Received Import Request.
  Time since last request: 0.000036 seconds.
  path: Assets/Character/kenney_platformer-characters/PNG/Soldier/Poses/soldier_walk1.png
  artifactKey: Guid(39e3dcaeec2a4594888ed8469bc6092f) Importer(815301076,1909f56bfc062723c751e8b465ee728b)
Number of updated assets reloaded before import = 0
Start importing Assets/Character/kenney_platformer-characters/PNG/Soldier/Poses/soldier_walk1.png using Guid(39e3dcaeec2a4594888ed8469bc6092f) Importer(815301076,1909f56bfc062723c751e8b465ee728b)  -> (artifact id: 'ed92acb693009218a95099f2debea9f7') in 0.018898 seconds 
Number of asset objects unloaded after import = 3
========================================================================
Received Import Request.
  Time since last request: 0.000036 seconds.
  path: Assets/Mod Assets/Environment Sprites Colored/Teal/hillside_teal.png
  artifactKey: Guid(5abe6d0123d70409c9d25171486aa7a6) Importer(815301076,1909f56bfc062723c751e8b465ee728b)
Number of updated assets reloaded before import = 0
Start importing Assets/Mod Assets/Environment Sprites Colored/Teal/hillside_teal.png using Guid(5abe6d0123d70409c9d25171486aa7a6) Importer(815301076,1909f56bfc062723c751e8b465ee728b)  -> (artifact id: 'b88b828abe0598302bc47458599c8a1c') in 0.028985 seconds 
Number of asset objects unloaded after import = 3
========================================================================
Received Import Request.
  Time since last request: 0.000020 seconds.
  path: Assets/Mod Assets/Environment Sprites Colored/Teal/cloud_teal.png
  artifactKey: Guid(30efd09d063374386920ef39a98be3a5) Importer(815301076,1909f56bfc062723c751e8b465ee728b)
Number of updated assets reloaded before import = 0
Start importing Assets/Mod Assets/Environment Sprites Colored/Teal/cloud_teal.png using Guid(30efd09d063374386920ef39a98be3a5) Importer(815301076,1909f56bfc062723c751e8b465ee728b)  -> (artifact id: '09d29165197be19eec419aa88db5d576') in 0.021813 seconds 
Number of asset objects unloaded after import = 3
========================================================================
Received Import Request.
  Time since last request: 0.000019 seconds.
  path: Assets/Mod Assets/Environment Sprites Colored/Brown/cloud_brown.png
  artifactKey: Guid(aceab528aad394768a4d9a61af903866) Importer(815301076,1909f56bfc062723c751e8b465ee728b)
Number of updated assets reloaded before import = 0
Start importing Assets/Mod Assets/Environment Sprites Colored/Brown/cloud_brown.png using Guid(aceab528aad394768a4d9a61af903866) Importer(815301076,1909f56bfc062723c751e8b465ee728b)  -> (artifact id: '3fd09529684fffa24c05db14e09aefc7') in 0.023288 seconds 
Number of asset objects unloaded after import = 3
========================================================================
Received Import Request.
  Time since last request: 0.000017 seconds.
  path: Assets/Environment/Tiles/cloud.png
  artifactKey: Guid(700b598ed9c16475f833dc3f8a848ba7) Importer(815301076,1909f56bfc062723c751e8b465ee728b)
Number of updated assets reloaded before import = 0
Start importing Assets/Environment/Tiles/cloud.png using Guid(700b598ed9c16475f833dc3f8a848ba7) Importer(815301076,1909f56bfc062723c751e8b465ee728b)  -> (artifact id: '9a45503db64d9c32294f6f37c117a39d') in 0.023831 seconds 
Number of asset objects unloaded after import = 3
========================================================================
Received Import Request.
  Time since last request: 0.000014 seconds.
  path: Assets/Mod Assets/Mod Resources/Sprites/Props/Cactus.png
  artifactKey: Guid(b7ff7f09da7a80a46925316eb5939a98) Importer(815301076,1909f56bfc062723c751e8b465ee728b)
Number of updated assets reloaded before import = 0
Start importing Assets/Mod Assets/Mod Resources/Sprites/Props/Cactus.png using Guid(b7ff7f09da7a80a46925316eb5939a98) Importer(815301076,1909f56bfc062723c751e8b465ee728b)  -> (artifact id: '3ccdbef930373ebc1f3baa4dd735cec3') in 0.024656 seconds 
Number of asset objects unloaded after import = 3
========================================================================
Received Import Request.
  Time since last request: 0.000017 seconds.
  path: Assets/Mod Assets/Mod Resources/Sprites/Props/Cookie.png
  artifactKey: Guid(12516f4fd32142842a00f2eeb91a05f6) Importer(815301076,1909f56bfc062723c751e8b465ee728b)
Number of updated assets reloaded before import = 0
Start importing Assets/Mod Assets/Mod Resources/Sprites/Props/Cookie.png using Guid(12516f4fd32142842a00f2eeb91a05f6) Importer(815301076,1909f56bfc062723c751e8b465ee728b)  -> (artifact id: 'e14283338e4dc509115fd0c445ff344a') in 0.023410 seconds 
Number of asset objects unloaded after import = 3
========================================================================
Received Import Request.
  Time since last request: 0.000021 seconds.
  path: Assets/Character/kenney_platformer-characters/PNG/Soldier/Poses/soldier_slide.png
  artifactKey: Guid(5f596f37dfbbc0a44bbdd71d8ecf7800) Importer(815301076,1909f56bfc062723c751e8b465ee728b)
Number of updated assets reloaded before import = 0
Start importing Assets/Character/kenney_platformer-characters/PNG/Soldier/Poses/soldier_slide.png using Guid(5f596f37dfbbc0a44bbdd71d8ecf7800) Importer(815301076,1909f56bfc062723c751e8b465ee728b)  -> (artifact id: 'b1c97a9d69d0c33c57dd762a6c73e423') in 0.024460 seconds 
Number of asset objects unloaded after import = 3
========================================================================
Received Import Request.
  Time since last request: 0.000020 seconds.
  path: Assets/Mod Assets/Environment Sprites Colored/Gold/TileGroundTop_yellow.png
  artifactKey: Guid(64814a8d749cd4fb096743f22a469411) Importer(815301076,1909f56bfc062723c751e8b465ee728b)
Number of updated assets reloaded before import = 0
Start importing Assets/Mod Assets/Environment Sprites Colored/Gold/TileGroundTop_yellow.png using Guid(64814a8d749cd4fb096743f22a469411) Importer(815301076,1909f56bfc062723c751e8b465ee728b)  -> (artifact id: '726a25f02b0453c9f3f2c7d7b7d54594') in 0.020967 seconds 
Number of asset objects unloaded after import = 3
========================================================================
Received Import Request.
  Time since last request: 0.000015 seconds.
  path: Assets/Environment/Sprites/TileGround.png
  artifactKey: Guid(4ab30a6b78053f440ad8969d54c83d95) Importer(815301076,1909f56bfc062723c751e8b465ee728b)
Number of updated assets reloaded before import = 0
Start importing Assets/Environment/Sprites/TileGround.png using Guid(4ab30a6b78053f440ad8969d54c83d95) Importer(815301076,1909f56bfc062723c751e8b465ee728b)  -> (artifact id: '51118836c8aa095d3b8f443d52b2e321') in 0.015282 seconds 
Number of asset objects unloaded after import = 3
========================================================================
Received Import Request.
  Time since last request: 0.000015 seconds.
  path: Assets/Mod Assets/Environment Sprites Colored/Teal/midground_teal.png
  artifactKey: Guid(6008cdc603da64bf69c195d4261b33be) Importer(815301076,1909f56bfc062723c751e8b465ee728b)
Number of updated assets reloaded before import = 0
Start importing Assets/Mod Assets/Environment Sprites Colored/Teal/midground_teal.png using Guid(6008cdc603da64bf69c195d4261b33be) Importer(815301076,1909f56bfc062723c751e8b465ee728b)  -> (artifact id: '0ade9e85357e83ed7592a488d3a0a9ad') in 0.039725 seconds 
Number of asset objects unloaded after import = 3
========================================================================
Received Import Request.
  Time since last request: 0.000015 seconds.
  path: Assets/Character/kenney_platformer-characters/PNG/Soldier/Limbs/arm.png
  artifactKey: Guid(869d99d1267395446a8085557059d28f) Importer(815301076,1909f56bfc062723c751e8b465ee728b)
Number of updated assets reloaded before import = 0
Start importing Assets/Character/kenney_platformer-characters/PNG/Soldier/Limbs/arm.png using Guid(869d99d1267395446a8085557059d28f) Importer(815301076,1909f56bfc062723c751e8b465ee728b)  -> (artifact id: 'c094b1b3a3687269b115b63348ec13e2') in 0.031758 seconds 
Number of asset objects unloaded after import = 3
========================================================================
Received Import Request.
  Time since last request: 0.000015 seconds.
  path: Assets/Character/kenney_platformer-characters/PNG/Female/Limbs/arm.png
  artifactKey: Guid(ea57a79871a0f6b4a8d9a0653f486c5a) Importer(815301076,1909f56bfc062723c751e8b465ee728b)
Number of updated assets reloaded before import = 0
Start importing Assets/Character/kenney_platformer-characters/PNG/Female/Limbs/arm.png using Guid(ea57a79871a0f6b4a8d9a0653f486c5a) Importer(815301076,1909f56bfc062723c751e8b465ee728b)  -> (artifact id: '5d9c6cbb2417a88dcc1fc8dae1cd0b4a') in 0.025709 seconds 
Number of asset objects unloaded after import = 3
========================================================================
Received Import Request.
  Time since last request: 0.000018 seconds.
  path: Assets/Character/kenney_platformer-characters/PNG/Adventurer/Poses/adventurer_hold1.png
  artifactKey: Guid(312da64b4ae6f4742a9b0f9a61cecb85) Importer(815301076,1909f56bfc062723c751e8b465ee728b)
Number of updated assets reloaded before import = 0
Start importing Assets/Character/kenney_platformer-characters/PNG/Adventurer/Poses/adventurer_hold1.png using Guid(312da64b4ae6f4742a9b0f9a61cecb85) Importer(815301076,1909f56bfc062723c751e8b465ee728b)  -> (artifact id: 'c87bf84839658ff375220593a488f288') in 0.031912 seconds 
Number of asset objects unloaded after import = 3
========================================================================
Received Import Request.
  Time since last request: 0.000014 seconds.
  path: Assets/Character/kenney_platformer-characters/PNG/Adventurer/Poses/adventurer_jump.png
  artifactKey: Guid(c54ba6055e57e534da78dee115b64918) Importer(815301076,1909f56bfc062723c751e8b465ee728b)
Number of updated assets reloaded before import = 0
Start importing Assets/Character/kenney_platformer-characters/PNG/Adventurer/Poses/adventurer_jump.png using Guid(c54ba6055e57e534da78dee115b64918) Importer(815301076,1909f56bfc062723c751e8b465ee728b)  -> (artifact id: '1f30230597f2be52ef37fd099c47a65a') in 0.031177 seconds 
Number of asset objects unloaded after import = 3
========================================================================
Received Import Request.
  Time since last request: 0.000015 seconds.
  path: Assets/Mod Assets/Environment Sprites Colored/Magenta/TallBuilding_pink.png
  artifactKey: Guid(42bcb5b2cd06041beabf65dfcbaac6fe) Importer(815301076,1909f56bfc062723c751e8b465ee728b)
Number of updated assets reloaded before import = 0
Start importing Assets/Mod Assets/Environment Sprites Colored/Magenta/TallBuilding_pink.png using Guid(42bcb5b2cd06041beabf65dfcbaac6fe) Importer(815301076,1909f56bfc062723c751e8b465ee728b)  -> (artifact id: '8b286260fc5981d290330909fecc0840') in 0.026761 seconds 
Number of asset objects unloaded after import = 3
========================================================================
Received Import Request.
  Time since last request: 0.000032 seconds.
  path: Assets/Character/kenney_platformer-characters/PNG/Female/Limbs/head_back.png
  artifactKey: Guid(5d8deefdb6654164f8f044b39a48deb4) Importer(815301076,1909f56bfc062723c751e8b465ee728b)
Number of updated assets reloaded before import = 0
Start importing Assets/Character/kenney_platformer-characters/PNG/Female/Limbs/head_back.png using Guid(5d8deefdb6654164f8f044b39a48deb4) Importer(815301076,1909f56bfc062723c751e8b465ee728b)  -> (artifact id: 'ada91518a31862e52b4b91ad08d776ea') in 0.022332 seconds 
Number of asset objects unloaded after import = 3
========================================================================
Received Import Request.
  Time since last request: 0.000022 seconds.
  path: Assets/Mod Assets/Environment Sprites Colored/Green/midground_green.png
  artifactKey: Guid(1f3f80cd2139042a49e9349f3ecd9d7e) Importer(815301076,1909f56bfc062723c751e8b465ee728b)
Number of updated assets reloaded before import = 0
Start importing Assets/Mod Assets/Environment Sprites Colored/Green/midground_green.png using Guid(1f3f80cd2139042a49e9349f3ecd9d7e) Importer(815301076,1909f56bfc062723c751e8b465ee728b)  -> (artifact id: '25b480b247bd012f96a97e5ee8199ceb') in 0.072925 seconds 
Number of asset objects unloaded after import = 3
========================================================================
Received Import Request.
  Time since last request: 0.000014 seconds.
  path: Assets/Character/kenney_platformer-characters/PNG/Adventurer/Poses/adventurer_action2.png
  artifactKey: Guid(f9026aa5657906c438aa09adeaeb9832) Importer(815301076,1909f56bfc062723c751e8b465ee728b)
Number of updated assets reloaded before import = 0
Start importing Assets/Character/kenney_platformer-characters/PNG/Adventurer/Poses/adventurer_action2.png using Guid(f9026aa5657906c438aa09adeaeb9832) Importer(815301076,1909f56bfc062723c751e8b465ee728b)  -> (artifact id: '7e82db09815e52c52fdb7669a77623e9') in 0.026163 seconds 
Number of asset objects unloaded after import = 3
========================================================================
Received Import Request.
  Time since last request: 0.000014 seconds.
  path: Assets/Character/kenney_platformer-characters/PNG/Soldier/Poses/soldier_swim1.png
  artifactKey: Guid(23bd37718d002de4cbf995f16313412a) Importer(815301076,1909f56bfc062723c751e8b465ee728b)
Number of updated assets reloaded before import = 0
Start importing Assets/Character/kenney_platformer-characters/PNG/Soldier/Poses/soldier_swim1.png using Guid(23bd37718d002de4cbf995f16313412a) Importer(815301076,1909f56bfc062723c751e8b465ee728b)  -> (artifact id: '43591fde77e533b84a167704dbe0d15c') in 0.034155 seconds 
Number of asset objects unloaded after import = 3
========================================================================
Received Import Request.
  Time since last request: 0.000019 seconds.
  path: Assets/Mod Assets/Environment Sprites Colored/Gold/TileFloatingRightEdge_yellow.png
  artifactKey: Guid(64a8a5bb0573d4187b0b23d2f26e3fef) Importer(815301076,1909f56bfc062723c751e8b465ee728b)
Number of updated assets reloaded before import = 0
Start importing Assets/Mod Assets/Environment Sprites Colored/Gold/TileFloatingRightEdge_yellow.png using Guid(64a8a5bb0573d4187b0b23d2f26e3fef) Importer(815301076,1909f56bfc062723c751e8b465ee728b)  -> (artifact id: '850986265d000c2d426ea29427a5e5b4') in 0.030267 seconds 
Number of asset objects unloaded after import = 3
========================================================================
Received Import Request.
  Time since last request: 0.000018 seconds.
  path: Assets/Mod Assets/Environment Sprites Colored/Magenta/hillside_pink.png
  artifactKey: Guid(8c5960356574a4430bc416af3953f026) Importer(815301076,1909f56bfc062723c751e8b465ee728b)
Number of updated assets reloaded before import = 0
Start importing Assets/Mod Assets/Environment Sprites Colored/Magenta/hillside_pink.png using Guid(8c5960356574a4430bc416af3953f026) Importer(815301076,1909f56bfc062723c751e8b465ee728b)  -> (artifact id: '99741a9811a4f96d46f95ee01ffc1c74') in 0.029921 seconds 
Number of asset objects unloaded after import = 3
========================================================================
Received Import Request.
  Time since last request: 0.000024 seconds.
  path: Assets/Character/kenney_platformer-characters/PNG/Player/Poses/player_walk2.png
  artifactKey: Guid(bf35070a1e3bfd849b2d6f12326b5347) Importer(815301076,1909f56bfc062723c751e8b465ee728b)
Number of updated assets reloaded before import = 0
Start importing Assets/Character/kenney_platformer-characters/PNG/Player/Poses/player_walk2.png using Guid(bf35070a1e3bfd849b2d6f12326b5347) Importer(815301076,1909f56bfc062723c751e8b465ee728b)  -> (artifact id: '6c0fca22322f86683f888f8a2f89a582') in 0.020204 seconds 
Number of asset objects unloaded after import = 3
========================================================================
Received Import Request.
  Time since last request: 0.000034 seconds.
  path: Assets/Character/kenney_platformer-characters/PNG/Zombie/Limbs/arm.png
  artifactKey: Guid(71f0e291e437d604eadac6e1d9f901f5) Importer(815301076,1909f56bfc062723c751e8b465ee728b)
Number of updated assets reloaded before import = 0
Start importing Assets/Character/kenney_platformer-characters/PNG/Zombie/Limbs/arm.png using Guid(71f0e291e437d604eadac6e1d9f901f5) Importer(815301076,1909f56bfc062723c751e8b465ee728b)  -> (artifact id: '2ae47ddf05374c27110cc46021dc3eec') in 0.039806 seconds 
Number of asset objects unloaded after import = 3
========================================================================
Received Import Request.
  Time since last request: 0.000019 seconds.
  path: Assets/Character/kenney_platformer-characters/PNG/Female/Poses/female_climb1.png
  artifactKey: Guid(67bd5de30ab14b7428caa5271f093740) Importer(815301076,1909f56bfc062723c751e8b465ee728b)
Number of updated assets reloaded before import = 0
Start importing Assets/Character/kenney_platformer-characters/PNG/Female/Poses/female_climb1.png using Guid(67bd5de30ab14b7428caa5271f093740) Importer(815301076,1909f56bfc062723c751e8b465ee728b)  -> (artifact id: '4ad1d3f43913a4d14356bc460cf3a32a') in 0.051563 seconds 
Number of asset objects unloaded after import = 3
========================================================================
Received Prepare
Registering precompiled user dll's ...
Registered in 0.002651 seconds.
Begin MonoManager ReloadAssembly
Native extension for WindowsStandalone target not found
Refreshing native plugins compatible for Editor in 0.68 ms, found 3 plugins.
Preloading 0 native plugins for Editor in 0.00 ms.
[Package Manager] Server::EnsureServerProcessIsRunning -- launch failed, reason: Unity was launched with the -noUpm command-line argument
[Package Manager] Cannot connect to Unity Package Manager local server
Mono: successfully reloaded assembly
- Completed reload, in  1.153 seconds
Domain Reload Profiling:
	ReloadAssembly (1153ms)
		BeginReloadAssembly (119ms)
			ExecutionOrderSort (0ms)
			DisableScriptedObjects (3ms)
			BackupInstance (0ms)
			ReleaseScriptingObjects (0ms)
			CreateAndSetChildDomain (39ms)
		EndReloadAssembly (975ms)
			LoadAssemblies (78ms)
			RebuildTransferFunctionScriptingTraits (0ms)
			SetupTypeCache (219ms)
			ReleaseScriptCaches (2ms)
			RebuildScriptCaches (31ms)
			SetupLoadedEditorAssemblies (636ms)
				LogAssemblyErrors (0ms)
				InitializePlatformSupportModulesInManaged (3ms)
				SetLoadedEditorAssemblies (0ms)
				RefreshPlugins (1ms)
				BeforeProcessingInitializeOnLoad (46ms)
				ProcessInitializeOnLoadAttributes (520ms)
				ProcessInitializeOnLoadMethodAttributes (62ms)
				AfterProcessingInitializeOnLoad (3ms)
				EditorAssembliesLoaded (0ms)
			ExecutionOrderSort2 (0ms)
			AwakeInstancesAfterBackupRestoration (6ms)
Platform modules already initialized, skipping
Refreshing native plugins compatible for Editor in 0.87 ms, found 3 plugins.
Preloading 0 native plugins for Editor in 0.00 ms.
Unloading 5125 Unused Serialized files (Serialized files now loaded: 0)
Unloading 30 unused Assets / (0.7 MB). Loaded Objects now: 5780.
Memory consumption went from 204.1 MB to 203.4 MB.
Total: 4.437200 ms (FindLiveObjects: 0.394200 ms CreateObjectMapping: 0.427700 ms MarkObjects: 3.202900 ms  DeleteObjects: 0.411000 ms)

AssetImportParameters requested are different than current active one (requested -> active):
  custom:video-decoder-ogg-theora: a1e56fd34408186e4bbccfd4996cb3dc -> 
  custom:container-muxer-webm: aa71ff27fc2769a1b78a27578f13a17b -> 
  custom:container-demuxer-webm: 4f35f7cbe854078d1ac9338744f61a02 -> 
  custom:video-encoder-webm-vp8: eb34c28f22e8b96e1ab97ce403110664 -> 
  custom:CustomObjectIndexerAttribute: 6b0e35c9178b02a6363f3721b7b8e397 -> 
  custom:audio-encoder-webm-vorbis: bf7c407c2cedff20999df2af8eb42d56 -> 
  custom:framework-win-MediaFoundation: 216162199b28c13a410421893ffa2e32 -> 
  custom:SearchIndexIgnoredProperties: e643bd26f0fe6173181afceb89e7c659 -> 
  custom:container-demuxer-ogg: 62fdf1f143b41e24485cea50d1cbac27 -> 
  custom:video-decoder-webm-vp8: 9c59270c3fd7afecdb556c50c9e8de78 -> 
  custom:audio-decoder-ogg-vorbis: bf7c407c2cedff20999df2af8eb42d56 -> 
========================================================================
Received Import Request.
  Time since last request: 32.675797 seconds.
  path: Packages/com.unity.render-pipelines.universal/Runtime/Materials/ParticlesUnlit.mat
  artifactKey: Guid(e823cd5b5d27c0f4b8256e7c12ee3e6d) Importer(815301076,1909f56bfc062723c751e8b465ee728b)
Number of updated assets reloaded before import = 0
Start importing Packages/com.unity.render-pipelines.universal/Runtime/Materials/ParticlesUnlit.mat using Guid(e823cd5b5d27c0f4b8256e7c12ee3e6d) Importer(815301076,1909f56bfc062723c751e8b465ee728b)  -> (artifact id: 'd4cf29e6a4523f85d117d30ad2ebe4ad') in 0.269094 seconds 
Number of asset objects unloaded after import = 11
========================================================================
Received Import Request.
  Time since last request: 0.000071 seconds.
  path: Packages/com.unity.render-pipelines.universal/Runtime/Materials/SpatialMappingWireframe.mat
  artifactKey: Guid(9875a245ac49007498213638a307faa1) Importer(815301076,1909f56bfc062723c751e8b465ee728b)
Number of updated assets reloaded before import = 0
Start importing Packages/com.unity.render-pipelines.universal/Runtime/Materials/SpatialMappingWireframe.mat using Guid(9875a245ac49007498213638a307faa1) Importer(815301076,1909f56bfc062723c751e8b465ee728b)  -> (artifact id: '58074c0ed529163c82b32cf1be4a9448') in 0.014041 seconds 
Number of asset objects unloaded after import = 2
Editor requested this worker to shutdown with reason: Scaling down because of idle timeout
AssetImportWorker is now disconnected from the server
Process exiting
Exiting without the bug reporter. Application will terminate with return code 0