Using pre-set license
Built from '2021.3/staging' branch; Version is '2021.3.32f1 (3b9dae9532f5) revision 3906990'; Using compiler version '192829333'; Build Type 'Release'
OS: 'Windows 11  (10.0.22631) 64bit Education' Language: 'en' Physical Memory: 16157 MB
BatchMode: 1, IsHumanControllingUs: 0, StartBugReporterOnCrash: 0, Is64bit: 1, IsPro: 1

COMMAND LINE ARGUMENTS:
C:\Program Files\Unity\Hub\Editor\2021.3.32f1\Editor\Unity.exe
-adb2
-batchMode
-noUpm
-name
AssetImportWorker3
-projectPath
D:/Users/Student/Desktop/Nacional
-logFile
Logs/AssetImportWorker3.log
-srvPort
53512
Successfully changed project path to: D:/Users/Student/Desktop/Nacional
D:/Users/Student/Desktop/Nacional
[UnityMemory] Configuration Parameters - Can be set up in boot.config
    "memorysetup-bucket-allocator-granularity=16"
    "memorysetup-bucket-allocator-bucket-count=8"
    "memorysetup-bucket-allocator-block-size=33554432"
    "memorysetup-bucket-allocator-block-count=8"
    "memorysetup-main-allocator-block-size=16777216"
    "memorysetup-thread-allocator-block-size=16777216"
    "memorysetup-gfx-main-allocator-block-size=16777216"
    "memorysetup-gfx-thread-allocator-block-size=16777216"
    "memorysetup-cache-allocator-block-size=4194304"
    "memorysetup-typetree-allocator-block-size=2097152"
    "memorysetup-profiler-bucket-allocator-granularity=16"
    "memorysetup-profiler-bucket-allocator-bucket-count=8"
    "memorysetup-profiler-bucket-allocator-block-size=33554432"
    "memorysetup-profiler-bucket-allocator-block-count=8"
    "memorysetup-profiler-allocator-block-size=16777216"
    "memorysetup-profiler-editor-allocator-block-size=1048576"
    "memorysetup-temp-allocator-size-main=16777216"
    "memorysetup-job-temp-allocator-block-size=2097152"
    "memorysetup-job-temp-allocator-block-size-background=1048576"
    "memorysetup-job-temp-allocator-reduction-small-platforms=262144"
    "memorysetup-temp-allocator-size-background-worker=32768"
    "memorysetup-temp-allocator-size-job-worker=262144"
    "memorysetup-temp-allocator-size-preload-manager=33554432"
    "memorysetup-temp-allocator-size-nav-mesh-worker=65536"
    "memorysetup-temp-allocator-size-audio-worker=65536"
    "memorysetup-temp-allocator-size-cloud-worker=32768"
    "memorysetup-temp-allocator-size-gi-baking-worker=262144"
    "memorysetup-temp-allocator-size-gfx=262144"
Player connection [9784] Host "[IP] 192.168.112.76 [Port] 0 [Flags] 2 [Guid] 2937607382 [EditorId] 2937607382 [Version] 1048832 [Id] WindowsEditor(7,AGILE06) [Debug] 1 [PackageName] WindowsEditor [ProjectName] Editor" joined multi-casting on [225.0.0.222:54997]...

Player connection [9784] Host "[IP] 192.168.112.76 [Port] 0 [Flags] 2 [Guid] 2937607382 [EditorId] 2937607382 [Version] 1048832 [Id] WindowsEditor(7,AGILE06) [Debug] 1 [PackageName] WindowsEditor [ProjectName] Editor" joined alternative multi-casting on [225.0.0.222:34997]...

[Physics::Module] Initialized MultithreadedJobDispatcher with {0} workers.
Refreshing native plugins compatible for Editor in 80.89 ms, found 3 plugins.
Preloading 0 native plugins for Editor in 0.00 ms.
Initialize engine version: 2021.3.32f1 (3b9dae9532f5)
[Subsystems] Discovering subsystems at path C:/Program Files/Unity/Hub/Editor/2021.3.32f1/Editor/Data/Resources/UnitySubsystems
[Subsystems] Discovering subsystems at path D:/Users/Student/Desktop/Nacional/Assets
GfxDevice: creating device client; threaded=0; jobified=0
Direct3D:
    Version:  Direct3D 11.0 [level 11.1]
    Renderer: NVIDIA GeForce RTX 3060 (ID=0x2504)
    Vendor:   NVIDIA
    VRAM:     12142 MB
    Driver:   30.0.15.1215
Initialize mono
Mono path[0] = 'C:/Program Files/Unity/Hub/Editor/2021.3.32f1/Editor/Data/Managed'
Mono path[1] = 'C:/Program Files/Unity/Hub/Editor/2021.3.32f1/Editor/Data/MonoBleedingEdge/lib/mono/unityjit-win32'
Mono config path = 'C:/Program Files/Unity/Hub/Editor/2021.3.32f1/Editor/Data/MonoBleedingEdge/etc'
Using monoOptions --debugger-agent=transport=dt_socket,embedding=1,server=y,suspend=n,address=127.0.0.1:56636
Begin MonoManager ReloadAssembly
Registering precompiled unity dll's ...
Register platform support module: C:/Program Files/Unity/Hub/Editor/2021.3.32f1/Editor/Data/PlaybackEngines/WindowsStandaloneSupport/UnityEditor.WindowsStandalone.Extensions.dll
Registered in 0.002285 seconds.
Native extension for WindowsStandalone target not found
Refreshing native plugins compatible for Editor in 79.33 ms, found 3 plugins.
Preloading 0 native plugins for Editor in 0.00 ms.
Mono: successfully reloaded assembly
- Completed reload, in  0.443 seconds
Domain Reload Profiling:
	ReloadAssembly (443ms)
		BeginReloadAssembly (63ms)
			ExecutionOrderSort (0ms)
			DisableScriptedObjects (0ms)
			BackupInstance (0ms)
			ReleaseScriptingObjects (0ms)
			CreateAndSetChildDomain (0ms)
		EndReloadAssembly (317ms)
			LoadAssemblies (61ms)
			RebuildTransferFunctionScriptingTraits (0ms)
			SetupTypeCache (70ms)
			ReleaseScriptCaches (0ms)
			RebuildScriptCaches (22ms)
			SetupLoadedEditorAssemblies (198ms)
				LogAssemblyErrors (0ms)
				InitializePlatformSupportModulesInManaged (7ms)
				SetLoadedEditorAssemblies (0ms)
				RefreshPlugins (79ms)
				BeforeProcessingInitializeOnLoad (1ms)
				ProcessInitializeOnLoadAttributes (78ms)
				ProcessInitializeOnLoadMethodAttributes (33ms)
				AfterProcessingInitializeOnLoad (0ms)
				EditorAssembliesLoaded (0ms)
			ExecutionOrderSort2 (0ms)
			AwakeInstancesAfterBackupRestoration (0ms)
Platform modules already initialized, skipping
Registering precompiled user dll's ...
Registered in 0.002476 seconds.
Begin MonoManager ReloadAssembly
Native extension for WindowsStandalone target not found
Refreshing native plugins compatible for Editor in 80.96 ms, found 3 plugins.
Preloading 0 native plugins for Editor in 0.00 ms.
Package Manager log level set to [2]
[Package Manager] Server::EnsureServerProcessIsRunning -- launch failed, reason: Unity was launched with the -noUpm command-line argument
[Package Manager] Cannot connect to Unity Package Manager local server
Mono: successfully reloaded assembly
- Completed reload, in  1.203 seconds
Domain Reload Profiling:
	ReloadAssembly (1204ms)
		BeginReloadAssembly (95ms)
			ExecutionOrderSort (0ms)
			DisableScriptedObjects (3ms)
			BackupInstance (0ms)
			ReleaseScriptingObjects (0ms)
			CreateAndSetChildDomain (15ms)
		EndReloadAssembly (1040ms)
			LoadAssemblies (69ms)
			RebuildTransferFunctionScriptingTraits (0ms)
			SetupTypeCache (208ms)
			ReleaseScriptCaches (0ms)
			RebuildScriptCaches (45ms)
			SetupLoadedEditorAssemblies (705ms)
				LogAssemblyErrors (0ms)
				InitializePlatformSupportModulesInManaged (3ms)
				SetLoadedEditorAssemblies (0ms)
				RefreshPlugins (81ms)
				BeforeProcessingInitializeOnLoad (64ms)
				ProcessInitializeOnLoadAttributes (500ms)
				ProcessInitializeOnLoadMethodAttributes (55ms)
				AfterProcessingInitializeOnLoad (3ms)
				EditorAssembliesLoaded (0ms)
			ExecutionOrderSort2 (0ms)
			AwakeInstancesAfterBackupRestoration (4ms)
Platform modules already initialized, skipping
========================================================================
Worker process is ready to serve import requests
Launched and connected shader compiler UnityShaderCompiler.exe after 0.02 seconds
Refreshing native plugins compatible for Editor in 1.02 ms, found 3 plugins.
Preloading 0 native plugins for Editor in 0.00 ms.
Unloading 5262 Unused Serialized files (Serialized files now loaded: 0)
Unloading 47 unused Assets / (0.8 MB). Loaded Objects now: 5707.
Memory consumption went from 209.8 MB to 209.1 MB.
Total: 3.385300 ms (FindLiveObjects: 0.324400 ms CreateObjectMapping: 0.185700 ms MarkObjects: 2.640400 ms  DeleteObjects: 0.233700 ms)

AssetImportParameters requested are different than current active one (requested -> active):
  custom:video-decoder-ogg-theora: a1e56fd34408186e4bbccfd4996cb3dc -> 
  custom:container-muxer-webm: aa71ff27fc2769a1b78a27578f13a17b -> 
  custom:container-demuxer-webm: 4f35f7cbe854078d1ac9338744f61a02 -> 
  custom:video-encoder-webm-vp8: eb34c28f22e8b96e1ab97ce403110664 -> 
  custom:CustomObjectIndexerAttribute: 6b0e35c9178b02a6363f3721b7b8e397 -> 
  custom:audio-encoder-webm-vorbis: bf7c407c2cedff20999df2af8eb42d56 -> 
  custom:framework-win-MediaFoundation: 216162199b28c13a410421893ffa2e32 -> 
  custom:SearchIndexIgnoredProperties: e643bd26f0fe6173181afceb89e7c659 -> 
  custom:container-demuxer-ogg: 62fdf1f143b41e24485cea50d1cbac27 -> 
  custom:video-decoder-webm-vp8: 9c59270c3fd7afecdb556c50c9e8de78 -> 
  custom:audio-decoder-ogg-vorbis: bf7c407c2cedff20999df2af8eb42d56 -> 
========================================================================
Received Import Request.
  Time since last request: 23743.038190 seconds.
  path: Assets/Character/kenney_platformer-characters/PNG/Zombie/Poses/zombie_cheer2.png
  artifactKey: Guid(cf8b4c38156fadb47873466bb55a6578) Importer(815301076,1909f56bfc062723c751e8b465ee728b)
Number of updated assets reloaded before import = 0
Start importing Assets/Character/kenney_platformer-characters/PNG/Zombie/Poses/zombie_cheer2.png using Guid(cf8b4c38156fadb47873466bb55a6578) Importer(815301076,1909f56bfc062723c751e8b465ee728b)  -> (artifact id: 'c5eaab46601c004349a5c6ea8283736b') in 0.112182 seconds 
Number of asset objects unloaded after import = 3
========================================================================
Received Import Request.
  Time since last request: 0.000024 seconds.
  path: Assets/Character/kenney_platformer-characters/PNG/Zombie/Poses/zombie_stand.png
  artifactKey: Guid(7af544cb272ab5b458b503ce62c658df) Importer(815301076,1909f56bfc062723c751e8b465ee728b)
Number of updated assets reloaded before import = 0
Start importing Assets/Character/kenney_platformer-characters/PNG/Zombie/Poses/zombie_stand.png using Guid(7af544cb272ab5b458b503ce62c658df) Importer(815301076,1909f56bfc062723c751e8b465ee728b)  -> (artifact id: '3b5ee16bed545dd06001e47ae99c3023') in 0.022000 seconds 
Number of asset objects unloaded after import = 3
========================================================================
Received Import Request.
  Time since last request: 0.000026 seconds.
  path: Assets/Character/kenney_platformer-characters/PNG/Zombie/Poses/zombie_walk1.png
  artifactKey: Guid(b49bc29dcb3f57a4aac13c23f41749ad) Importer(815301076,1909f56bfc062723c751e8b465ee728b)
Number of updated assets reloaded before import = 0
Start importing Assets/Character/kenney_platformer-characters/PNG/Zombie/Poses/zombie_walk1.png using Guid(b49bc29dcb3f57a4aac13c23f41749ad) Importer(815301076,1909f56bfc062723c751e8b465ee728b)  -> (artifact id: '6e189ab9805f989ee032301b6fac4a95') in 0.025162 seconds 
Number of asset objects unloaded after import = 3
========================================================================
Received Import Request.
  Time since last request: 0.706806 seconds.
  path: Assets/Mod Assets/Environment Sprites Colored/Gold/tree_yellow.png
  artifactKey: Guid(4f84e26e1d9ee4aa4ba25466ad58f920) Importer(815301076,1909f56bfc062723c751e8b465ee728b)
Number of updated assets reloaded before import = 0
Start importing Assets/Mod Assets/Environment Sprites Colored/Gold/tree_yellow.png using Guid(4f84e26e1d9ee4aa4ba25466ad58f920) Importer(815301076,1909f56bfc062723c751e8b465ee728b)  -> (artifact id: '74713a24ede4ad16318a8cfeace52c57') in 0.044754 seconds 
Number of asset objects unloaded after import = 3
========================================================================
Received Import Request.
  Time since last request: 0.000012 seconds.
  path: Assets/Mod Assets/Environment Sprites Colored/Brown/TileFloatingRightEdge_red.png
  artifactKey: Guid(87091fe565c594eb189a1b1b23436b5f) Importer(815301076,1909f56bfc062723c751e8b465ee728b)
Number of updated assets reloaded before import = 0
Start importing Assets/Mod Assets/Environment Sprites Colored/Brown/TileFloatingRightEdge_red.png using Guid(87091fe565c594eb189a1b1b23436b5f) Importer(815301076,1909f56bfc062723c751e8b465ee728b)  -> (artifact id: '52411770de3b990836dbb1b567690666') in 0.031238 seconds 
Number of asset objects unloaded after import = 3
========================================================================
Received Import Request.
  Time since last request: 0.000018 seconds.
  path: Assets/Character/kenney_platformer-characters/PNG/Player/Poses/player_walk1.png
  artifactKey: Guid(646b41818751bd145932f8d661caa650) Importer(815301076,1909f56bfc062723c751e8b465ee728b)
Number of updated assets reloaded before import = 0
Start importing Assets/Character/kenney_platformer-characters/PNG/Player/Poses/player_walk1.png using Guid(646b41818751bd145932f8d661caa650) Importer(815301076,1909f56bfc062723c751e8b465ee728b)  -> (artifact id: 'b5e21ce4df1aa509563bac421ad73cd1') in 0.035280 seconds 
Number of asset objects unloaded after import = 3
========================================================================
Received Import Request.
  Time since last request: 0.000020 seconds.
  path: Assets/Character/kenney_platformer-characters/PNG/Player/Poses/player_fall.png
  artifactKey: Guid(b84cd8da3102ab241856f8d41e13e8ce) Importer(815301076,1909f56bfc062723c751e8b465ee728b)
Number of updated assets reloaded before import = 0
Start importing Assets/Character/kenney_platformer-characters/PNG/Player/Poses/player_fall.png using Guid(b84cd8da3102ab241856f8d41e13e8ce) Importer(815301076,1909f56bfc062723c751e8b465ee728b)  -> (artifact id: '1acaf0e3477c50d924198e7f4d817b7c') in 0.034475 seconds 
Number of asset objects unloaded after import = 3
========================================================================
Received Import Request.
  Time since last request: 0.000023 seconds.
  path: Assets/Mod Assets/Environment Sprites Colored/Green/TileFloatingMiddle_green.png
  artifactKey: Guid(db0fa8e4c01154551a282e88763f44b6) Importer(815301076,1909f56bfc062723c751e8b465ee728b)
Number of updated assets reloaded before import = 0
Start importing Assets/Mod Assets/Environment Sprites Colored/Green/TileFloatingMiddle_green.png using Guid(db0fa8e4c01154551a282e88763f44b6) Importer(815301076,1909f56bfc062723c751e8b465ee728b)  -> (artifact id: '5d615a7f35dd91037a4f87a30e99a29c') in 0.032925 seconds 
Number of asset objects unloaded after import = 3
========================================================================
Received Import Request.
  Time since last request: 0.000014 seconds.
  path: Assets/Character/kenney_platformer-characters/PNG/Adventurer/Limbs/head_focus.png
  artifactKey: Guid(56984004e6c211540ae335ea1a379587) Importer(815301076,1909f56bfc062723c751e8b465ee728b)
Number of updated assets reloaded before import = 0
Start importing Assets/Character/kenney_platformer-characters/PNG/Adventurer/Limbs/head_focus.png using Guid(56984004e6c211540ae335ea1a379587) Importer(815301076,1909f56bfc062723c751e8b465ee728b)  -> (artifact id: '6b6bbc824f433834a4d80e2dc931869c') in 0.025234 seconds 
Number of asset objects unloaded after import = 3
========================================================================
Received Import Request.
  Time since last request: 0.000021 seconds.
  path: Assets/Mod Assets/Environment Sprites Colored/Green/TileFloatingRightEdge_green.png
  artifactKey: Guid(8ded66bcee16c446b96f2d4c8977c3be) Importer(815301076,1909f56bfc062723c751e8b465ee728b)
Number of updated assets reloaded before import = 0
Start importing Assets/Mod Assets/Environment Sprites Colored/Green/TileFloatingRightEdge_green.png using Guid(8ded66bcee16c446b96f2d4c8977c3be) Importer(815301076,1909f56bfc062723c751e8b465ee728b)  -> (artifact id: '6813384d6abd49de9094adf6543812c2') in 0.030138 seconds 
Number of asset objects unloaded after import = 3
========================================================================
Received Import Request.
  Time since last request: 0.000020 seconds.
  path: Assets/Mod Assets/Environment Sprites Colored/Gold/TileGround_yellow.png
  artifactKey: Guid(a756bb41a63604503aabac85828cfb9a) Importer(815301076,1909f56bfc062723c751e8b465ee728b)
Number of updated assets reloaded before import = 0
Start importing Assets/Mod Assets/Environment Sprites Colored/Gold/TileGround_yellow.png using Guid(a756bb41a63604503aabac85828cfb9a) Importer(815301076,1909f56bfc062723c751e8b465ee728b)  -> (artifact id: 'daf2c06515019cc8856bf31da98786e2') in 0.044734 seconds 
Number of asset objects unloaded after import = 3
========================================================================
Received Import Request.
  Time since last request: 0.000014 seconds.
  path: Assets/Mod Assets/Environment Sprites Colored/Magenta/TileGroundDark_pink.png
  artifactKey: Guid(bfcc93ae431214a5c8c5d2dd11d3885a) Importer(815301076,1909f56bfc062723c751e8b465ee728b)
Number of updated assets reloaded before import = 0
Start importing Assets/Mod Assets/Environment Sprites Colored/Magenta/TileGroundDark_pink.png using Guid(bfcc93ae431214a5c8c5d2dd11d3885a) Importer(815301076,1909f56bfc062723c751e8b465ee728b)  -> (artifact id: '424d6b3e717c020235de61b297105cfc') in 0.024867 seconds 
Number of asset objects unloaded after import = 3
========================================================================
Received Import Request.
  Time since last request: 0.000011 seconds.
  path: Assets/Character/kenney_platformer-characters/PNG/Soldier/Poses/soldier_hurt.png
  artifactKey: Guid(37ed6348b7f2a0a4eb8a2244d32d7264) Importer(815301076,1909f56bfc062723c751e8b465ee728b)
Number of updated assets reloaded before import = 0
Start importing Assets/Character/kenney_platformer-characters/PNG/Soldier/Poses/soldier_hurt.png using Guid(37ed6348b7f2a0a4eb8a2244d32d7264) Importer(815301076,1909f56bfc062723c751e8b465ee728b)  -> (artifact id: '093a7e1d9a6ea8d07be9b5e1008499cf') in 0.018288 seconds 
Number of asset objects unloaded after import = 3
========================================================================
Received Import Request.
  Time since last request: 0.000022 seconds.
  path: Assets/Mod Assets/Environment Sprites Colored/Brown/MidgroundFiller_brown.png
  artifactKey: Guid(3e7c0350ec679444abe5b018ccdc5019) Importer(815301076,1909f56bfc062723c751e8b465ee728b)
Number of updated assets reloaded before import = 0
Start importing Assets/Mod Assets/Environment Sprites Colored/Brown/MidgroundFiller_brown.png using Guid(3e7c0350ec679444abe5b018ccdc5019) Importer(815301076,1909f56bfc062723c751e8b465ee728b)  -> (artifact id: '3eb56050db6c5902e59645cd7dccd63c') in 0.034181 seconds 
Number of asset objects unloaded after import = 3
========================================================================
Received Import Request.
  Time since last request: 0.000026 seconds.
  path: Assets/Character/kenney_platformer-characters/PNG/Female/Poses/female_cheer2.png
  artifactKey: Guid(5b6b1a1f6f6513244bc5f8931c12e875) Importer(815301076,1909f56bfc062723c751e8b465ee728b)
Number of updated assets reloaded before import = 0
Start importing Assets/Character/kenney_platformer-characters/PNG/Female/Poses/female_cheer2.png using Guid(5b6b1a1f6f6513244bc5f8931c12e875) Importer(815301076,1909f56bfc062723c751e8b465ee728b)  -> (artifact id: 'e9e6fda836fc0c9706c9adf0dbb9b9f7') in 0.021123 seconds 
Number of asset objects unloaded after import = 3
========================================================================
Received Import Request.
  Time since last request: 0.000019 seconds.
  path: Assets/Mod Assets/Environment Sprites Colored/Gold/cloud_yellow.png
  artifactKey: Guid(2dd0df57bd14741b5a32f78ba307976a) Importer(815301076,1909f56bfc062723c751e8b465ee728b)
Number of updated assets reloaded before import = 0
Start importing Assets/Mod Assets/Environment Sprites Colored/Gold/cloud_yellow.png using Guid(2dd0df57bd14741b5a32f78ba307976a) Importer(815301076,1909f56bfc062723c751e8b465ee728b)  -> (artifact id: 'c6da6e96c5d4b9c1e22dc82d1f86dbd3') in 0.022718 seconds 
Number of asset objects unloaded after import = 3
========================================================================
Received Import Request.
  Time since last request: 0.000021 seconds.
  path: Assets/Character/kenney_platformer-characters/PNG/Female/Poses/female_stand.png
  artifactKey: Guid(5865b789fe2731d4f953acad440a6f2b) Importer(815301076,1909f56bfc062723c751e8b465ee728b)
Number of updated assets reloaded before import = 0
Start importing Assets/Character/kenney_platformer-characters/PNG/Female/Poses/female_stand.png using Guid(5865b789fe2731d4f953acad440a6f2b) Importer(815301076,1909f56bfc062723c751e8b465ee728b)  -> (artifact id: '1d2134fa0cd860d02872508fdceaad4d') in 0.022509 seconds 
Number of asset objects unloaded after import = 3
========================================================================
Received Import Request.
  Time since last request: 0.000015 seconds.
  path: Assets/Character/kenney_platformer-characters/PNG/Soldier/Limbs/body_front.png
  artifactKey: Guid(94e5caf6de1612548a844e9622dfd860) Importer(815301076,1909f56bfc062723c751e8b465ee728b)
Number of updated assets reloaded before import = 0
Start importing Assets/Character/kenney_platformer-characters/PNG/Soldier/Limbs/body_front.png using Guid(94e5caf6de1612548a844e9622dfd860) Importer(815301076,1909f56bfc062723c751e8b465ee728b)  -> (artifact id: '434216ae8b2b8db1bb099c5bd1b4a150') in 0.023762 seconds 
Number of asset objects unloaded after import = 3
========================================================================
Received Import Request.
  Time since last request: 0.000015 seconds.
  path: Assets/Mod Assets/Mod Resources/Textures/billboard_2D_wide_mask.png
  artifactKey: Guid(d88311d2ea92740ed9e0274f02825ccf) Importer(815301076,1909f56bfc062723c751e8b465ee728b)
Number of updated assets reloaded before import = 0
Start importing Assets/Mod Assets/Mod Resources/Textures/billboard_2D_wide_mask.png using Guid(d88311d2ea92740ed9e0274f02825ccf) Importer(815301076,1909f56bfc062723c751e8b465ee728b)  -> (artifact id: '283ba0979a99e3b585b794436db95c70') in 0.027120 seconds 
Number of asset objects unloaded after import = 3
========================================================================
Received Import Request.
  Time since last request: 0.000021 seconds.
  path: Assets/Mod Assets/Mod Resources/Sprites/Props/Asteroid.png
  artifactKey: Guid(2c770ab2ac73b5a4abec3a9d6b016e44) Importer(815301076,1909f56bfc062723c751e8b465ee728b)
Number of updated assets reloaded before import = 0
Start importing Assets/Mod Assets/Mod Resources/Sprites/Props/Asteroid.png using Guid(2c770ab2ac73b5a4abec3a9d6b016e44) Importer(815301076,1909f56bfc062723c751e8b465ee728b)  -> (artifact id: 'e248ae4a6ead09672018758f3234e6ef') in 0.026825 seconds 
Number of asset objects unloaded after import = 3
========================================================================
Received Import Request.
  Time since last request: 0.000018 seconds.
  path: Assets/Character/kenney_platformer-characters/PNG/Player/Poses/player_swim1.png
  artifactKey: Guid(00e28223368c9824c87d9aaafc051d5d) Importer(815301076,1909f56bfc062723c751e8b465ee728b)
Number of updated assets reloaded before import = 0
Start importing Assets/Character/kenney_platformer-characters/PNG/Player/Poses/player_swim1.png using Guid(00e28223368c9824c87d9aaafc051d5d) Importer(815301076,1909f56bfc062723c751e8b465ee728b)  -> (artifact id: '1b8a3fe6f78bf9ed378e3990d7fdbf79') in 0.023149 seconds 
Number of asset objects unloaded after import = 3
========================================================================
Received Import Request.
  Time since last request: 0.000014 seconds.
  path: Assets/Mod Assets/Environment Sprites Colored/Brown/midground_brown.png
  artifactKey: Guid(be24990b5509a4523ada538f9679ac39) Importer(815301076,1909f56bfc062723c751e8b465ee728b)
Number of updated assets reloaded before import = 0
Start importing Assets/Mod Assets/Environment Sprites Colored/Brown/midground_brown.png using Guid(be24990b5509a4523ada538f9679ac39) Importer(815301076,1909f56bfc062723c751e8b465ee728b)  -> (artifact id: '465ed869b70de35631a783d0771dd659') in 0.041517 seconds 
Number of asset objects unloaded after import = 3
========================================================================
Received Import Request.
  Time since last request: 0.000016 seconds.
  path: Assets/Mod Assets/Environment Sprites Colored/Magenta/MidgroundFiller_pink.png
  artifactKey: Guid(0aa71243a17f64fe3b5744d333d15e1c) Importer(815301076,1909f56bfc062723c751e8b465ee728b)
Number of updated assets reloaded before import = 0
Start importing Assets/Mod Assets/Environment Sprites Colored/Magenta/MidgroundFiller_pink.png using Guid(0aa71243a17f64fe3b5744d333d15e1c) Importer(815301076,1909f56bfc062723c751e8b465ee728b)  -> (artifact id: '9c3fc7a353c307ba537c6b4e16c07dbd') in 0.022342 seconds 
Number of asset objects unloaded after import = 3
========================================================================
Received Import Request.
  Time since last request: 0.000025 seconds.
  path: Assets/Mod Assets/Environment Sprites Colored/Teal/TileFloatingLeftEdge_teal.png
  artifactKey: Guid(ebcf99eef57b647cab7bae3c23621429) Importer(815301076,1909f56bfc062723c751e8b465ee728b)
Number of updated assets reloaded before import = 0
Start importing Assets/Mod Assets/Environment Sprites Colored/Teal/TileFloatingLeftEdge_teal.png using Guid(ebcf99eef57b647cab7bae3c23621429) Importer(815301076,1909f56bfc062723c751e8b465ee728b)  -> (artifact id: 'f57a98cb6861668bfb21b547ffb06120') in 0.016592 seconds 
Number of asset objects unloaded after import = 3
========================================================================
Received Import Request.
  Time since last request: 0.000014 seconds.
  path: Assets/Character/kenney_platformer-characters/PNG/Player/Limbs/arm.png
  artifactKey: Guid(4b07cfe157572f6409eded30fbc56c6b) Importer(815301076,1909f56bfc062723c751e8b465ee728b)
Number of updated assets reloaded before import = 0
Start importing Assets/Character/kenney_platformer-characters/PNG/Player/Limbs/arm.png using Guid(4b07cfe157572f6409eded30fbc56c6b) Importer(815301076,1909f56bfc062723c751e8b465ee728b)  -> (artifact id: '848ff92822330256f02c6c03bde48a18') in 0.026294 seconds 
Number of asset objects unloaded after import = 3
========================================================================
Received Import Request.
  Time since last request: 0.000015 seconds.
  path: Assets/Character/kenney_platformer-characters/PNG/Adventurer/Poses/adventurer_walk1.png
  artifactKey: Guid(5acea4c277f329a498ce1a6b7c84ace0) Importer(815301076,1909f56bfc062723c751e8b465ee728b)
Number of updated assets reloaded before import = 0
Start importing Assets/Character/kenney_platformer-characters/PNG/Adventurer/Poses/adventurer_walk1.png using Guid(5acea4c277f329a498ce1a6b7c84ace0) Importer(815301076,1909f56bfc062723c751e8b465ee728b)  -> (artifact id: '77a2fb4d70c496cc3a538bbdac4e8d7f') in 0.025730 seconds 
Number of asset objects unloaded after import = 3
========================================================================
Received Import Request.
  Time since last request: 0.000013 seconds.
  path: Assets/Character/kenney_platformer-characters/PNG/Adventurer/Poses/adventurer_kick.png
  artifactKey: Guid(925286b2b82c199499c6535a9aa42afe) Importer(815301076,1909f56bfc062723c751e8b465ee728b)
Number of updated assets reloaded before import = 0
Start importing Assets/Character/kenney_platformer-characters/PNG/Adventurer/Poses/adventurer_kick.png using Guid(925286b2b82c199499c6535a9aa42afe) Importer(815301076,1909f56bfc062723c751e8b465ee728b)  -> (artifact id: '15d63218c88bd65302025b133d1cf0df') in 0.025483 seconds 
Number of asset objects unloaded after import = 3
========================================================================
Received Import Request.
  Time since last request: 0.000015 seconds.
  path: Assets/Character/kenney_platformer-characters/PNG/Adventurer/Poses/adventurer_cheer2.png
  artifactKey: Guid(7370f92f58d8f1342b54f37d42586018) Importer(815301076,1909f56bfc062723c751e8b465ee728b)
Number of updated assets reloaded before import = 0
Start importing Assets/Character/kenney_platformer-characters/PNG/Adventurer/Poses/adventurer_cheer2.png using Guid(7370f92f58d8f1342b54f37d42586018) Importer(815301076,1909f56bfc062723c751e8b465ee728b)  -> (artifact id: 'bd0d0df95a74aa58ea35c256110c9de4') in 0.025961 seconds 
Number of asset objects unloaded after import = 3
========================================================================
Received Import Request.
  Time since last request: 0.000013 seconds.
  path: Assets/Character/kenney_platformer-characters/PNG/Adventurer/Poses/adventurer_back.png
  artifactKey: Guid(e3d0569394b5a49498981b0d94b655da) Importer(815301076,1909f56bfc062723c751e8b465ee728b)
Number of updated assets reloaded before import = 0
Start importing Assets/Character/kenney_platformer-characters/PNG/Adventurer/Poses/adventurer_back.png using Guid(e3d0569394b5a49498981b0d94b655da) Importer(815301076,1909f56bfc062723c751e8b465ee728b)  -> (artifact id: '3564fea9d7f6d3905f76e915b75cbb31') in 0.024956 seconds 
Number of asset objects unloaded after import = 3
========================================================================
Received Import Request.
  Time since last request: 0.000016 seconds.
  path: Assets/Mod Assets/Mod Resources/Textures/billboard_2D_tall.png
  artifactKey: Guid(50b2c32ff3de94988a61633cb19060de) Importer(815301076,1909f56bfc062723c751e8b465ee728b)
Number of updated assets reloaded before import = 0
Start importing Assets/Mod Assets/Mod Resources/Textures/billboard_2D_tall.png using Guid(50b2c32ff3de94988a61633cb19060de) Importer(815301076,1909f56bfc062723c751e8b465ee728b)  -> (artifact id: 'b53610e9267016603b4102ec4dd35bbd') in 0.032039 seconds 
Number of asset objects unloaded after import = 3
========================================================================
Received Import Request.
  Time since last request: 0.000017 seconds.
  path: Assets/Mod Assets/Environment Sprites Colored/Teal/TallBuilding_teal.png
  artifactKey: Guid(cfbc4e56d638b4182bf75efff83d0626) Importer(815301076,1909f56bfc062723c751e8b465ee728b)
Number of updated assets reloaded before import = 0
Start importing Assets/Mod Assets/Environment Sprites Colored/Teal/TallBuilding_teal.png using Guid(cfbc4e56d638b4182bf75efff83d0626) Importer(815301076,1909f56bfc062723c751e8b465ee728b)  -> (artifact id: '464b53822655e3b3eb6757a82177b183') in 0.057056 seconds 
Number of asset objects unloaded after import = 3
========================================================================
Received Import Request.
  Time since last request: 0.000023 seconds.
  path: Assets/Environment/Tiles/TileGroundTop.png
  artifactKey: Guid(db5ae4c60c2264eb88d32cdb06e1f858) Importer(815301076,1909f56bfc062723c751e8b465ee728b)
Number of updated assets reloaded before import = 0
Start importing Assets/Environment/Tiles/TileGroundTop.png using Guid(db5ae4c60c2264eb88d32cdb06e1f858) Importer(815301076,1909f56bfc062723c751e8b465ee728b)  -> (artifact id: '7a8928b463b9fa3e6ca2f338709ec948') in 0.021064 seconds 
Number of asset objects unloaded after import = 3
========================================================================
Received Import Request.
  Time since last request: 0.000016 seconds.
  path: Assets/Character/kenney_platformer-characters/PNG/Player/Poses/player_duck.png
  artifactKey: Guid(9c48ab73ddea2d5429080705bafde8ee) Importer(815301076,1909f56bfc062723c751e8b465ee728b)
Number of updated assets reloaded before import = 0
Start importing Assets/Character/kenney_platformer-characters/PNG/Player/Poses/player_duck.png using Guid(9c48ab73ddea2d5429080705bafde8ee) Importer(815301076,1909f56bfc062723c751e8b465ee728b)  -> (artifact id: '7a7d30378ab517b9a7366623997cac1b') in 0.020647 seconds 
Number of asset objects unloaded after import = 3
========================================================================
Received Import Request.
  Time since last request: 0.000019 seconds.
  path: Assets/Mod Assets/Mod Resources/Textures/billboard_2D_basic_mask.png
  artifactKey: Guid(ddff50e8139db4a99976adb5f40c79f0) Importer(815301076,1909f56bfc062723c751e8b465ee728b)
Number of updated assets reloaded before import = 0
Start importing Assets/Mod Assets/Mod Resources/Textures/billboard_2D_basic_mask.png using Guid(ddff50e8139db4a99976adb5f40c79f0) Importer(815301076,1909f56bfc062723c751e8b465ee728b)  -> (artifact id: '894653814eac0ab7e8bb19221dfd316e') in 0.030665 seconds 
Number of asset objects unloaded after import = 3
========================================================================
Received Import Request.
  Time since last request: 0.000018 seconds.
  path: Assets/Character/kenney_platformer-characters/PNG/Player/Poses/player_hang.png
  artifactKey: Guid(7dc7488661e0cf24fae07e41f83b89bf) Importer(815301076,1909f56bfc062723c751e8b465ee728b)
Number of updated assets reloaded before import = 0
Start importing Assets/Character/kenney_platformer-characters/PNG/Player/Poses/player_hang.png using Guid(7dc7488661e0cf24fae07e41f83b89bf) Importer(815301076,1909f56bfc062723c751e8b465ee728b)  -> (artifact id: 'b19ae0c376e0258f8d32e3d318f62de1') in 0.027683 seconds 
Number of asset objects unloaded after import = 3
========================================================================
Received Import Request.
  Time since last request: 0.000016 seconds.
  path: Assets/Character/kenney_platformer-characters/PNG/Adventurer/adventurer_tilesheet.png
  artifactKey: Guid(b802c0a505f8ed84881188f687095d95) Importer(815301076,1909f56bfc062723c751e8b465ee728b)
Number of updated assets reloaded before import = 0
Start importing Assets/Character/kenney_platformer-characters/PNG/Adventurer/adventurer_tilesheet.png using Guid(b802c0a505f8ed84881188f687095d95) Importer(815301076,1909f56bfc062723c751e8b465ee728b)  -> (artifact id: '47b6c7acbc1c3ea1b474cc6ccb26560c') in 0.035641 seconds 
Number of asset objects unloaded after import = 3
========================================================================
Received Import Request.
  Time since last request: 0.000012 seconds.
  path: Assets/Mod Assets/Environment Sprites Colored/Magenta/midground_pink.png
  artifactKey: Guid(500ceab6ebad1476e865a3738ca391dd) Importer(815301076,1909f56bfc062723c751e8b465ee728b)
Number of updated assets reloaded before import = 0
Start importing Assets/Mod Assets/Environment Sprites Colored/Magenta/midground_pink.png using Guid(500ceab6ebad1476e865a3738ca391dd) Importer(815301076,1909f56bfc062723c751e8b465ee728b)  -> (artifact id: '56a586e8eb2eda569703a67905b388d2') in 0.038052 seconds 
Number of asset objects unloaded after import = 3
========================================================================
Received Import Request.
  Time since last request: 0.000016 seconds.
  path: Assets/Character/kenney_platformer-characters/PNG/Soldier/soldier_tilesheet.png
  artifactKey: Guid(590fb19417b777e4c878c76ff1c8310d) Importer(815301076,1909f56bfc062723c751e8b465ee728b)
Number of updated assets reloaded before import = 0
Start importing Assets/Character/kenney_platformer-characters/PNG/Soldier/soldier_tilesheet.png using Guid(590fb19417b777e4c878c76ff1c8310d) Importer(815301076,1909f56bfc062723c751e8b465ee728b)  -> (artifact id: 'fd8388ba328de171762342989b673e1c') in 0.069852 seconds 
Number of asset objects unloaded after import = 3
========================================================================
Received Prepare
Registering precompiled user dll's ...
Registered in 0.002252 seconds.
Begin MonoManager ReloadAssembly
Native extension for WindowsStandalone target not found
Refreshing native plugins compatible for Editor in 0.65 ms, found 3 plugins.
Preloading 0 native plugins for Editor in 0.00 ms.
[Package Manager] Server::EnsureServerProcessIsRunning -- launch failed, reason: Unity was launched with the -noUpm command-line argument
[Package Manager] Cannot connect to Unity Package Manager local server
Mono: successfully reloaded assembly
- Completed reload, in  1.137 seconds
Domain Reload Profiling:
	ReloadAssembly (1138ms)
		BeginReloadAssembly (118ms)
			ExecutionOrderSort (0ms)
			DisableScriptedObjects (2ms)
			BackupInstance (0ms)
			ReleaseScriptingObjects (0ms)
			CreateAndSetChildDomain (38ms)
		EndReloadAssembly (961ms)
			LoadAssemblies (80ms)
			RebuildTransferFunctionScriptingTraits (0ms)
			SetupTypeCache (202ms)
			ReleaseScriptCaches (2ms)
			RebuildScriptCaches (38ms)
			SetupLoadedEditorAssemblies (633ms)
				LogAssemblyErrors (0ms)
				InitializePlatformSupportModulesInManaged (3ms)
				SetLoadedEditorAssemblies (0ms)
				RefreshPlugins (1ms)
				BeforeProcessingInitializeOnLoad (47ms)
				ProcessInitializeOnLoadAttributes (512ms)
				ProcessInitializeOnLoadMethodAttributes (66ms)
				AfterProcessingInitializeOnLoad (4ms)
				EditorAssembliesLoaded (0ms)
			ExecutionOrderSort2 (0ms)
			AwakeInstancesAfterBackupRestoration (6ms)
Platform modules already initialized, skipping
Refreshing native plugins compatible for Editor in 1.10 ms, found 3 plugins.
Preloading 0 native plugins for Editor in 0.00 ms.
Unloading 5125 Unused Serialized files (Serialized files now loaded: 0)
Unloading 30 unused Assets / (0.8 MB). Loaded Objects now: 5764.
Memory consumption went from 203.9 MB to 203.1 MB.
Total: 3.379800 ms (FindLiveObjects: 0.453400 ms CreateObjectMapping: 0.280600 ms MarkObjects: 2.358800 ms  DeleteObjects: 0.286400 ms)

AssetImportParameters requested are different than current active one (requested -> active):
  custom:video-decoder-ogg-theora: a1e56fd34408186e4bbccfd4996cb3dc -> 
  custom:container-muxer-webm: aa71ff27fc2769a1b78a27578f13a17b -> 
  custom:container-demuxer-webm: 4f35f7cbe854078d1ac9338744f61a02 -> 
  custom:video-encoder-webm-vp8: eb34c28f22e8b96e1ab97ce403110664 -> 
  custom:CustomObjectIndexerAttribute: 6b0e35c9178b02a6363f3721b7b8e397 -> 
  custom:audio-encoder-webm-vorbis: bf7c407c2cedff20999df2af8eb42d56 -> 
  custom:framework-win-MediaFoundation: 216162199b28c13a410421893ffa2e32 -> 
  custom:SearchIndexIgnoredProperties: e643bd26f0fe6173181afceb89e7c659 -> 
  custom:container-demuxer-ogg: 62fdf1f143b41e24485cea50d1cbac27 -> 
  custom:video-decoder-webm-vp8: 9c59270c3fd7afecdb556c50c9e8de78 -> 
  custom:audio-decoder-ogg-vorbis: bf7c407c2cedff20999df2af8eb42d56 -> 
========================================================================
Received Import Request.
  Time since last request: 32.683391 seconds.
  path: Packages/com.unity.render-pipelines.universal/Runtime/Materials/SpatialMappingOcclusion.mat
  artifactKey: Guid(b51db210fe78df745a372851b3db949e) Importer(815301076,1909f56bfc062723c751e8b465ee728b)
Number of updated assets reloaded before import = 0
Start importing Packages/com.unity.render-pipelines.universal/Runtime/Materials/SpatialMappingOcclusion.mat using Guid(b51db210fe78df745a372851b3db949e) Importer(815301076,1909f56bfc062723c751e8b465ee728b)  -> (artifact id: '5003b98f6cfcbfda50d07ccb4f4688f3') in 0.213013 seconds 
Number of asset objects unloaded after import = 12
========================================================================
Received Import Request.
  Time since last request: 0.000046 seconds.
  path: Packages/com.unity.render-pipelines.universal/Runtime/Materials/TerrainLit.mat
  artifactKey: Guid(594ea882c5a793440b60ff72d896021e) Importer(815301076,1909f56bfc062723c751e8b465ee728b)
Number of updated assets reloaded before import = 0
Start importing Packages/com.unity.render-pipelines.universal/Runtime/Materials/TerrainLit.mat using Guid(594ea882c5a793440b60ff72d896021e) Importer(815301076,1909f56bfc062723c751e8b465ee728b)  -> (artifact id: '7a496b0552be15618c793a61db761ab2') in 0.785312 seconds 
Number of asset objects unloaded after import = 4
========================================================================
Received Prepare
Registering precompiled user dll's ...
Registered in 0.002462 seconds.
Begin MonoManager ReloadAssembly
Native extension for WindowsStandalone target not found
Refreshing native plugins compatible for Editor in 0.64 ms, found 3 plugins.
Preloading 0 native plugins for Editor in 0.00 ms.
[Package Manager] Server::EnsureServerProcessIsRunning -- launch failed, reason: Unity was launched with the -noUpm command-line argument
[Package Manager] Cannot connect to Unity Package Manager local server
Mono: successfully reloaded assembly
- Completed reload, in  1.105 seconds
Domain Reload Profiling:
	ReloadAssembly (1106ms)
		BeginReloadAssembly (111ms)
			ExecutionOrderSort (0ms)
			DisableScriptedObjects (5ms)
			BackupInstance (0ms)
			ReleaseScriptingObjects (0ms)
			CreateAndSetChildDomain (39ms)
		EndReloadAssembly (939ms)
			LoadAssemblies (62ms)
			RebuildTransferFunctionScriptingTraits (0ms)
			SetupTypeCache (184ms)
			ReleaseScriptCaches (2ms)
			RebuildScriptCaches (34ms)
			SetupLoadedEditorAssemblies (627ms)
				LogAssemblyErrors (0ms)
				InitializePlatformSupportModulesInManaged (3ms)
				SetLoadedEditorAssemblies (0ms)
				RefreshPlugins (1ms)
				BeforeProcessingInitializeOnLoad (45ms)
				ProcessInitializeOnLoadAttributes (518ms)
				ProcessInitializeOnLoadMethodAttributes (56ms)
				AfterProcessingInitializeOnLoad (3ms)
				EditorAssembliesLoaded (0ms)
			ExecutionOrderSort2 (0ms)
			AwakeInstancesAfterBackupRestoration (9ms)
Platform modules already initialized, skipping
Refreshing native plugins compatible for Editor in 1.10 ms, found 3 plugins.
Preloading 0 native plugins for Editor in 0.00 ms.
Unloading 5130 Unused Serialized files (Serialized files now loaded: 0)
Unloading 45 unused Assets / (377.8 KB). Loaded Objects now: 5871.
Memory consumption went from 209.3 MB to 209.0 MB.
Total: 3.381200 ms (FindLiveObjects: 0.369500 ms CreateObjectMapping: 0.308300 ms MarkObjects: 2.598200 ms  DeleteObjects: 0.104000 ms)

AssetImportParameters requested are different than current active one (requested -> active):
  custom:video-decoder-ogg-theora: a1e56fd34408186e4bbccfd4996cb3dc -> 
  custom:container-muxer-webm: aa71ff27fc2769a1b78a27578f13a17b -> 
  custom:container-demuxer-webm: 4f35f7cbe854078d1ac9338744f61a02 -> 
  custom:video-encoder-webm-vp8: eb34c28f22e8b96e1ab97ce403110664 -> 
  custom:CustomObjectIndexerAttribute: 6b0e35c9178b02a6363f3721b7b8e397 -> 
  custom:audio-encoder-webm-vorbis: bf7c407c2cedff20999df2af8eb42d56 -> 
  custom:framework-win-MediaFoundation: 216162199b28c13a410421893ffa2e32 -> 
  custom:SearchIndexIgnoredProperties: e643bd26f0fe6173181afceb89e7c659 -> 
  custom:container-demuxer-ogg: 62fdf1f143b41e24485cea50d1cbac27 -> 
  custom:video-decoder-webm-vp8: 9c59270c3fd7afecdb556c50c9e8de78 -> 
  custom:audio-decoder-ogg-vorbis: bf7c407c2cedff20999df2af8eb42d56 -> 
========================================================================
Received Prepare
Registering precompiled user dll's ...
Registered in 0.002318 seconds.
Begin MonoManager ReloadAssembly
Native extension for WindowsStandalone target not found
Refreshing native plugins compatible for Editor in 0.69 ms, found 3 plugins.
Preloading 0 native plugins for Editor in 0.00 ms.
[Package Manager] Server::EnsureServerProcessIsRunning -- launch failed, reason: Unity was launched with the -noUpm command-line argument
[Package Manager] Cannot connect to Unity Package Manager local server
Mono: successfully reloaded assembly
- Completed reload, in  1.076 seconds
Domain Reload Profiling:
	ReloadAssembly (1077ms)
		BeginReloadAssembly (100ms)
			ExecutionOrderSort (0ms)
			DisableScriptedObjects (3ms)
			BackupInstance (0ms)
			ReleaseScriptingObjects (0ms)
			CreateAndSetChildDomain (28ms)
		EndReloadAssembly (924ms)
			LoadAssemblies (65ms)
			RebuildTransferFunctionScriptingTraits (0ms)
			SetupTypeCache (187ms)
			ReleaseScriptCaches (2ms)
			RebuildScriptCaches (32ms)
			SetupLoadedEditorAssemblies (613ms)
				LogAssemblyErrors (0ms)
				InitializePlatformSupportModulesInManaged (3ms)
				SetLoadedEditorAssemblies (0ms)
				RefreshPlugins (1ms)
				BeforeProcessingInitializeOnLoad (46ms)
				ProcessInitializeOnLoadAttributes (504ms)
				ProcessInitializeOnLoadMethodAttributes (54ms)
				AfterProcessingInitializeOnLoad (4ms)
				EditorAssembliesLoaded (0ms)
			ExecutionOrderSort2 (0ms)
			AwakeInstancesAfterBackupRestoration (10ms)
Platform modules already initialized, skipping
Refreshing native plugins compatible for Editor in 1.09 ms, found 3 plugins.
Preloading 0 native plugins for Editor in 0.00 ms.
Unloading 5121 Unused Serialized files (Serialized files now loaded: 0)
Unloading 27 unused Assets / (378.0 KB). Loaded Objects now: 5886.
Memory consumption went from 208.4 MB to 208.0 MB.
Total: 4.431100 ms (FindLiveObjects: 1.046000 ms CreateObjectMapping: 0.325400 ms MarkObjects: 2.972000 ms  DeleteObjects: 0.086200 ms)

AssetImportParameters requested are different than current active one (requested -> active):
  custom:video-decoder-ogg-theora: a1e56fd34408186e4bbccfd4996cb3dc -> 
  custom:container-muxer-webm: aa71ff27fc2769a1b78a27578f13a17b -> 
  custom:container-demuxer-webm: 4f35f7cbe854078d1ac9338744f61a02 -> 
  custom:video-encoder-webm-vp8: eb34c28f22e8b96e1ab97ce403110664 -> 
  custom:CustomObjectIndexerAttribute: 6b0e35c9178b02a6363f3721b7b8e397 -> 
  custom:audio-encoder-webm-vorbis: bf7c407c2cedff20999df2af8eb42d56 -> 
  custom:framework-win-MediaFoundation: 216162199b28c13a410421893ffa2e32 -> 
  custom:SearchIndexIgnoredProperties: e643bd26f0fe6173181afceb89e7c659 -> 
  custom:container-demuxer-ogg: 62fdf1f143b41e24485cea50d1cbac27 -> 
  custom:video-decoder-webm-vp8: 9c59270c3fd7afecdb556c50c9e8de78 -> 
  custom:audio-decoder-ogg-vorbis: bf7c407c2cedff20999df2af8eb42d56 -> 
========================================================================
Received Import Request.
  Time since last request: 162.482879 seconds.
  path: Assets/Mod Assets/Environment Sprites Colored/Gold/MidgroundFiller_yellow.png
  artifactKey: Guid(9f045422c06564ca2b167e3b6c363f9b) Importer(815301076,1909f56bfc062723c751e8b465ee728b)
Number of updated assets reloaded before import = 0
Start importing Assets/Mod Assets/Environment Sprites Colored/Gold/MidgroundFiller_yellow.png using Guid(9f045422c06564ca2b167e3b6c363f9b) Importer(815301076,1909f56bfc062723c751e8b465ee728b)  -> (artifact id: '5019ecf5846cbf76e01fb36227d2cc75') in 0.065299 seconds 
Number of asset objects unloaded after import = 3
========================================================================
Received Import Request.
  Time since last request: 0.000021 seconds.
  path: Assets/Mod Assets/Environment Sprites Colored/Teal/mountains_teal.png
  artifactKey: Guid(f3f3344c27ca54650871a22124869d7b) Importer(815301076,1909f56bfc062723c751e8b465ee728b)
Number of updated assets reloaded before import = 0
Start importing Assets/Mod Assets/Environment Sprites Colored/Teal/mountains_teal.png using Guid(f3f3344c27ca54650871a22124869d7b) Importer(815301076,1909f56bfc062723c751e8b465ee728b)  -> (artifact id: '2c1c3f1faa4d36e15e8e3e23e485342b') in 0.054511 seconds 
Number of asset objects unloaded after import = 3
========================================================================
Received Import Request.
  Time since last request: 0.000014 seconds.
  path: Assets/Mod Assets/Environment Sprites Colored/Green/mountains_green.png
  artifactKey: Guid(d0d187e7e72af4f43bde3b1883bb7225) Importer(815301076,1909f56bfc062723c751e8b465ee728b)
Number of updated assets reloaded before import = 0
Start importing Assets/Mod Assets/Environment Sprites Colored/Green/mountains_green.png using Guid(d0d187e7e72af4f43bde3b1883bb7225) Importer(815301076,1909f56bfc062723c751e8b465ee728b)  -> (artifact id: '01455cbfe184a3e314fcbe1faf078254') in 0.046919 seconds 
Number of asset objects unloaded after import = 3
========================================================================
Received Import Request.
  Time since last request: 0.000018 seconds.
  path: Assets/Environment/Sprites/mountains.png
  artifactKey: Guid(ae15cd3a7745ebf48a7b644b11834130) Importer(815301076,1909f56bfc062723c751e8b465ee728b)
Number of updated assets reloaded before import = 0
Start importing Assets/Environment/Sprites/mountains.png using Guid(ae15cd3a7745ebf48a7b644b11834130) Importer(815301076,1909f56bfc062723c751e8b465ee728b)  -> (artifact id: '16bf94bf6ea3f77c7f9ab5aeea54e7c9') in 0.047868 seconds 
Number of asset objects unloaded after import = 3
Editor requested this worker to shutdown with reason: Scaling down because of idle timeout
AssetImportWorker is now disconnected from the server
Process exiting
Exiting without the bug reporter. Application will terminate with return code 0