Using pre-set license
Built from '2021.3/staging' branch; Version is '2021.3.32f1 (3b9dae9532f5) revision 3906990'; Using compiler version '192829333'; Build Type 'Release'
OS: 'Windows 11  (10.0.22631) 64bit Education' Language: 'en' Physical Memory: 16157 MB
BatchMode: 1, IsHumanControllingUs: 0, StartBugReporterOnCrash: 0, Is64bit: 1, IsPro: 1

COMMAND LINE ARGUMENTS:
C:\Program Files\Unity\Hub\Editor\2021.3.32f1\Editor\Unity.exe
-adb2
-batchMode
-noUpm
-name
AssetImportWorker1
-projectPath
D:/Users/Student/Desktop/Nacional
-logFile
Logs/AssetImportWorker1.log
-srvPort
53512
Successfully changed project path to: D:/Users/Student/Desktop/Nacional
D:/Users/Student/Desktop/Nacional
[UnityMemory] Configuration Parameters - Can be set up in boot.config
    "memorysetup-bucket-allocator-granularity=16"
    "memorysetup-bucket-allocator-bucket-count=8"
    "memorysetup-bucket-allocator-block-size=33554432"
    "memorysetup-bucket-allocator-block-count=8"
    "memorysetup-main-allocator-block-size=16777216"
    "memorysetup-thread-allocator-block-size=16777216"
    "memorysetup-gfx-main-allocator-block-size=16777216"
    "memorysetup-gfx-thread-allocator-block-size=16777216"
    "memorysetup-cache-allocator-block-size=4194304"
    "memorysetup-typetree-allocator-block-size=2097152"
    "memorysetup-profiler-bucket-allocator-granularity=16"
    "memorysetup-profiler-bucket-allocator-bucket-count=8"
    "memorysetup-profiler-bucket-allocator-block-size=33554432"
    "memorysetup-profiler-bucket-allocator-block-count=8"
    "memorysetup-profiler-allocator-block-size=16777216"
    "memorysetup-profiler-editor-allocator-block-size=1048576"
    "memorysetup-temp-allocator-size-main=16777216"
    "memorysetup-job-temp-allocator-block-size=2097152"
    "memorysetup-job-temp-allocator-block-size-background=1048576"
    "memorysetup-job-temp-allocator-reduction-small-platforms=262144"
    "memorysetup-temp-allocator-size-background-worker=32768"
    "memorysetup-temp-allocator-size-job-worker=262144"
    "memorysetup-temp-allocator-size-preload-manager=33554432"
    "memorysetup-temp-allocator-size-nav-mesh-worker=65536"
    "memorysetup-temp-allocator-size-audio-worker=65536"
    "memorysetup-temp-allocator-size-cloud-worker=32768"
    "memorysetup-temp-allocator-size-gi-baking-worker=262144"
    "memorysetup-temp-allocator-size-gfx=262144"
Player connection [428] Host "[IP] 192.168.112.76 [Port] 0 [Flags] 2 [Guid] 138931557 [EditorId] 138931557 [Version] 1048832 [Id] WindowsEditor(7,AGILE06) [Debug] 1 [PackageName] WindowsEditor [ProjectName] Editor" joined multi-casting on [225.0.0.222:54997]...

Player connection [428] Host "[IP] 192.168.112.76 [Port] 0 [Flags] 2 [Guid] 138931557 [EditorId] 138931557 [Version] 1048832 [Id] WindowsEditor(7,AGILE06) [Debug] 1 [PackageName] WindowsEditor [ProjectName] Editor" joined alternative multi-casting on [225.0.0.222:34997]...

[Physics::Module] Initialized MultithreadedJobDispatcher with {0} workers.
Refreshing native plugins compatible for Editor in 66.58 ms, found 3 plugins.
Preloading 0 native plugins for Editor in 0.00 ms.
Initialize engine version: 2021.3.32f1 (3b9dae9532f5)
[Subsystems] Discovering subsystems at path C:/Program Files/Unity/Hub/Editor/2021.3.32f1/Editor/Data/Resources/UnitySubsystems
[Subsystems] Discovering subsystems at path D:/Users/Student/Desktop/Nacional/Assets
GfxDevice: creating device client; threaded=0; jobified=0
Direct3D:
    Version:  Direct3D 11.0 [level 11.1]
    Renderer: NVIDIA GeForce RTX 3060 (ID=0x2504)
    Vendor:   NVIDIA
    VRAM:     12142 MB
    Driver:   30.0.15.1215
Initialize mono
Mono path[0] = 'C:/Program Files/Unity/Hub/Editor/2021.3.32f1/Editor/Data/Managed'
Mono path[1] = 'C:/Program Files/Unity/Hub/Editor/2021.3.32f1/Editor/Data/MonoBleedingEdge/lib/mono/unityjit-win32'
Mono config path = 'C:/Program Files/Unity/Hub/Editor/2021.3.32f1/Editor/Data/MonoBleedingEdge/etc'
Using monoOptions --debugger-agent=transport=dt_socket,embedding=1,server=y,suspend=n,address=127.0.0.1:56980
Begin MonoManager ReloadAssembly
Registering precompiled unity dll's ...
Register platform support module: C:/Program Files/Unity/Hub/Editor/2021.3.32f1/Editor/Data/PlaybackEngines/WindowsStandaloneSupport/UnityEditor.WindowsStandalone.Extensions.dll
Registered in 0.002369 seconds.
Native extension for WindowsStandalone target not found
Refreshing native plugins compatible for Editor in 68.33 ms, found 3 plugins.
Preloading 0 native plugins for Editor in 0.00 ms.
Mono: successfully reloaded assembly
- Completed reload, in  0.395 seconds
Domain Reload Profiling:
	ReloadAssembly (395ms)
		BeginReloadAssembly (58ms)
			ExecutionOrderSort (0ms)
			DisableScriptedObjects (0ms)
			BackupInstance (0ms)
			ReleaseScriptingObjects (0ms)
			CreateAndSetChildDomain (0ms)
		EndReloadAssembly (280ms)
			LoadAssemblies (57ms)
			RebuildTransferFunctionScriptingTraits (0ms)
			SetupTypeCache (70ms)
			ReleaseScriptCaches (0ms)
			RebuildScriptCaches (16ms)
			SetupLoadedEditorAssemblies (169ms)
				LogAssemblyErrors (0ms)
				InitializePlatformSupportModulesInManaged (5ms)
				SetLoadedEditorAssemblies (0ms)
				RefreshPlugins (68ms)
				BeforeProcessingInitializeOnLoad (1ms)
				ProcessInitializeOnLoadAttributes (68ms)
				ProcessInitializeOnLoadMethodAttributes (27ms)
				AfterProcessingInitializeOnLoad (0ms)
				EditorAssembliesLoaded (0ms)
			ExecutionOrderSort2 (0ms)
			AwakeInstancesAfterBackupRestoration (0ms)
Platform modules already initialized, skipping
Registering precompiled user dll's ...
Registered in 0.002303 seconds.
Begin MonoManager ReloadAssembly
Native extension for WindowsStandalone target not found
Refreshing native plugins compatible for Editor in 68.43 ms, found 3 plugins.
Preloading 0 native plugins for Editor in 0.00 ms.
Package Manager log level set to [2]
[Package Manager] Server::EnsureServerProcessIsRunning -- launch failed, reason: Unity was launched with the -noUpm command-line argument
[Package Manager] Cannot connect to Unity Package Manager local server
Mono: successfully reloaded assembly
- Completed reload, in  1.162 seconds
Domain Reload Profiling:
	ReloadAssembly (1163ms)
		BeginReloadAssembly (108ms)
			ExecutionOrderSort (0ms)
			DisableScriptedObjects (7ms)
			BackupInstance (0ms)
			ReleaseScriptingObjects (0ms)
			CreateAndSetChildDomain (18ms)
		EndReloadAssembly (993ms)
			LoadAssemblies (79ms)
			RebuildTransferFunctionScriptingTraits (0ms)
			SetupTypeCache (200ms)
			ReleaseScriptCaches (1ms)
			RebuildScriptCaches (43ms)
			SetupLoadedEditorAssemblies (676ms)
				LogAssemblyErrors (0ms)
				InitializePlatformSupportModulesInManaged (3ms)
				SetLoadedEditorAssemblies (0ms)
				RefreshPlugins (68ms)
				BeforeProcessingInitializeOnLoad (61ms)
				ProcessInitializeOnLoadAttributes (495ms)
				ProcessInitializeOnLoadMethodAttributes (46ms)
				AfterProcessingInitializeOnLoad (3ms)
				EditorAssembliesLoaded (0ms)
			ExecutionOrderSort2 (0ms)
			AwakeInstancesAfterBackupRestoration (3ms)
Platform modules already initialized, skipping
========================================================================
Worker process is ready to serve import requests
Launched and connected shader compiler UnityShaderCompiler.exe after 0.03 seconds
Refreshing native plugins compatible for Editor in 0.56 ms, found 3 plugins.
Preloading 0 native plugins for Editor in 0.00 ms.
Unloading 5262 Unused Serialized files (Serialized files now loaded: 0)
Unloading 47 unused Assets / (0.8 MB). Loaded Objects now: 5707.
Memory consumption went from 209.8 MB to 209.1 MB.
Total: 2.449500 ms (FindLiveObjects: 0.259400 ms CreateObjectMapping: 0.158600 ms MarkObjects: 1.824600 ms  DeleteObjects: 0.206200 ms)

AssetImportParameters requested are different than current active one (requested -> active):
  custom:video-decoder-ogg-theora: a1e56fd34408186e4bbccfd4996cb3dc -> 
  custom:container-muxer-webm: aa71ff27fc2769a1b78a27578f13a17b -> 
  custom:container-demuxer-webm: 4f35f7cbe854078d1ac9338744f61a02 -> 
  custom:video-encoder-webm-vp8: eb34c28f22e8b96e1ab97ce403110664 -> 
  custom:audio-encoder-webm-vorbis: bf7c407c2cedff20999df2af8eb42d56 -> 
  custom:framework-win-MediaFoundation: 216162199b28c13a410421893ffa2e32 -> 
  custom:container-demuxer-ogg: 62fdf1f143b41e24485cea50d1cbac27 -> 
  custom:video-decoder-webm-vp8: 9c59270c3fd7afecdb556c50c9e8de78 -> 
  custom:audio-decoder-ogg-vorbis: bf7c407c2cedff20999df2af8eb42d56 -> 
========================================================================
Received Import Request.
  Time since last request: 23686.308826 seconds.
  path: Assets/UniversalRenderPipelineGlobalSettings.asset
  artifactKey: Guid(bff77cef94c4f6445bd2dd50cefca70f) Importer(815301076,1909f56bfc062723c751e8b465ee728b)
Number of updated assets reloaded before import = 0
Start importing Assets/UniversalRenderPipelineGlobalSettings.asset using Guid(bff77cef94c4f6445bd2dd50cefca70f) Importer(815301076,1909f56bfc062723c751e8b465ee728b)  -> (artifact id: '9b310475ce5187f71b032474721ed930') in 0.028256 seconds 
Number of asset objects unloaded after import = 1
========================================================================
Received Prepare
Refreshing native plugins compatible for Editor in 2.09 ms, found 3 plugins.
Preloading 0 native plugins for Editor in 0.00 ms.
Unloading 28 Unused Serialized files (Serialized files now loaded: 0)
Unloading 28 unused Assets / (0.8 MB). Loaded Objects now: 5708.
Memory consumption went from 96.8 MB to 96.1 MB.
Total: 2.713100 ms (FindLiveObjects: 0.352600 ms CreateObjectMapping: 0.177800 ms MarkObjects: 1.974400 ms  DeleteObjects: 0.206900 ms)

AssetImportParameters requested are different than current active one (requested -> active):
  custom:video-decoder-ogg-theora: a1e56fd34408186e4bbccfd4996cb3dc -> 
  custom:container-muxer-webm: aa71ff27fc2769a1b78a27578f13a17b -> 
  custom:container-demuxer-webm: 4f35f7cbe854078d1ac9338744f61a02 -> 
  custom:video-encoder-webm-vp8: eb34c28f22e8b96e1ab97ce403110664 -> 
  custom:CustomObjectIndexerAttribute: 6b0e35c9178b02a6363f3721b7b8e397 -> 
  custom:audio-encoder-webm-vorbis: bf7c407c2cedff20999df2af8eb42d56 -> 
  custom:framework-win-MediaFoundation: 216162199b28c13a410421893ffa2e32 -> 
  custom:SearchIndexIgnoredProperties: e643bd26f0fe6173181afceb89e7c659 -> 
  custom:container-demuxer-ogg: 62fdf1f143b41e24485cea50d1cbac27 -> 
  custom:video-decoder-webm-vp8: 9c59270c3fd7afecdb556c50c9e8de78 -> 
  custom:audio-decoder-ogg-vorbis: bf7c407c2cedff20999df2af8eb42d56 -> 
========================================================================
Received Import Request.
  Time since last request: 48.929239 seconds.
  path: Assets/Character/Sprites/EnemyHurt.png
  artifactKey: Guid(93c828a03eeb34779a4373e83c7e1bcc) Importer(815301076,1909f56bfc062723c751e8b465ee728b)
Number of updated assets reloaded before import = 0
Start importing Assets/Character/Sprites/EnemyHurt.png using Guid(93c828a03eeb34779a4373e83c7e1bcc) Importer(815301076,1909f56bfc062723c751e8b465ee728b)  -> (artifact id: '1175c44934f3a65ef21541497d855de1') in 0.110534 seconds 
Number of asset objects unloaded after import = 11
========================================================================
Received Import Request.
  Time since last request: 0.000025 seconds.
  path: Assets/Character/Sprites/PlayerLand.png
  artifactKey: Guid(e0d1e122a29a24ec19a2b23782952411) Importer(815301076,1909f56bfc062723c751e8b465ee728b)
Number of updated assets reloaded before import = 0
Start importing Assets/Character/Sprites/PlayerLand.png using Guid(e0d1e122a29a24ec19a2b23782952411) Importer(815301076,1909f56bfc062723c751e8b465ee728b)  -> (artifact id: 'd2be3760c04138f01644541eb2e9f539') in 0.034411 seconds 
Number of asset objects unloaded after import = 7
========================================================================
Received Import Request.
  Time since last request: 0.000023 seconds.
  path: Assets/Character/Sprites/PlayerSpawn.png
  artifactKey: Guid(1a4bd6d8b694c4f65869fe4d44a0198b) Importer(815301076,1909f56bfc062723c751e8b465ee728b)
Number of updated assets reloaded before import = 0
Start importing Assets/Character/Sprites/PlayerSpawn.png using Guid(1a4bd6d8b694c4f65869fe4d44a0198b) Importer(815301076,1909f56bfc062723c751e8b465ee728b)  -> (artifact id: '4a3c4d9192615c6b20c4622f9b96052f') in 0.053717 seconds 
Number of asset objects unloaded after import = 22
========================================================================
Received Import Request.
  Time since last request: 0.000017 seconds.
  path: Assets/Character/Sprites/EnemyIdle.png
  artifactKey: Guid(fe68c6e1242e94a9eab222e1f49440ff) Importer(815301076,1909f56bfc062723c751e8b465ee728b)
Number of updated assets reloaded before import = 0
Start importing Assets/Character/Sprites/EnemyIdle.png using Guid(fe68c6e1242e94a9eab222e1f49440ff) Importer(815301076,1909f56bfc062723c751e8b465ee728b)  -> (artifact id: '4dac32df7358a8b81ffb94efdf115e05') in 0.106490 seconds 
Number of asset objects unloaded after import = 50
========================================================================
Received Import Request.
  Time since last request: 0.000014 seconds.
  path: Assets/Character/Sprites/PlayerJump.png
  artifactKey: Guid(f43044f34a0b7424eb5deb0c04ff27c7) Importer(815301076,1909f56bfc062723c751e8b465ee728b)
Number of updated assets reloaded before import = 0
Start importing Assets/Character/Sprites/PlayerJump.png using Guid(f43044f34a0b7424eb5deb0c04ff27c7) Importer(815301076,1909f56bfc062723c751e8b465ee728b)  -> (artifact id: 'de383e4087fdc646ffe06b3f45936abb') in 0.096338 seconds 
Number of asset objects unloaded after import = 51
========================================================================
Received Import Request.
  Time since last request: 0.000017 seconds.
  path: Assets/Character/Sprites/TokenCollected.png
  artifactKey: Guid(d7f3ba40c95624407a79329e1af8b953) Importer(815301076,1909f56bfc062723c751e8b465ee728b)
Number of updated assets reloaded before import = 0
Start importing Assets/Character/Sprites/TokenCollected.png using Guid(d7f3ba40c95624407a79329e1af8b953) Importer(815301076,1909f56bfc062723c751e8b465ee728b)  -> (artifact id: '14835ecf5e3d47d5621b048b5a377576') in 0.025911 seconds 
Number of asset objects unloaded after import = 11
========================================================================
Received Import Request.
  Time since last request: 0.000036 seconds.
  path: Assets/Character/Sprites/PlayerDeath.png
  artifactKey: Guid(75b38086a902846edbae786183b0274d) Importer(815301076,1909f56bfc062723c751e8b465ee728b)
Number of updated assets reloaded before import = 0
Start importing Assets/Character/Sprites/PlayerDeath.png using Guid(75b38086a902846edbae786183b0274d) Importer(815301076,1909f56bfc062723c751e8b465ee728b)  -> (artifact id: 'c1ab4199431a196077e3da7300fd85e2') in 0.036938 seconds 
Number of asset objects unloaded after import = 18
========================================================================
Received Import Request.
  Time since last request: 7.224943 seconds.
  path: Assets/Character/kenney_platformer-characters/PNG/Zombie/Poses/zombie_action2.png
  artifactKey: Guid(ddc61e1ec718022479c308702fd2883a) Importer(815301076,1909f56bfc062723c751e8b465ee728b)
Number of updated assets reloaded before import = 0
Start importing Assets/Character/kenney_platformer-characters/PNG/Zombie/Poses/zombie_action2.png using Guid(ddc61e1ec718022479c308702fd2883a) Importer(815301076,1909f56bfc062723c751e8b465ee728b)  -> (artifact id: '555591e9671ac34ebec5080550fcf52c') in 0.019745 seconds 
Number of asset objects unloaded after import = 3
========================================================================
Received Import Request.
  Time since last request: 0.017774 seconds.
  path: Assets/Character/kenney_platformer-characters/PNG/Zombie/Poses/zombie_cheer1.png
  artifactKey: Guid(d9ed38ffad31d644ca49f45c1602b165) Importer(815301076,1909f56bfc062723c751e8b465ee728b)
Number of updated assets reloaded before import = 0
Start importing Assets/Character/kenney_platformer-characters/PNG/Zombie/Poses/zombie_cheer1.png using Guid(d9ed38ffad31d644ca49f45c1602b165) Importer(815301076,1909f56bfc062723c751e8b465ee728b)  -> (artifact id: '55453478cb79ae4097beaebc22a58bcb') in 0.023171 seconds 
Number of asset objects unloaded after import = 3
========================================================================
Received Import Request.
  Time since last request: 0.000019 seconds.
  path: Assets/Character/kenney_platformer-characters/PNG/Zombie/Poses/zombie_hold2.png
  artifactKey: Guid(2853f668efba473479489a7efa6ff78f) Importer(815301076,1909f56bfc062723c751e8b465ee728b)
Number of updated assets reloaded before import = 0
Start importing Assets/Character/kenney_platformer-characters/PNG/Zombie/Poses/zombie_hold2.png using Guid(2853f668efba473479489a7efa6ff78f) Importer(815301076,1909f56bfc062723c751e8b465ee728b)  -> (artifact id: '6194b62ff41f9eac804c65a85ef1377f') in 0.025915 seconds 
Number of asset objects unloaded after import = 3
========================================================================
Received Import Request.
  Time since last request: 0.000036 seconds.
  path: Assets/Character/kenney_platformer-characters/PNG/Zombie/Poses/zombie_jump.png
  artifactKey: Guid(0e60a24f2ea17e749aeb137886c2bdef) Importer(815301076,1909f56bfc062723c751e8b465ee728b)
Number of updated assets reloaded before import = 0
Start importing Assets/Character/kenney_platformer-characters/PNG/Zombie/Poses/zombie_jump.png using Guid(0e60a24f2ea17e749aeb137886c2bdef) Importer(815301076,1909f56bfc062723c751e8b465ee728b)  -> (artifact id: 'ac72acdda30289264bfc1327181fb6cc') in 0.017176 seconds 
Number of asset objects unloaded after import = 3
========================================================================
Received Import Request.
  Time since last request: 0.000023 seconds.
  path: Assets/Character/kenney_platformer-characters/PNG/Zombie/Poses/zombie_swim2.png
  artifactKey: Guid(bc9e2df9d14126d4b94b61418a27a24c) Importer(815301076,1909f56bfc062723c751e8b465ee728b)
Number of updated assets reloaded before import = 0
Start importing Assets/Character/kenney_platformer-characters/PNG/Zombie/Poses/zombie_swim2.png using Guid(bc9e2df9d14126d4b94b61418a27a24c) Importer(815301076,1909f56bfc062723c751e8b465ee728b)  -> (artifact id: 'bc74f3bcd2428178eb7c85692f0fe29b') in 0.022467 seconds 
Number of asset objects unloaded after import = 3
========================================================================
Received Import Request.
  Time since last request: 0.000026 seconds.
  path: Assets/Character/kenney_platformer-characters/PNG/Zombie/Poses/zombie_hurt.png
  artifactKey: Guid(0de4a9bc8a88b3943a6d79990ceb9158) Importer(815301076,1909f56bfc062723c751e8b465ee728b)
Number of updated assets reloaded before import = 0
Start importing Assets/Character/kenney_platformer-characters/PNG/Zombie/Poses/zombie_hurt.png using Guid(0de4a9bc8a88b3943a6d79990ceb9158) Importer(815301076,1909f56bfc062723c751e8b465ee728b)  -> (artifact id: '62f6b46ce8c67b7d09e90e8a87bc62ac') in 0.023489 seconds 
Number of asset objects unloaded after import = 3
========================================================================
Received Import Request.
  Time since last request: 0.000016 seconds.
  path: Assets/Character/kenney_platformer-characters/PNG/Zombie/Poses/zombie_talk.png
  artifactKey: Guid(c57eb27fed2bd3343a8d13f6c200e907) Importer(815301076,1909f56bfc062723c751e8b465ee728b)
Number of updated assets reloaded before import = 0
Start importing Assets/Character/kenney_platformer-characters/PNG/Zombie/Poses/zombie_talk.png using Guid(c57eb27fed2bd3343a8d13f6c200e907) Importer(815301076,1909f56bfc062723c751e8b465ee728b)  -> (artifact id: 'cfa394f38d9beaad45ea521e8c4d489d') in 0.021726 seconds 
Number of asset objects unloaded after import = 3
========================================================================
Received Import Request.
  Time since last request: 0.000019 seconds.
  path: Assets/Character/kenney_platformer-characters/PNG/Zombie/Poses/zombie_climb1.png
  artifactKey: Guid(616dea9634c06c442a9dcd4ef6b5e70d) Importer(815301076,1909f56bfc062723c751e8b465ee728b)
Number of updated assets reloaded before import = 0
Start importing Assets/Character/kenney_platformer-characters/PNG/Zombie/Poses/zombie_climb1.png using Guid(616dea9634c06c442a9dcd4ef6b5e70d) Importer(815301076,1909f56bfc062723c751e8b465ee728b)  -> (artifact id: '86194b63814a8c0e4306afb72a84f8ec') in 0.015415 seconds 
Number of asset objects unloaded after import = 3
========================================================================
Received Import Request.
  Time since last request: 0.693226 seconds.
  path: Assets/Mod Assets/Environment Sprites Colored/Teal/tree_teal.png
  artifactKey: Guid(47e413d869daf4e09a226c81ce7ff0a4) Importer(815301076,1909f56bfc062723c751e8b465ee728b)
Number of updated assets reloaded before import = 0
Start importing Assets/Mod Assets/Environment Sprites Colored/Teal/tree_teal.png using Guid(47e413d869daf4e09a226c81ce7ff0a4) Importer(815301076,1909f56bfc062723c751e8b465ee728b)  -> (artifact id: '2a2d944f3d40360ea96b636cd00a1faf') in 0.045017 seconds 
Number of asset objects unloaded after import = 3
========================================================================
Received Import Request.
  Time since last request: 0.000015 seconds.
  path: Assets/Mod Assets/Environment Sprites Colored/Teal/TileGroundDark_teal.png
  artifactKey: Guid(36b0d948198a542d3bf1dceeae828a04) Importer(815301076,1909f56bfc062723c751e8b465ee728b)
Number of updated assets reloaded before import = 0
Start importing Assets/Mod Assets/Environment Sprites Colored/Teal/TileGroundDark_teal.png using Guid(36b0d948198a542d3bf1dceeae828a04) Importer(815301076,1909f56bfc062723c751e8b465ee728b)  -> (artifact id: '5607b1d3bfec634e7bd5473667ff34e5') in 0.031499 seconds 
Number of asset objects unloaded after import = 3
========================================================================
Received Import Request.
  Time since last request: 0.000028 seconds.
  path: Assets/Character/kenney_platformer-characters/PNG/Soldier/Poses/soldier_hold1.png
  artifactKey: Guid(7aeccb72926c3e84496823c4815348b1) Importer(815301076,1909f56bfc062723c751e8b465ee728b)
Number of updated assets reloaded before import = 0
Start importing Assets/Character/kenney_platformer-characters/PNG/Soldier/Poses/soldier_hold1.png using Guid(7aeccb72926c3e84496823c4815348b1) Importer(815301076,1909f56bfc062723c751e8b465ee728b)  -> (artifact id: '1f091d32c48e80976e510eb2d67ab9d5') in 0.026880 seconds 
Number of asset objects unloaded after import = 3
========================================================================
Received Import Request.
  Time since last request: 0.000014 seconds.
  path: Assets/Character/kenney_platformer-characters/PNG/Player/Poses/player_hold1.png
  artifactKey: Guid(ede17141d16a1544aaca2e8a4cf9ccf4) Importer(815301076,1909f56bfc062723c751e8b465ee728b)
Number of updated assets reloaded before import = 0
Start importing Assets/Character/kenney_platformer-characters/PNG/Player/Poses/player_hold1.png using Guid(ede17141d16a1544aaca2e8a4cf9ccf4) Importer(815301076,1909f56bfc062723c751e8b465ee728b)  -> (artifact id: 'fb25c9b4983964424d3350f0566bea97') in 0.014864 seconds 
Number of asset objects unloaded after import = 3
========================================================================
Received Import Request.
  Time since last request: 0.000022 seconds.
  path: Assets/Mod Assets/Environment Sprites Colored/Teal/TileFloatingMiddle_teal.png
  artifactKey: Guid(b4fbc017ca0be49b286db50941bc957d) Importer(815301076,1909f56bfc062723c751e8b465ee728b)
Number of updated assets reloaded before import = 0
Start importing Assets/Mod Assets/Environment Sprites Colored/Teal/TileFloatingMiddle_teal.png using Guid(b4fbc017ca0be49b286db50941bc957d) Importer(815301076,1909f56bfc062723c751e8b465ee728b)  -> (artifact id: 'd48bceabaeff8f284634bbdeaa6180bc') in 0.024075 seconds 
Number of asset objects unloaded after import = 3
========================================================================
Received Import Request.
  Time since last request: 0.000020 seconds.
  path: Assets/Character/kenney_platformer-characters/PNG/Player/Poses/player_hurt.png
  artifactKey: Guid(8c846a3b2d60924459f979df002f8988) Importer(815301076,1909f56bfc062723c751e8b465ee728b)
Number of updated assets reloaded before import = 0
Start importing Assets/Character/kenney_platformer-characters/PNG/Player/Poses/player_hurt.png using Guid(8c846a3b2d60924459f979df002f8988) Importer(815301076,1909f56bfc062723c751e8b465ee728b)  -> (artifact id: '1c8e965b45a082b357681a37100ce383') in 0.028894 seconds 
Number of asset objects unloaded after import = 3
========================================================================
Received Import Request.
  Time since last request: 0.000017 seconds.
  path: Assets/Mod Assets/Environment Sprites Colored/Teal/TileFloatingRightEdge_teal.png
  artifactKey: Guid(b7a3bf119b6f843cfa9f599c7abfba91) Importer(815301076,1909f56bfc062723c751e8b465ee728b)
Number of updated assets reloaded before import = 0
Start importing Assets/Mod Assets/Environment Sprites Colored/Teal/TileFloatingRightEdge_teal.png using Guid(b7a3bf119b6f843cfa9f599c7abfba91) Importer(815301076,1909f56bfc062723c751e8b465ee728b)  -> (artifact id: '7e7b590dd49e95dd06f360826825ce94') in 0.027231 seconds 
Number of asset objects unloaded after import = 3
========================================================================
Received Import Request.
  Time since last request: 0.000015 seconds.
  path: Assets/Character/kenney_platformer-characters/Preview.png
  artifactKey: Guid(92ad5d2bb465d5749b47497aef7fc0b5) Importer(815301076,1909f56bfc062723c751e8b465ee728b)
Number of updated assets reloaded before import = 0
Start importing Assets/Character/kenney_platformer-characters/Preview.png using Guid(92ad5d2bb465d5749b47497aef7fc0b5) Importer(815301076,1909f56bfc062723c751e8b465ee728b)  -> (artifact id: 'b4f571ce6a595d657c95e31c4a424c23') in 0.050461 seconds 
Number of asset objects unloaded after import = 3
========================================================================
Received Import Request.
  Time since last request: 0.000021 seconds.
  path: Assets/Character/kenney_platformer-characters/PNG/Zombie/Limbs/head_hurt.png
  artifactKey: Guid(61b6494a6396a474085a6a3536190e74) Importer(815301076,1909f56bfc062723c751e8b465ee728b)
Number of updated assets reloaded before import = 0
Start importing Assets/Character/kenney_platformer-characters/PNG/Zombie/Limbs/head_hurt.png using Guid(61b6494a6396a474085a6a3536190e74) Importer(815301076,1909f56bfc062723c751e8b465ee728b)  -> (artifact id: 'fee66a94bfd5ba23fa19aa1978a53959') in 0.050442 seconds 
Number of asset objects unloaded after import = 3
========================================================================
Received Import Request.
  Time since last request: 0.000045 seconds.
  path: Assets/Mod Assets/Environment Sprites Colored/Green/TallBuilding_green.png
  artifactKey: Guid(38c463b600b3e4583a547a101e29a5f8) Importer(815301076,1909f56bfc062723c751e8b465ee728b)
Number of updated assets reloaded before import = 0
Start importing Assets/Mod Assets/Environment Sprites Colored/Green/TallBuilding_green.png using Guid(38c463b600b3e4583a547a101e29a5f8) Importer(815301076,1909f56bfc062723c751e8b465ee728b)  -> (artifact id: '6e498f67aa84d765a20b54384caa1c13') in 0.027239 seconds 
Number of asset objects unloaded after import = 3
========================================================================
Received Import Request.
  Time since last request: 0.000015 seconds.
  path: Assets/Character/kenney_platformer-characters/PNG/Soldier/Poses/soldier_stand.png
  artifactKey: Guid(36d1c9a2306567140850a1aec00f9214) Importer(815301076,1909f56bfc062723c751e8b465ee728b)
Number of updated assets reloaded before import = 0
Start importing Assets/Character/kenney_platformer-characters/PNG/Soldier/Poses/soldier_stand.png using Guid(36d1c9a2306567140850a1aec00f9214) Importer(815301076,1909f56bfc062723c751e8b465ee728b)  -> (artifact id: '2e1e4d69502eb184834ef95c3a01f832') in 0.016994 seconds 
Number of asset objects unloaded after import = 3
========================================================================
Received Import Request.
  Time since last request: 0.000011 seconds.
  path: Assets/Character/kenney_platformer-characters/PNG/Soldier/Poses/soldier_jump.png
  artifactKey: Guid(1ade581691d634d4082da2cdd009e28f) Importer(815301076,1909f56bfc062723c751e8b465ee728b)
Number of updated assets reloaded before import = 0
Start importing Assets/Character/kenney_platformer-characters/PNG/Soldier/Poses/soldier_jump.png using Guid(1ade581691d634d4082da2cdd009e28f) Importer(815301076,1909f56bfc062723c751e8b465ee728b)  -> (artifact id: 'ef66485e191bebc6cca82b106d57d462') in 0.027525 seconds 
Number of asset objects unloaded after import = 3
========================================================================
Received Import Request.
  Time since last request: 0.000023 seconds.
  path: Assets/Character/kenney_platformer-characters/PNG/Female/Poses/female_action2.png
  artifactKey: Guid(e1600b1622ddb9046b88837dce07ef15) Importer(815301076,1909f56bfc062723c751e8b465ee728b)
Number of updated assets reloaded before import = 0
Start importing Assets/Character/kenney_platformer-characters/PNG/Female/Poses/female_action2.png using Guid(e1600b1622ddb9046b88837dce07ef15) Importer(815301076,1909f56bfc062723c751e8b465ee728b)  -> (artifact id: '1f887e58f20602aa5f7ce62485222c54') in 0.027810 seconds 
Number of asset objects unloaded after import = 3
========================================================================
Received Import Request.
  Time since last request: 0.000013 seconds.
  path: Assets/Mod Assets/Environment Sprites Colored/Magenta/cloud_pink.png
  artifactKey: Guid(f657018234fcb43259e0a2a48254119a) Importer(815301076,1909f56bfc062723c751e8b465ee728b)
Number of updated assets reloaded before import = 0
Start importing Assets/Mod Assets/Environment Sprites Colored/Magenta/cloud_pink.png using Guid(f657018234fcb43259e0a2a48254119a) Importer(815301076,1909f56bfc062723c751e8b465ee728b)  -> (artifact id: '5a3cd6add7fbae401f89e0b507a6c6f2') in 0.020336 seconds 
Number of asset objects unloaded after import = 3
========================================================================
Received Import Request.
  Time since last request: 0.000019 seconds.
  path: Assets/Character/kenney_platformer-characters/PNG/Female/Poses/female_jump.png
  artifactKey: Guid(e818eaad0d427d0439101049ce2760f7) Importer(815301076,1909f56bfc062723c751e8b465ee728b)
Number of updated assets reloaded before import = 0
Start importing Assets/Character/kenney_platformer-characters/PNG/Female/Poses/female_jump.png using Guid(e818eaad0d427d0439101049ce2760f7) Importer(815301076,1909f56bfc062723c751e8b465ee728b)  -> (artifact id: '5a1062ea9d060bd5fe0f31f809cde3fe') in 0.024045 seconds 
Number of asset objects unloaded after import = 3
========================================================================
Received Import Request.
  Time since last request: 0.000012 seconds.
  path: Assets/Character/kenney_platformer-characters/PNG/Female/Poses/female_cheer1.png
  artifactKey: Guid(464c0a0984a74f244be44da86273deb2) Importer(815301076,1909f56bfc062723c751e8b465ee728b)
Number of updated assets reloaded before import = 0
Start importing Assets/Character/kenney_platformer-characters/PNG/Female/Poses/female_cheer1.png using Guid(464c0a0984a74f244be44da86273deb2) Importer(815301076,1909f56bfc062723c751e8b465ee728b)  -> (artifact id: '333987ee654565d803ee4c725fc0ea5f') in 0.019792 seconds 
Number of asset objects unloaded after import = 3
========================================================================
Received Import Request.
  Time since last request: 0.000015 seconds.
  path: Assets/Character/kenney_platformer-characters/PNG/Female/Limbs/body_back.png
  artifactKey: Guid(87400fa66643e1a4f80753871e93c7e9) Importer(815301076,1909f56bfc062723c751e8b465ee728b)
Number of updated assets reloaded before import = 0
Start importing Assets/Character/kenney_platformer-characters/PNG/Female/Limbs/body_back.png using Guid(87400fa66643e1a4f80753871e93c7e9) Importer(815301076,1909f56bfc062723c751e8b465ee728b)  -> (artifact id: '6569dcf39645c0d1b7d001206687e126') in 0.018167 seconds 
Number of asset objects unloaded after import = 3
========================================================================
Received Import Request.
  Time since last request: 0.000023 seconds.
  path: Assets/Character/kenney_platformer-characters/PNG/Female/Poses/female_kick.png
  artifactKey: Guid(8cad20659f61a8c4ca0c70f152de9923) Importer(815301076,1909f56bfc062723c751e8b465ee728b)
Number of updated assets reloaded before import = 0
Start importing Assets/Character/kenney_platformer-characters/PNG/Female/Poses/female_kick.png using Guid(8cad20659f61a8c4ca0c70f152de9923) Importer(815301076,1909f56bfc062723c751e8b465ee728b)  -> (artifact id: '8b286650b80972dda00d51ca85bc5515') in 0.014144 seconds 
Number of asset objects unloaded after import = 3
========================================================================
Received Import Request.
  Time since last request: 0.000018 seconds.
  path: Assets/Character/kenney_platformer-characters/PNG/Adventurer/Limbs/head_hurt.png
  artifactKey: Guid(49379040eb4fd8643a62824e950c682a) Importer(815301076,1909f56bfc062723c751e8b465ee728b)
Number of updated assets reloaded before import = 0
Start importing Assets/Character/kenney_platformer-characters/PNG/Adventurer/Limbs/head_hurt.png using Guid(49379040eb4fd8643a62824e950c682a) Importer(815301076,1909f56bfc062723c751e8b465ee728b)  -> (artifact id: '2b97a4844da64c5a9efc3c4e7788e3c3') in 0.017163 seconds 
Number of asset objects unloaded after import = 3
========================================================================
Received Import Request.
  Time since last request: 0.000017 seconds.
  path: Assets/Environment/Sprites/TallBuilding.png
  artifactKey: Guid(fc837eb64bd35a64dbff20cd45295fab) Importer(815301076,1909f56bfc062723c751e8b465ee728b)
Number of updated assets reloaded before import = 0
Start importing Assets/Environment/Sprites/TallBuilding.png using Guid(fc837eb64bd35a64dbff20cd45295fab) Importer(815301076,1909f56bfc062723c751e8b465ee728b)  -> (artifact id: '896da5a4da07209983b7f3b1a4ab0a1d') in 0.022956 seconds 
Number of asset objects unloaded after import = 3
========================================================================
Received Import Request.
  Time since last request: 0.000025 seconds.
  path: Assets/Environment/Sprites/tree.png
  artifactKey: Guid(0297adc2e728da242a0e78df10d9b8b8) Importer(815301076,1909f56bfc062723c751e8b465ee728b)
Number of updated assets reloaded before import = 0
Start importing Assets/Environment/Sprites/tree.png using Guid(0297adc2e728da242a0e78df10d9b8b8) Importer(815301076,1909f56bfc062723c751e8b465ee728b)  -> (artifact id: 'cf0fb388254d49275f4bcb23aa91abde') in 0.029739 seconds 
Number of asset objects unloaded after import = 3
========================================================================
Received Import Request.
  Time since last request: 0.000015 seconds.
  path: Assets/Character/kenney_platformer-characters/PNG/Player/Poses/player_climb2.png
  artifactKey: Guid(f3dc16a335251ac408def466b358332f) Importer(815301076,1909f56bfc062723c751e8b465ee728b)
Number of updated assets reloaded before import = 0
Start importing Assets/Character/kenney_platformer-characters/PNG/Player/Poses/player_climb2.png using Guid(f3dc16a335251ac408def466b358332f) Importer(815301076,1909f56bfc062723c751e8b465ee728b)  -> (artifact id: '8b33f875f608ca96322eb972c8421a26') in 0.014155 seconds 
Number of asset objects unloaded after import = 3
========================================================================
Received Import Request.
  Time since last request: 0.000017 seconds.
  path: Assets/Mod Assets/Mod Resources/Sprites/SpeedLines.png
  artifactKey: Guid(a084f661e1385254884ae73e031fc28f) Importer(815301076,1909f56bfc062723c751e8b465ee728b)
Number of updated assets reloaded before import = 0
Start importing Assets/Mod Assets/Mod Resources/Sprites/SpeedLines.png using Guid(a084f661e1385254884ae73e031fc28f) Importer(815301076,1909f56bfc062723c751e8b465ee728b)  -> (artifact id: 'ab782a4135fd353971bec619edbb27d4') in 0.025116 seconds 
Number of asset objects unloaded after import = 3
========================================================================
Received Import Request.
  Time since last request: 0.000016 seconds.
  path: Assets/Mod Assets/Environment Sprites Colored/Brown/TileGroundDark_red.png
  artifactKey: Guid(cf65e11c3538043d2a29e4dde3a15f14) Importer(815301076,1909f56bfc062723c751e8b465ee728b)
Number of updated assets reloaded before import = 0
Start importing Assets/Mod Assets/Environment Sprites Colored/Brown/TileGroundDark_red.png using Guid(cf65e11c3538043d2a29e4dde3a15f14) Importer(815301076,1909f56bfc062723c751e8b465ee728b)  -> (artifact id: 'db1b33d89bd99e5b59d1019f04e1e202') in 0.030486 seconds 
Number of asset objects unloaded after import = 3
========================================================================
Received Import Request.
  Time since last request: 0.000013 seconds.
  path: Assets/Character/kenney_platformer-characters/PNG/Adventurer/Poses/adventurer_walk2.png
  artifactKey: Guid(080dfd5d688de1e4dac41e91fbe371d4) Importer(815301076,1909f56bfc062723c751e8b465ee728b)
Number of updated assets reloaded before import = 0
Start importing Assets/Character/kenney_platformer-characters/PNG/Adventurer/Poses/adventurer_walk2.png using Guid(080dfd5d688de1e4dac41e91fbe371d4) Importer(815301076,1909f56bfc062723c751e8b465ee728b)  -> (artifact id: '19460c3d24cdce97db903d646902427a') in 0.030260 seconds 
Number of asset objects unloaded after import = 3
========================================================================
Received Import Request.
  Time since last request: 0.000019 seconds.
  path: Assets/Character/kenney_platformer-characters/PNG/Adventurer/Poses/adventurer_climb2.png
  artifactKey: Guid(46b5a3bb1cfbdb14c98ab31139de3b4f) Importer(815301076,1909f56bfc062723c751e8b465ee728b)
Number of updated assets reloaded before import = 0
Start importing Assets/Character/kenney_platformer-characters/PNG/Adventurer/Poses/adventurer_climb2.png using Guid(46b5a3bb1cfbdb14c98ab31139de3b4f) Importer(815301076,1909f56bfc062723c751e8b465ee728b)  -> (artifact id: '222864d426be51cff6278fc453ba94b4') in 0.020197 seconds 
Number of asset objects unloaded after import = 3
========================================================================
Received Import Request.
  Time since last request: 0.000051 seconds.
  path: Assets/Character/kenney_platformer-characters/PNG/Adventurer/Poses/adventurer_idle.png
  artifactKey: Guid(76b47ffae121d384e900264bd0fd6466) Importer(815301076,1909f56bfc062723c751e8b465ee728b)
Number of updated assets reloaded before import = 0
Start importing Assets/Character/kenney_platformer-characters/PNG/Adventurer/Poses/adventurer_idle.png using Guid(76b47ffae121d384e900264bd0fd6466) Importer(815301076,1909f56bfc062723c751e8b465ee728b)  -> (artifact id: '1f34e7468b44f4033f587a074c2d0b8f') in 0.014575 seconds 
Number of asset objects unloaded after import = 3
========================================================================
Received Import Request.
  Time since last request: 0.000020 seconds.
  path: Assets/Character/kenney_platformer-characters/PNG/Adventurer/Poses/adventurer_action1.png
  artifactKey: Guid(afeaa967a48c2294283b1dfdfa8a6cd8) Importer(815301076,1909f56bfc062723c751e8b465ee728b)
Number of updated assets reloaded before import = 0
Start importing Assets/Character/kenney_platformer-characters/PNG/Adventurer/Poses/adventurer_action1.png using Guid(afeaa967a48c2294283b1dfdfa8a6cd8) Importer(815301076,1909f56bfc062723c751e8b465ee728b)  -> (artifact id: 'a08078ce7b1284ecdc1b2c256ed0042b') in 0.020902 seconds 
Number of asset objects unloaded after import = 3
========================================================================
Received Import Request.
  Time since last request: 0.000014 seconds.
  path: Assets/Character/kenney_platformer-characters/PNG/Adventurer/Poses/adventurer_slide.png
  artifactKey: Guid(fdf1b2ca560458f4eacbd6213ea9b9ad) Importer(815301076,1909f56bfc062723c751e8b465ee728b)
Number of updated assets reloaded before import = 0
Start importing Assets/Character/kenney_platformer-characters/PNG/Adventurer/Poses/adventurer_slide.png using Guid(fdf1b2ca560458f4eacbd6213ea9b9ad) Importer(815301076,1909f56bfc062723c751e8b465ee728b)  -> (artifact id: '822e2514965e6dcc2cff4f9b071b2ce2') in 0.021385 seconds 
Number of asset objects unloaded after import = 3
========================================================================
Received Import Request.
  Time since last request: 0.000048 seconds.
  path: Assets/Environment/Sprites/hillside.png
  artifactKey: Guid(6484ca7da7c3c4b4f81cadedb9b18e9b) Importer(815301076,1909f56bfc062723c751e8b465ee728b)
Number of updated assets reloaded before import = 0
Start importing Assets/Environment/Sprites/hillside.png using Guid(6484ca7da7c3c4b4f81cadedb9b18e9b) Importer(815301076,1909f56bfc062723c751e8b465ee728b)  -> (artifact id: 'd5b78e2da3cd06736cd4804b31fb4e7e') in 0.022467 seconds 
Number of asset objects unloaded after import = 3
========================================================================
Received Import Request.
  Time since last request: 0.000020 seconds.
  path: Assets/Character/kenney_platformer-characters/PNG/Female/Poses/female_hold2.png
  artifactKey: Guid(53d6383112ef5f141ae5448ddd066f47) Importer(815301076,1909f56bfc062723c751e8b465ee728b)
Number of updated assets reloaded before import = 0
Start importing Assets/Character/kenney_platformer-characters/PNG/Female/Poses/female_hold2.png using Guid(53d6383112ef5f141ae5448ddd066f47) Importer(815301076,1909f56bfc062723c751e8b465ee728b)  -> (artifact id: 'ea824bfeef5988d0862e8a3ec6428d61') in 0.053704 seconds 
Number of asset objects unloaded after import = 3
========================================================================
Received Import Request.
  Time since last request: 0.000015 seconds.
  path: Assets/Environment/Sprites/TileGroundDark.png
  artifactKey: Guid(822726e40d7799b499000f517f3fdf25) Importer(815301076,1909f56bfc062723c751e8b465ee728b)
Number of updated assets reloaded before import = 0
Start importing Assets/Environment/Sprites/TileGroundDark.png using Guid(822726e40d7799b499000f517f3fdf25) Importer(815301076,1909f56bfc062723c751e8b465ee728b)  -> (artifact id: '77cd6249a6a270977851edcf84d2c828') in 0.018461 seconds 
Number of asset objects unloaded after import = 3
========================================================================
Received Import Request.
  Time since last request: 0.000013 seconds.
  path: Assets/Mod Assets/Environment Sprites Colored/Gold/midground_yellow.png
  artifactKey: Guid(b4bb429f148e643daac42b9aedbf9780) Importer(815301076,1909f56bfc062723c751e8b465ee728b)
Number of updated assets reloaded before import = 0
Start importing Assets/Mod Assets/Environment Sprites Colored/Gold/midground_yellow.png using Guid(b4bb429f148e643daac42b9aedbf9780) Importer(815301076,1909f56bfc062723c751e8b465ee728b)  -> (artifact id: '8a9b9983084e26ed17a382e1adc9a250') in 0.035601 seconds 
Number of asset objects unloaded after import = 3
========================================================================
Received Import Request.
  Time since last request: 0.000023 seconds.
  path: Assets/Mod Assets/Environment Sprites Colored/Green/TileFloatingLeftEdge_green.png
  artifactKey: Guid(2defc03135a204b0c9b14ed9f6ecb727) Importer(815301076,1909f56bfc062723c751e8b465ee728b)
Number of updated assets reloaded before import = 0
Start importing Assets/Mod Assets/Environment Sprites Colored/Green/TileFloatingLeftEdge_green.png using Guid(2defc03135a204b0c9b14ed9f6ecb727) Importer(815301076,1909f56bfc062723c751e8b465ee728b)  -> (artifact id: '32fece9ebb1d4eb2d3fec2154a4243cf') in 0.025897 seconds 
Number of asset objects unloaded after import = 3
========================================================================
Received Import Request.
  Time since last request: 0.000029 seconds.
  path: Assets/Character/kenney_platformer-characters/PNG/Soldier/Limbs/body_back.png
  artifactKey: Guid(fd02e732f38e23b478e0dcc4af63bd8c) Importer(815301076,1909f56bfc062723c751e8b465ee728b)
Number of updated assets reloaded before import = 0
Start importing Assets/Character/kenney_platformer-characters/PNG/Soldier/Limbs/body_back.png using Guid(fd02e732f38e23b478e0dcc4af63bd8c) Importer(815301076,1909f56bfc062723c751e8b465ee728b)  -> (artifact id: '048bb6626a16b91b72eeada8fac84e9a') in 0.027467 seconds 
Number of asset objects unloaded after import = 3
========================================================================
Received Import Request.
  Time since last request: 0.000016 seconds.
  path: Assets/Mod Assets/Environment Sprites Colored/Green/TileGroundDark_green.png
  artifactKey: Guid(f52361a01fb9d44369ffc2ea4d4cf021) Importer(815301076,1909f56bfc062723c751e8b465ee728b)
Number of updated assets reloaded before import = 0
Start importing Assets/Mod Assets/Environment Sprites Colored/Green/TileGroundDark_green.png using Guid(f52361a01fb9d44369ffc2ea4d4cf021) Importer(815301076,1909f56bfc062723c751e8b465ee728b)  -> (artifact id: '665251aaed6b1de5b5ebcf9bad755da6') in 0.031186 seconds 
Number of asset objects unloaded after import = 3
========================================================================
Received Import Request.
  Time since last request: 0.000016 seconds.
  path: Assets/Character/kenney_platformer-characters/PNG/Soldier/Poses/soldier_hang.png
  artifactKey: Guid(a16eac6f817d1774d98c1d37322e62b2) Importer(815301076,1909f56bfc062723c751e8b465ee728b)
Number of updated assets reloaded before import = 0
Start importing Assets/Character/kenney_platformer-characters/PNG/Soldier/Poses/soldier_hang.png using Guid(a16eac6f817d1774d98c1d37322e62b2) Importer(815301076,1909f56bfc062723c751e8b465ee728b)  -> (artifact id: '5c1a7492d7b6c3161385c7af1f64764f') in 0.024928 seconds 
Number of asset objects unloaded after import = 3
========================================================================
Received Import Request.
  Time since last request: 0.000020 seconds.
  path: Assets/Character/kenney_platformer-characters/PNG/Adventurer/Poses/adventurer_climb1.png
  artifactKey: Guid(bafb984166ac4524e8f6be385d2e2d1a) Importer(815301076,1909f56bfc062723c751e8b465ee728b)
Number of updated assets reloaded before import = 0
Start importing Assets/Character/kenney_platformer-characters/PNG/Adventurer/Poses/adventurer_climb1.png using Guid(bafb984166ac4524e8f6be385d2e2d1a) Importer(815301076,1909f56bfc062723c751e8b465ee728b)  -> (artifact id: '589782836680e65568b63db26a7f58e3') in 0.030345 seconds 
Number of asset objects unloaded after import = 3
========================================================================
Received Import Request.
  Time since last request: 0.000019 seconds.
  path: Assets/Character/kenney_platformer-characters/PNG/Adventurer/Poses/adventurer_fall.png
  artifactKey: Guid(3b56a6a6c529e04459d6b4b7b26f5057) Importer(815301076,1909f56bfc062723c751e8b465ee728b)
Number of updated assets reloaded before import = 0
Start importing Assets/Character/kenney_platformer-characters/PNG/Adventurer/Poses/adventurer_fall.png using Guid(3b56a6a6c529e04459d6b4b7b26f5057) Importer(815301076,1909f56bfc062723c751e8b465ee728b)  -> (artifact id: '625a97747da7a71482aa4a549a11a8bd') in 0.037690 seconds 
Number of asset objects unloaded after import = 3
========================================================================
Received Prepare
Registering precompiled user dll's ...
Registered in 0.002716 seconds.
Begin MonoManager ReloadAssembly
Native extension for WindowsStandalone target not found
Refreshing native plugins compatible for Editor in 0.68 ms, found 3 plugins.
Preloading 0 native plugins for Editor in 0.00 ms.
[Package Manager] Server::EnsureServerProcessIsRunning -- launch failed, reason: Unity was launched with the -noUpm command-line argument
[Package Manager] Cannot connect to Unity Package Manager local server
Mono: successfully reloaded assembly
- Completed reload, in  1.151 seconds
Domain Reload Profiling:
	ReloadAssembly (1151ms)
		BeginReloadAssembly (118ms)
			ExecutionOrderSort (0ms)
			DisableScriptedObjects (3ms)
			BackupInstance (0ms)
			ReleaseScriptingObjects (0ms)
			CreateAndSetChildDomain (40ms)
		EndReloadAssembly (975ms)
			LoadAssemblies (75ms)
			RebuildTransferFunctionScriptingTraits (0ms)
			SetupTypeCache (218ms)
			ReleaseScriptCaches (2ms)
			RebuildScriptCaches (35ms)
			SetupLoadedEditorAssemblies (633ms)
				LogAssemblyErrors (0ms)
				InitializePlatformSupportModulesInManaged (3ms)
				SetLoadedEditorAssemblies (1ms)
				RefreshPlugins (1ms)
				BeforeProcessingInitializeOnLoad (50ms)
				ProcessInitializeOnLoadAttributes (513ms)
				ProcessInitializeOnLoadMethodAttributes (62ms)
				AfterProcessingInitializeOnLoad (3ms)
				EditorAssembliesLoaded (0ms)
			ExecutionOrderSort2 (0ms)
			AwakeInstancesAfterBackupRestoration (6ms)
Platform modules already initialized, skipping
Refreshing native plugins compatible for Editor in 1.09 ms, found 3 plugins.
Preloading 0 native plugins for Editor in 0.00 ms.
Unloading 5125 Unused Serialized files (Serialized files now loaded: 0)
Unloading 30 unused Assets / (0.7 MB). Loaded Objects now: 5767.
Memory consumption went from 204.1 MB to 203.4 MB.
Total: 3.668900 ms (FindLiveObjects: 0.367500 ms CreateObjectMapping: 0.281900 ms MarkObjects: 2.673100 ms  DeleteObjects: 0.345100 ms)

AssetImportParameters requested are different than current active one (requested -> active):
  custom:video-decoder-ogg-theora: a1e56fd34408186e4bbccfd4996cb3dc -> 
  custom:container-muxer-webm: aa71ff27fc2769a1b78a27578f13a17b -> 
  custom:container-demuxer-webm: 4f35f7cbe854078d1ac9338744f61a02 -> 
  custom:video-encoder-webm-vp8: eb34c28f22e8b96e1ab97ce403110664 -> 
  custom:CustomObjectIndexerAttribute: 6b0e35c9178b02a6363f3721b7b8e397 -> 
  custom:audio-encoder-webm-vorbis: bf7c407c2cedff20999df2af8eb42d56 -> 
  custom:framework-win-MediaFoundation: 216162199b28c13a410421893ffa2e32 -> 
  custom:SearchIndexIgnoredProperties: e643bd26f0fe6173181afceb89e7c659 -> 
  custom:container-demuxer-ogg: 62fdf1f143b41e24485cea50d1cbac27 -> 
  custom:video-decoder-webm-vp8: 9c59270c3fd7afecdb556c50c9e8de78 -> 
  custom:audio-decoder-ogg-vorbis: bf7c407c2cedff20999df2af8eb42d56 -> 
========================================================================
Received Import Request.
  Time since last request: 32.695219 seconds.
  path: Packages/com.unity.render-pipelines.universal/Runtime/Materials/SimpleLit.mat
  artifactKey: Guid(6a1143ee683302f4aa628c052723efc1) Importer(815301076,1909f56bfc062723c751e8b465ee728b)
Number of updated assets reloaded before import = 0
Start importing Packages/com.unity.render-pipelines.universal/Runtime/Materials/SimpleLit.mat using Guid(6a1143ee683302f4aa628c052723efc1) Importer(815301076,1909f56bfc062723c751e8b465ee728b)  -> (artifact id: '023859f9c28dde67743801dbe2c9ee69') in 0.773157 seconds 
Number of asset objects unloaded after import = 12
Editor requested this worker to shutdown with reason: Scaling down because of idle timeout
AssetImportWorker is now disconnected from the server
Process exiting
Exiting without the bug reporter. Application will terminate with return code 0