Using pre-set license
Built from '2021.3/staging' branch; Version is '2021.3.32f1 (3b9dae9532f5) revision 3906990'; Using compiler version '192829333'; Build Type 'Release'
OS: 'Windows 11  (10.0.22631) 64bit Education' Language: 'en' Physical Memory: 16157 MB
BatchMode: 1, IsHumanControllingUs: 0, StartBugReporterOnCrash: 0, Is64bit: 1, IsPro: 1

COMMAND LINE ARGUMENTS:
C:\Program Files\Unity\Hub\Editor\2021.3.32f1\Editor\Unity.exe
-adb2
-batchMode
-noUpm
-name
AssetImportWorker2
-projectPath
D:/Users/Student/Desktop/Nacional
-logFile
Logs/AssetImportWorker2.log
-srvPort
53512
Successfully changed project path to: D:/Users/Student/Desktop/Nacional
D:/Users/Student/Desktop/Nacional
[UnityMemory] Configuration Parameters - Can be set up in boot.config
    "memorysetup-bucket-allocator-granularity=16"
    "memorysetup-bucket-allocator-bucket-count=8"
    "memorysetup-bucket-allocator-block-size=33554432"
    "memorysetup-bucket-allocator-block-count=8"
    "memorysetup-main-allocator-block-size=16777216"
    "memorysetup-thread-allocator-block-size=16777216"
    "memorysetup-gfx-main-allocator-block-size=16777216"
    "memorysetup-gfx-thread-allocator-block-size=16777216"
    "memorysetup-cache-allocator-block-size=4194304"
    "memorysetup-typetree-allocator-block-size=2097152"
    "memorysetup-profiler-bucket-allocator-granularity=16"
    "memorysetup-profiler-bucket-allocator-bucket-count=8"
    "memorysetup-profiler-bucket-allocator-block-size=33554432"
    "memorysetup-profiler-bucket-allocator-block-count=8"
    "memorysetup-profiler-allocator-block-size=16777216"
    "memorysetup-profiler-editor-allocator-block-size=1048576"
    "memorysetup-temp-allocator-size-main=16777216"
    "memorysetup-job-temp-allocator-block-size=2097152"
    "memorysetup-job-temp-allocator-block-size-background=1048576"
    "memorysetup-job-temp-allocator-reduction-small-platforms=262144"
    "memorysetup-temp-allocator-size-background-worker=32768"
    "memorysetup-temp-allocator-size-job-worker=262144"
    "memorysetup-temp-allocator-size-preload-manager=33554432"
    "memorysetup-temp-allocator-size-nav-mesh-worker=65536"
    "memorysetup-temp-allocator-size-audio-worker=65536"
    "memorysetup-temp-allocator-size-cloud-worker=32768"
    "memorysetup-temp-allocator-size-gi-baking-worker=262144"
    "memorysetup-temp-allocator-size-gfx=262144"
Player connection [3268] Host "[IP] 192.168.112.76 [Port] 0 [Flags] 2 [Guid] 3417243372 [EditorId] 3417243372 [Version] 1048832 [Id] WindowsEditor(7,AGILE06) [Debug] 1 [PackageName] WindowsEditor [ProjectName] Editor" joined multi-casting on [225.0.0.222:54997]...

Player connection [3268] Host "[IP] 192.168.112.76 [Port] 0 [Flags] 2 [Guid] 3417243372 [EditorId] 3417243372 [Version] 1048832 [Id] WindowsEditor(7,AGILE06) [Debug] 1 [PackageName] WindowsEditor [ProjectName] Editor" joined alternative multi-casting on [225.0.0.222:34997]...

[Physics::Module] Initialized MultithreadedJobDispatcher with {0} workers.
Refreshing native plugins compatible for Editor in 77.27 ms, found 3 plugins.
Preloading 0 native plugins for Editor in 0.00 ms.
Initialize engine version: 2021.3.32f1 (3b9dae9532f5)
[Subsystems] Discovering subsystems at path C:/Program Files/Unity/Hub/Editor/2021.3.32f1/Editor/Data/Resources/UnitySubsystems
[Subsystems] Discovering subsystems at path D:/Users/Student/Desktop/Nacional/Assets
GfxDevice: creating device client; threaded=0; jobified=0
Direct3D:
    Version:  Direct3D 11.0 [level 11.1]
    Renderer: NVIDIA GeForce RTX 3060 (ID=0x2504)
    Vendor:   NVIDIA
    VRAM:     12142 MB
    Driver:   30.0.15.1215
Initialize mono
Mono path[0] = 'C:/Program Files/Unity/Hub/Editor/2021.3.32f1/Editor/Data/Managed'
Mono path[1] = 'C:/Program Files/Unity/Hub/Editor/2021.3.32f1/Editor/Data/MonoBleedingEdge/lib/mono/unityjit-win32'
Mono config path = 'C:/Program Files/Unity/Hub/Editor/2021.3.32f1/Editor/Data/MonoBleedingEdge/etc'
Using monoOptions --debugger-agent=transport=dt_socket,embedding=1,server=y,suspend=n,address=127.0.0.1:56548
Begin MonoManager ReloadAssembly
Registering precompiled unity dll's ...
Register platform support module: C:/Program Files/Unity/Hub/Editor/2021.3.32f1/Editor/Data/PlaybackEngines/WindowsStandaloneSupport/UnityEditor.WindowsStandalone.Extensions.dll
Registered in 0.002289 seconds.
Native extension for WindowsStandalone target not found
Refreshing native plugins compatible for Editor in 72.26 ms, found 3 plugins.
Preloading 0 native plugins for Editor in 0.00 ms.
Mono: successfully reloaded assembly
- Completed reload, in  0.445 seconds
Domain Reload Profiling:
	ReloadAssembly (445ms)
		BeginReloadAssembly (74ms)
			ExecutionOrderSort (0ms)
			DisableScriptedObjects (0ms)
			BackupInstance (0ms)
			ReleaseScriptingObjects (0ms)
			CreateAndSetChildDomain (0ms)
		EndReloadAssembly (309ms)
			LoadAssemblies (71ms)
			RebuildTransferFunctionScriptingTraits (0ms)
			SetupTypeCache (74ms)
			ReleaseScriptCaches (0ms)
			RebuildScriptCaches (17ms)
			SetupLoadedEditorAssemblies (188ms)
				LogAssemblyErrors (0ms)
				InitializePlatformSupportModulesInManaged (5ms)
				SetLoadedEditorAssemblies (0ms)
				RefreshPlugins (72ms)
				BeforeProcessingInitializeOnLoad (1ms)
				ProcessInitializeOnLoadAttributes (76ms)
				ProcessInitializeOnLoadMethodAttributes (34ms)
				AfterProcessingInitializeOnLoad (0ms)
				EditorAssembliesLoaded (0ms)
			ExecutionOrderSort2 (0ms)
			AwakeInstancesAfterBackupRestoration (0ms)
Platform modules already initialized, skipping
Registering precompiled user dll's ...
Registered in 0.002351 seconds.
Begin MonoManager ReloadAssembly
Native extension for WindowsStandalone target not found
Refreshing native plugins compatible for Editor in 82.43 ms, found 3 plugins.
Preloading 0 native plugins for Editor in 0.00 ms.
Package Manager log level set to [2]
[Package Manager] Server::EnsureServerProcessIsRunning -- launch failed, reason: Unity was launched with the -noUpm command-line argument
[Package Manager] Cannot connect to Unity Package Manager local server
Mono: successfully reloaded assembly
- Completed reload, in  1.269 seconds
Domain Reload Profiling:
	ReloadAssembly (1269ms)
		BeginReloadAssembly (90ms)
			ExecutionOrderSort (0ms)
			DisableScriptedObjects (3ms)
			BackupInstance (0ms)
			ReleaseScriptingObjects (0ms)
			CreateAndSetChildDomain (16ms)
		EndReloadAssembly (1105ms)
			LoadAssemblies (75ms)
			RebuildTransferFunctionScriptingTraits (0ms)
			SetupTypeCache (227ms)
			ReleaseScriptCaches (0ms)
			RebuildScriptCaches (46ms)
			SetupLoadedEditorAssemblies (742ms)
				LogAssemblyErrors (0ms)
				InitializePlatformSupportModulesInManaged (3ms)
				SetLoadedEditorAssemblies (0ms)
				RefreshPlugins (104ms)
				BeforeProcessingInitializeOnLoad (64ms)
				ProcessInitializeOnLoadAttributes (509ms)
				ProcessInitializeOnLoadMethodAttributes (58ms)
				AfterProcessingInitializeOnLoad (3ms)
				EditorAssembliesLoaded (0ms)
			ExecutionOrderSort2 (0ms)
			AwakeInstancesAfterBackupRestoration (4ms)
Platform modules already initialized, skipping
========================================================================
Worker process is ready to serve import requests
Launched and connected shader compiler UnityShaderCompiler.exe after 0.02 seconds
Refreshing native plugins compatible for Editor in 0.62 ms, found 3 plugins.
Preloading 0 native plugins for Editor in 0.00 ms.
Unloading 5262 Unused Serialized files (Serialized files now loaded: 0)
Unloading 47 unused Assets / (0.8 MB). Loaded Objects now: 5707.
Memory consumption went from 209.8 MB to 209.1 MB.
Total: 3.048600 ms (FindLiveObjects: 0.359700 ms CreateObjectMapping: 0.177600 ms MarkObjects: 2.238300 ms  DeleteObjects: 0.272000 ms)

AssetImportParameters requested are different than current active one (requested -> active):
  custom:video-decoder-ogg-theora: a1e56fd34408186e4bbccfd4996cb3dc -> 
  custom:container-muxer-webm: aa71ff27fc2769a1b78a27578f13a17b -> 
  custom:container-demuxer-webm: 4f35f7cbe854078d1ac9338744f61a02 -> 
  custom:video-encoder-webm-vp8: eb34c28f22e8b96e1ab97ce403110664 -> 
  custom:CustomObjectIndexerAttribute: 6b0e35c9178b02a6363f3721b7b8e397 -> 
  custom:audio-encoder-webm-vorbis: bf7c407c2cedff20999df2af8eb42d56 -> 
  custom:framework-win-MediaFoundation: 216162199b28c13a410421893ffa2e32 -> 
  custom:SearchIndexIgnoredProperties: e643bd26f0fe6173181afceb89e7c659 -> 
  custom:container-demuxer-ogg: 62fdf1f143b41e24485cea50d1cbac27 -> 
  custom:video-decoder-webm-vp8: 9c59270c3fd7afecdb556c50c9e8de78 -> 
  custom:audio-decoder-ogg-vorbis: bf7c407c2cedff20999df2af8eb42d56 -> 
========================================================================
Received Import Request.
  Time since last request: 23742.992578 seconds.
  path: Assets/Tutorials/EditColors/WT-Sprite-Color.png
  artifactKey: Guid(0aa8ba82709a24241885cb2322326094) Importer(815301076,1909f56bfc062723c751e8b465ee728b)
Number of updated assets reloaded before import = 0
Start importing Assets/Tutorials/EditColors/WT-Sprite-Color.png using Guid(0aa8ba82709a24241885cb2322326094) Importer(815301076,1909f56bfc062723c751e8b465ee728b)  -> (artifact id: '65cda95b690b6ce96d6a14edd9d60b7a') in 0.111592 seconds 
Number of asset objects unloaded after import = 3
========================================================================
Received Import Request.
  Time since last request: 0.000022 seconds.
  path: Assets/Character/kenney_platformer-characters/PNG/Zombie/Poses/zombie_skid.png
  artifactKey: Guid(9be205823fd26264fa9963c4948e4059) Importer(815301076,1909f56bfc062723c751e8b465ee728b)
Number of updated assets reloaded before import = 0
Start importing Assets/Character/kenney_platformer-characters/PNG/Zombie/Poses/zombie_skid.png using Guid(9be205823fd26264fa9963c4948e4059) Importer(815301076,1909f56bfc062723c751e8b465ee728b)  -> (artifact id: 'f4ab57f3e96d8b928087acbc4e4b746f') in 0.033699 seconds 
Number of asset objects unloaded after import = 3
========================================================================
Received Import Request.
  Time since last request: 0.000021 seconds.
  path: Assets/Character/kenney_platformer-characters/PNG/Zombie/Poses/zombie_slide.png
  artifactKey: Guid(6db682ccc59611d418ecdafc0b6f4985) Importer(815301076,1909f56bfc062723c751e8b465ee728b)
Number of updated assets reloaded before import = 0
Start importing Assets/Character/kenney_platformer-characters/PNG/Zombie/Poses/zombie_slide.png using Guid(6db682ccc59611d418ecdafc0b6f4985) Importer(815301076,1909f56bfc062723c751e8b465ee728b)  -> (artifact id: '4aaae233682cbf7af24230872aa79978') in 0.032383 seconds 
Number of asset objects unloaded after import = 3
========================================================================
Received Import Request.
  Time since last request: 0.000024 seconds.
  path: Assets/Character/kenney_platformer-characters/PNG/Zombie/Poses/zombie_fall.png
  artifactKey: Guid(802c52a71656605488c2c959626c89fc) Importer(815301076,1909f56bfc062723c751e8b465ee728b)
Number of updated assets reloaded before import = 0
Start importing Assets/Character/kenney_platformer-characters/PNG/Zombie/Poses/zombie_fall.png using Guid(802c52a71656605488c2c959626c89fc) Importer(815301076,1909f56bfc062723c751e8b465ee728b)  -> (artifact id: '62d0c07b679b0fcf974b116ef2ac29d0') in 0.022593 seconds 
Number of asset objects unloaded after import = 3
========================================================================
Received Import Request.
  Time since last request: 0.706473 seconds.
  path: Assets/Mod Assets/Environment Sprites Colored/Green/tree_green.png
  artifactKey: Guid(01c42089badae417987a68a7df009dd6) Importer(815301076,1909f56bfc062723c751e8b465ee728b)
Number of updated assets reloaded before import = 0
Start importing Assets/Mod Assets/Environment Sprites Colored/Green/tree_green.png using Guid(01c42089badae417987a68a7df009dd6) Importer(815301076,1909f56bfc062723c751e8b465ee728b)  -> (artifact id: '5b21235f5efb9c8b5e045dcb6cddafcc') in 0.042438 seconds 
Number of asset objects unloaded after import = 3
========================================================================
Received Import Request.
  Time since last request: 0.000017 seconds.
  path: Assets/Mod Assets/Environment Sprites Colored/Magenta/TileGround_pink.png
  artifactKey: Guid(4ae14e103d8a74610aeae8c0c933829b) Importer(815301076,1909f56bfc062723c751e8b465ee728b)
Number of updated assets reloaded before import = 0
Start importing Assets/Mod Assets/Environment Sprites Colored/Magenta/TileGround_pink.png using Guid(4ae14e103d8a74610aeae8c0c933829b) Importer(815301076,1909f56bfc062723c751e8b465ee728b)  -> (artifact id: '21ff991ed205757f32fbaab4d57afc63') in 0.031342 seconds 
Number of asset objects unloaded after import = 3
========================================================================
Received Import Request.
  Time since last request: 0.000016 seconds.
  path: Assets/Character/kenney_platformer-characters/Preview_KenneyNL.png
  artifactKey: Guid(e0c2c829991a1a7459101434a38d28ce) Importer(815301076,1909f56bfc062723c751e8b465ee728b)
Number of updated assets reloaded before import = 0
Start importing Assets/Character/kenney_platformer-characters/Preview_KenneyNL.png using Guid(e0c2c829991a1a7459101434a38d28ce) Importer(815301076,1909f56bfc062723c751e8b465ee728b)  -> (artifact id: 'c8fb975375c86cf6bdebefaa451540d9') in 0.039349 seconds 
Number of asset objects unloaded after import = 3
========================================================================
Received Import Request.
  Time since last request: 0.000018 seconds.
  path: Assets/Mod Assets/Environment Sprites Colored/Magenta/TileFloatingRightEdge_pink.png
  artifactKey: Guid(96771fad5335d4615b225aedaf2a201f) Importer(815301076,1909f56bfc062723c751e8b465ee728b)
Number of updated assets reloaded before import = 0
Start importing Assets/Mod Assets/Environment Sprites Colored/Magenta/TileFloatingRightEdge_pink.png using Guid(96771fad5335d4615b225aedaf2a201f) Importer(815301076,1909f56bfc062723c751e8b465ee728b)  -> (artifact id: 'c45e1c7f529a66efbd585dcbdc2cb88f') in 0.034797 seconds 
Number of asset objects unloaded after import = 3
========================================================================
Received Import Request.
  Time since last request: 0.000022 seconds.
  path: Assets/Environment/Tiles/TileFloatingMiddle.png
  artifactKey: Guid(622f546155da24743a8fd7300873f890) Importer(815301076,1909f56bfc062723c751e8b465ee728b)
Number of updated assets reloaded before import = 0
Start importing Assets/Environment/Tiles/TileFloatingMiddle.png using Guid(622f546155da24743a8fd7300873f890) Importer(815301076,1909f56bfc062723c751e8b465ee728b)  -> (artifact id: '6a83fbc15bc92d7b591e6c95bc923a96') in 0.021457 seconds 
Number of asset objects unloaded after import = 3
========================================================================
Received Import Request.
  Time since last request: 0.000014 seconds.
  path: Assets/Character/kenney_platformer-characters/PNG/Female/Poses/female_back.png
  artifactKey: Guid(13c6e90d9a6c98041b3e9657424c37a8) Importer(815301076,1909f56bfc062723c751e8b465ee728b)
Number of updated assets reloaded before import = 0
Start importing Assets/Character/kenney_platformer-characters/PNG/Female/Poses/female_back.png using Guid(13c6e90d9a6c98041b3e9657424c37a8) Importer(815301076,1909f56bfc062723c751e8b465ee728b)  -> (artifact id: '100236c28991d2f90cf89969bcc13045') in 0.034830 seconds 
Number of asset objects unloaded after import = 3
========================================================================
Received Import Request.
  Time since last request: 0.000019 seconds.
  path: Assets/Character/kenney_platformer-characters/PNG/Soldier/Poses/soldier_walk2.png
  artifactKey: Guid(83aabde622f23a14993c1c625aee23dc) Importer(815301076,1909f56bfc062723c751e8b465ee728b)
Number of updated assets reloaded before import = 0
Start importing Assets/Character/kenney_platformer-characters/PNG/Soldier/Poses/soldier_walk2.png using Guid(83aabde622f23a14993c1c625aee23dc) Importer(815301076,1909f56bfc062723c751e8b465ee728b)  -> (artifact id: '4f49ec950ddbf9c03693b76244af77b0') in 0.023648 seconds 
Number of asset objects unloaded after import = 3
========================================================================
Received Import Request.
  Time since last request: 0.000017 seconds.
  path: Assets/Character/kenney_platformer-characters/PNG/Female/Poses/female_climb2.png
  artifactKey: Guid(90129f2a15067bd438e39f5f4b6b91b8) Importer(815301076,1909f56bfc062723c751e8b465ee728b)
Number of updated assets reloaded before import = 0
Start importing Assets/Character/kenney_platformer-characters/PNG/Female/Poses/female_climb2.png using Guid(90129f2a15067bd438e39f5f4b6b91b8) Importer(815301076,1909f56bfc062723c751e8b465ee728b)  -> (artifact id: '75b5de5034f17874379e572f108cb366') in 0.030318 seconds 
Number of asset objects unloaded after import = 3
========================================================================
Received Import Request.
  Time since last request: 0.000016 seconds.
  path: Assets/Character/kenney_platformer-characters/PNG/Soldier/Poses/soldier_kick.png
  artifactKey: Guid(9aa405e82fa6d36468a4fd37511be081) Importer(815301076,1909f56bfc062723c751e8b465ee728b)
Number of updated assets reloaded before import = 0
Start importing Assets/Character/kenney_platformer-characters/PNG/Soldier/Poses/soldier_kick.png using Guid(9aa405e82fa6d36468a4fd37511be081) Importer(815301076,1909f56bfc062723c751e8b465ee728b)  -> (artifact id: 'ef6d5a43fa06e60308b162a5d24726cc') in 0.045477 seconds 
Number of asset objects unloaded after import = 3
========================================================================
Received Import Request.
  Time since last request: 0.000015 seconds.
  path: Assets/Mod Assets/Environment Sprites Colored/Magenta/TileFloatingMiddle_pink.png
  artifactKey: Guid(cc17cd0a8cb8d48a1926e1cdf93ee83d) Importer(815301076,1909f56bfc062723c751e8b465ee728b)
Number of updated assets reloaded before import = 0
Start importing Assets/Mod Assets/Environment Sprites Colored/Magenta/TileFloatingMiddle_pink.png using Guid(cc17cd0a8cb8d48a1926e1cdf93ee83d) Importer(815301076,1909f56bfc062723c751e8b465ee728b)  -> (artifact id: 'ad43ce52c4074c9fb797fd20dfb9521d') in 0.020935 seconds 
Number of asset objects unloaded after import = 3
========================================================================
Received Import Request.
  Time since last request: 0.000014 seconds.
  path: Assets/Character/kenney_platformer-characters/PNG/Soldier/Limbs/head_focus.png
  artifactKey: Guid(93f32d7ebf533d84aa67231e0c70c9f3) Importer(815301076,1909f56bfc062723c751e8b465ee728b)
Number of updated assets reloaded before import = 0
Start importing Assets/Character/kenney_platformer-characters/PNG/Soldier/Limbs/head_focus.png using Guid(93f32d7ebf533d84aa67231e0c70c9f3) Importer(815301076,1909f56bfc062723c751e8b465ee728b)  -> (artifact id: 'f1492872a6840fa7588eb1c57d4db574') in 0.015981 seconds 
Number of asset objects unloaded after import = 3
========================================================================
Received Import Request.
  Time since last request: 0.000017 seconds.
  path: Assets/Character/kenney_platformer-characters/PNG/Player/Poses/player_stand.png
  artifactKey: Guid(7f6952294086686408a80700f3c2e7ea) Importer(815301076,1909f56bfc062723c751e8b465ee728b)
Number of updated assets reloaded before import = 0
Start importing Assets/Character/kenney_platformer-characters/PNG/Player/Poses/player_stand.png using Guid(7f6952294086686408a80700f3c2e7ea) Importer(815301076,1909f56bfc062723c751e8b465ee728b)  -> (artifact id: 'c7fba870e7ee87933424736ed0687641') in 0.017670 seconds 
Number of asset objects unloaded after import = 3
========================================================================
Received Import Request.
  Time since last request: 0.000028 seconds.
  path: Assets/Character/kenney_platformer-characters/PNG/Player/Limbs/head_hurt.png
  artifactKey: Guid(3e8edf1ce25576442b90f69f68dde7e2) Importer(815301076,1909f56bfc062723c751e8b465ee728b)
Number of updated assets reloaded before import = 0
Start importing Assets/Character/kenney_platformer-characters/PNG/Player/Limbs/head_hurt.png using Guid(3e8edf1ce25576442b90f69f68dde7e2) Importer(815301076,1909f56bfc062723c751e8b465ee728b)  -> (artifact id: '9c2aa92fe5d6073e4c931938ce8e6446') in 0.015998 seconds 
Number of asset objects unloaded after import = 3
========================================================================
Received Import Request.
  Time since last request: 0.000020 seconds.
  path: Assets/Character/kenney_platformer-characters/PNG/Female/Poses/female_idle.png
  artifactKey: Guid(e9d3abbb8b5d9024780f8881f6754100) Importer(815301076,1909f56bfc062723c751e8b465ee728b)
Number of updated assets reloaded before import = 0
Start importing Assets/Character/kenney_platformer-characters/PNG/Female/Poses/female_idle.png using Guid(e9d3abbb8b5d9024780f8881f6754100) Importer(815301076,1909f56bfc062723c751e8b465ee728b)  -> (artifact id: 'eef8a7b7d8a25bcb3280d56539bbd17a') in 0.016819 seconds 
Number of asset objects unloaded after import = 3
========================================================================
Received Import Request.
  Time since last request: 0.000017 seconds.
  path: Assets/Mod Assets/Environment Sprites Colored/Green/cloud_green.png
  artifactKey: Guid(71c5e9964206940808fecdd46305095f) Importer(815301076,1909f56bfc062723c751e8b465ee728b)
Number of updated assets reloaded before import = 0
Start importing Assets/Mod Assets/Environment Sprites Colored/Green/cloud_green.png using Guid(71c5e9964206940808fecdd46305095f) Importer(815301076,1909f56bfc062723c751e8b465ee728b)  -> (artifact id: 'af5547493e0f9b2c2611091a0487984d') in 0.023508 seconds 
Number of asset objects unloaded after import = 3
========================================================================
Received Import Request.
  Time since last request: 0.000019 seconds.
  path: Assets/Mod Assets/Environment Sprites Colored/Teal/TileGroundTop_teal.png
  artifactKey: Guid(82b453f88917d4062a5cda9db3765d14) Importer(815301076,1909f56bfc062723c751e8b465ee728b)
Number of updated assets reloaded before import = 0
Start importing Assets/Mod Assets/Environment Sprites Colored/Teal/TileGroundTop_teal.png using Guid(82b453f88917d4062a5cda9db3765d14) Importer(815301076,1909f56bfc062723c751e8b465ee728b)  -> (artifact id: '98d412f4e5c99b1a807f2f15f595ebea') in 0.023596 seconds 
Number of asset objects unloaded after import = 3
========================================================================
Received Import Request.
  Time since last request: 0.000013 seconds.
  path: Assets/Character/kenney_platformer-characters/PNG/Adventurer/Limbs/body_front.png
  artifactKey: Guid(d19eee458e75318489019d88be32058f) Importer(815301076,1909f56bfc062723c751e8b465ee728b)
Number of updated assets reloaded before import = 0
Start importing Assets/Character/kenney_platformer-characters/PNG/Adventurer/Limbs/body_front.png using Guid(d19eee458e75318489019d88be32058f) Importer(815301076,1909f56bfc062723c751e8b465ee728b)  -> (artifact id: 'f88b9e0c1cd3571bfc9441725511c8f9') in 0.027770 seconds 
Number of asset objects unloaded after import = 3
========================================================================
Received Import Request.
  Time since last request: 0.000015 seconds.
  path: Assets/Character/kenney_platformer-characters/PNG/Zombie/Limbs/body_front.png
  artifactKey: Guid(e3e92823a38610d48a92b4be75816361) Importer(815301076,1909f56bfc062723c751e8b465ee728b)
Number of updated assets reloaded before import = 0
Start importing Assets/Character/kenney_platformer-characters/PNG/Zombie/Limbs/body_front.png using Guid(e3e92823a38610d48a92b4be75816361) Importer(815301076,1909f56bfc062723c751e8b465ee728b)  -> (artifact id: '0db5f73b5fc9ba466948492ebfbd6092') in 0.022144 seconds 
Number of asset objects unloaded after import = 3
========================================================================
Received Import Request.
  Time since last request: 0.000013 seconds.
  path: Assets/Mod Assets/Environment Sprites Colored/Gold/TileGroundDark_yellow.png
  artifactKey: Guid(9eb3ad597fdfd4d7e80626429e04a7b1) Importer(815301076,1909f56bfc062723c751e8b465ee728b)
Number of updated assets reloaded before import = 0
Start importing Assets/Mod Assets/Environment Sprites Colored/Gold/TileGroundDark_yellow.png using Guid(9eb3ad597fdfd4d7e80626429e04a7b1) Importer(815301076,1909f56bfc062723c751e8b465ee728b)  -> (artifact id: 'dcc319737456e5f6bd92bdecddaafe09') in 0.015354 seconds 
Number of asset objects unloaded after import = 3
========================================================================
Received Import Request.
  Time since last request: 0.000017 seconds.
  path: Assets/Mod Assets/Mod Resources/Textures/billboard_2D_tall_mask.png
  artifactKey: Guid(bbe8d33a81a0549ce8ab1cee4aa7db2a) Importer(815301076,1909f56bfc062723c751e8b465ee728b)
Number of updated assets reloaded before import = 0
Start importing Assets/Mod Assets/Mod Resources/Textures/billboard_2D_tall_mask.png using Guid(bbe8d33a81a0549ce8ab1cee4aa7db2a) Importer(815301076,1909f56bfc062723c751e8b465ee728b)  -> (artifact id: '44d91d873c3c6fb458c3e75b916d6029') in 0.035986 seconds 
Number of asset objects unloaded after import = 3
========================================================================
Received Import Request.
  Time since last request: 0.000017 seconds.
  path: Assets/Character/kenney_platformer-characters/PNG/Player/Poses/player_swim2.png
  artifactKey: Guid(016729dbb910c75479b4219d4727cd32) Importer(815301076,1909f56bfc062723c751e8b465ee728b)
Number of updated assets reloaded before import = 0
Start importing Assets/Character/kenney_platformer-characters/PNG/Player/Poses/player_swim2.png using Guid(016729dbb910c75479b4219d4727cd32) Importer(815301076,1909f56bfc062723c751e8b465ee728b)  -> (artifact id: 'd26dddf89b560a3b831b27a24d63da4d') in 0.021179 seconds 
Number of asset objects unloaded after import = 3
========================================================================
Received Import Request.
  Time since last request: 0.000020 seconds.
  path: Assets/Mod Assets/Environment Sprites Colored/Green/MidgroundFiller_green.png
  artifactKey: Guid(f80cb9971cddf494bbf0c087eb3af547) Importer(815301076,1909f56bfc062723c751e8b465ee728b)
Number of updated assets reloaded before import = 0
Start importing Assets/Mod Assets/Environment Sprites Colored/Green/MidgroundFiller_green.png using Guid(f80cb9971cddf494bbf0c087eb3af547) Importer(815301076,1909f56bfc062723c751e8b465ee728b)  -> (artifact id: '0de201c76a0a1cc8aab583e1c27a8f35') in 0.014404 seconds 
Number of asset objects unloaded after import = 3
========================================================================
Received Import Request.
  Time since last request: 0.000022 seconds.
  path: Assets/Character/kenney_platformer-characters/PNG/Soldier/Poses/soldier_talk.png
  artifactKey: Guid(64f2ccb7234a4a84796c3cfe9756957a) Importer(815301076,1909f56bfc062723c751e8b465ee728b)
Number of updated assets reloaded before import = 0
Start importing Assets/Character/kenney_platformer-characters/PNG/Soldier/Poses/soldier_talk.png using Guid(64f2ccb7234a4a84796c3cfe9756957a) Importer(815301076,1909f56bfc062723c751e8b465ee728b)  -> (artifact id: '92ae675f124f5ad6807c7327b2e4caf6') in 0.015185 seconds 
Number of asset objects unloaded after import = 3
========================================================================
Received Import Request.
  Time since last request: 0.000016 seconds.
  path: Assets/Mod Assets/Environment Sprites Colored/Green/TileGroundTop_green.png
  artifactKey: Guid(47b73910b31fb422ca0c0164c2c70dfd) Importer(815301076,1909f56bfc062723c751e8b465ee728b)
Number of updated assets reloaded before import = 0
Start importing Assets/Mod Assets/Environment Sprites Colored/Green/TileGroundTop_green.png using Guid(47b73910b31fb422ca0c0164c2c70dfd) Importer(815301076,1909f56bfc062723c751e8b465ee728b)  -> (artifact id: '40427aac6b041c08b0f5fddf84005fe1') in 0.017551 seconds 
Number of asset objects unloaded after import = 3
========================================================================
Received Import Request.
  Time since last request: 0.000018 seconds.
  path: Assets/Character/kenney_platformer-characters/PNG/Player/Limbs/head_back.png
  artifactKey: Guid(690ede462f5104e4aacc50562ca96d11) Importer(815301076,1909f56bfc062723c751e8b465ee728b)
Number of updated assets reloaded before import = 0
Start importing Assets/Character/kenney_platformer-characters/PNG/Player/Limbs/head_back.png using Guid(690ede462f5104e4aacc50562ca96d11) Importer(815301076,1909f56bfc062723c751e8b465ee728b)  -> (artifact id: '514e3c2e704162aab93c60f39570ef41') in 0.024753 seconds 
Number of asset objects unloaded after import = 3
========================================================================
Received Import Request.
  Time since last request: 0.000016 seconds.
  path: Assets/Mod Assets/Mod Resources/Sprites/Props/Archway.png
  artifactKey: Guid(12a73f1b3e53f3840b64c010d57df085) Importer(815301076,1909f56bfc062723c751e8b465ee728b)
Number of updated assets reloaded before import = 0
Start importing Assets/Mod Assets/Mod Resources/Sprites/Props/Archway.png using Guid(12a73f1b3e53f3840b64c010d57df085) Importer(815301076,1909f56bfc062723c751e8b465ee728b)  -> (artifact id: '900f1c70fc6cc93a4ec9d9905f2e8756') in 0.035527 seconds 
Number of asset objects unloaded after import = 3
========================================================================
Received Import Request.
  Time since last request: 0.000016 seconds.
  path: Assets/Character/kenney_platformer-characters/PNG/Adventurer/Poses/adventurer_stand.png
  artifactKey: Guid(5780c1b7f50e18444b417e22d55fce11) Importer(815301076,1909f56bfc062723c751e8b465ee728b)
Number of updated assets reloaded before import = 0
Start importing Assets/Character/kenney_platformer-characters/PNG/Adventurer/Poses/adventurer_stand.png using Guid(5780c1b7f50e18444b417e22d55fce11) Importer(815301076,1909f56bfc062723c751e8b465ee728b)  -> (artifact id: '039a15fdd32091c36119d8cac5c76d4d') in 0.028070 seconds 
Number of asset objects unloaded after import = 3
========================================================================
Received Import Request.
  Time since last request: 0.000014 seconds.
  path: Assets/Character/kenney_platformer-characters/PNG/Adventurer/Poses/adventurer_hurt.png
  artifactKey: Guid(7ae7b25d14a3ca7408829a3e9c887a41) Importer(815301076,1909f56bfc062723c751e8b465ee728b)
Number of updated assets reloaded before import = 0
Start importing Assets/Character/kenney_platformer-characters/PNG/Adventurer/Poses/adventurer_hurt.png using Guid(7ae7b25d14a3ca7408829a3e9c887a41) Importer(815301076,1909f56bfc062723c751e8b465ee728b)  -> (artifact id: '14c9f9caf223290bc3cee39880d6c102') in 0.023975 seconds 
Number of asset objects unloaded after import = 3
========================================================================
Received Import Request.
  Time since last request: 0.000014 seconds.
  path: Assets/Character/kenney_platformer-characters/PNG/Adventurer/Poses/adventurer_cheer1.png
  artifactKey: Guid(76c0b635718990e4dbe85d0ab71df80b) Importer(815301076,1909f56bfc062723c751e8b465ee728b)
Number of updated assets reloaded before import = 0
Start importing Assets/Character/kenney_platformer-characters/PNG/Adventurer/Poses/adventurer_cheer1.png using Guid(76c0b635718990e4dbe85d0ab71df80b) Importer(815301076,1909f56bfc062723c751e8b465ee728b)  -> (artifact id: 'e423b72bc92f0ed22c86e94403bbd7f8') in 0.025140 seconds 
Number of asset objects unloaded after import = 3
========================================================================
Received Import Request.
  Time since last request: 0.000014 seconds.
  path: Assets/Environment/Sprites/cloud.png
  artifactKey: Guid(510116f768c743e41b41ed30a8bdbc29) Importer(815301076,1909f56bfc062723c751e8b465ee728b)
Number of updated assets reloaded before import = 0
Start importing Assets/Environment/Sprites/cloud.png using Guid(510116f768c743e41b41ed30a8bdbc29) Importer(815301076,1909f56bfc062723c751e8b465ee728b)  -> (artifact id: 'cd4df6bf799b149f95e29e447b8bd7ad') in 0.015312 seconds 
Number of asset objects unloaded after import = 3
========================================================================
Received Import Request.
  Time since last request: 0.000030 seconds.
  path: Assets/Environment/Tiles/tree.png
  artifactKey: Guid(bc567a15625ed46c78d8c3653d3d446c) Importer(815301076,1909f56bfc062723c751e8b465ee728b)
Number of updated assets reloaded before import = 0
Start importing Assets/Environment/Tiles/tree.png using Guid(bc567a15625ed46c78d8c3653d3d446c) Importer(815301076,1909f56bfc062723c751e8b465ee728b)  -> (artifact id: '2708a31e0791278ec7e464803bf5f1f4') in 0.018816 seconds 
Number of asset objects unloaded after import = 3
========================================================================
Received Import Request.
  Time since last request: 0.000024 seconds.
  path: Assets/Mod Assets/Environment Sprites Colored/Gold/TileFloatingLeftEdge_yellow.png
  artifactKey: Guid(063518b347e5845d0805939bace5d955) Importer(815301076,1909f56bfc062723c751e8b465ee728b)
Number of updated assets reloaded before import = 0
Start importing Assets/Mod Assets/Environment Sprites Colored/Gold/TileFloatingLeftEdge_yellow.png using Guid(063518b347e5845d0805939bace5d955) Importer(815301076,1909f56bfc062723c751e8b465ee728b)  -> (artifact id: 'ff0aac9d4e4bd183738cd66d3afffd78') in 0.066806 seconds 
Number of asset objects unloaded after import = 3
========================================================================
Received Import Request.
  Time since last request: 0.000018 seconds.
  path: Assets/Mod Assets/Environment Sprites Colored/Teal/TileGround_teal.png
  artifactKey: Guid(e06d260a2a755418bb7d79b087db3b9b) Importer(815301076,1909f56bfc062723c751e8b465ee728b)
Number of updated assets reloaded before import = 0
Start importing Assets/Mod Assets/Environment Sprites Colored/Teal/TileGround_teal.png using Guid(e06d260a2a755418bb7d79b087db3b9b) Importer(815301076,1909f56bfc062723c751e8b465ee728b)  -> (artifact id: '93e2c1b28dcec0da21623d47f67c1f81') in 0.027593 seconds 
Number of asset objects unloaded after import = 3
========================================================================
Received Import Request.
  Time since last request: 0.000016 seconds.
  path: Assets/Character/kenney_platformer-characters/PNG/Player/Limbs/body_front.png
  artifactKey: Guid(3a9f15c05143ef340bb3e9e58d709055) Importer(815301076,1909f56bfc062723c751e8b465ee728b)
Number of updated assets reloaded before import = 0
Start importing Assets/Character/kenney_platformer-characters/PNG/Player/Limbs/body_front.png using Guid(3a9f15c05143ef340bb3e9e58d709055) Importer(815301076,1909f56bfc062723c751e8b465ee728b)  -> (artifact id: '50d8989f34d04930d17cde38c8216443') in 0.015409 seconds 
Number of asset objects unloaded after import = 3
========================================================================
Received Import Request.
  Time since last request: 0.000021 seconds.
  path: Assets/Character/kenney_platformer-characters/PNG/Adventurer/Limbs/body_back.png
  artifactKey: Guid(46e35dab74d43c4489da74a90bb8b9a4) Importer(815301076,1909f56bfc062723c751e8b465ee728b)
Number of updated assets reloaded before import = 0
Start importing Assets/Character/kenney_platformer-characters/PNG/Adventurer/Limbs/body_back.png using Guid(46e35dab74d43c4489da74a90bb8b9a4) Importer(815301076,1909f56bfc062723c751e8b465ee728b)  -> (artifact id: '81113fc836bd8a4255ff8e8a4ac3f003') in 0.042794 seconds 
Number of asset objects unloaded after import = 3
========================================================================
Received Import Request.
  Time since last request: 0.000016 seconds.
  path: Assets/Character/kenney_platformer-characters/PNG/Adventurer/Poses/adventurer_skid.png
  artifactKey: Guid(6c1e11f4cc945f04b8290a76fd031129) Importer(815301076,1909f56bfc062723c751e8b465ee728b)
Number of updated assets reloaded before import = 0
Start importing Assets/Character/kenney_platformer-characters/PNG/Adventurer/Poses/adventurer_skid.png using Guid(6c1e11f4cc945f04b8290a76fd031129) Importer(815301076,1909f56bfc062723c751e8b465ee728b)  -> (artifact id: '077c40303fb20f2a706896a3aa78b0c7') in 0.033699 seconds 
Number of asset objects unloaded after import = 3
========================================================================
Received Import Request.
  Time since last request: 0.000014 seconds.
  path: Assets/Character/kenney_platformer-characters/PNG/Zombie/Limbs/body_back.png
  artifactKey: Guid(d56d16e781d405e40ae10c36a4a06f1f) Importer(815301076,1909f56bfc062723c751e8b465ee728b)
Number of updated assets reloaded before import = 0
Start importing Assets/Character/kenney_platformer-characters/PNG/Zombie/Limbs/body_back.png using Guid(d56d16e781d405e40ae10c36a4a06f1f) Importer(815301076,1909f56bfc062723c751e8b465ee728b)  -> (artifact id: 'f8f5029e5ee1d9175fd89bdb3ce53fcc') in 0.022075 seconds 
Number of asset objects unloaded after import = 3
========================================================================
Received Import Request.
  Time since last request: 0.000023 seconds.
  path: Assets/Character/kenney_platformer-characters/PNG/Soldier/Poses/soldier_duck.png
  artifactKey: Guid(3fe2067cab4990c4689386049c3b0d17) Importer(815301076,1909f56bfc062723c751e8b465ee728b)
Number of updated assets reloaded before import = 0
Start importing Assets/Character/kenney_platformer-characters/PNG/Soldier/Poses/soldier_duck.png using Guid(3fe2067cab4990c4689386049c3b0d17) Importer(815301076,1909f56bfc062723c751e8b465ee728b)  -> (artifact id: '9d9303f09ea25598f58d17af2c32134b') in 0.035798 seconds 
Number of asset objects unloaded after import = 3
========================================================================
Received Import Request.
  Time since last request: 0.000030 seconds.
  path: Assets/Character/kenney_platformer-characters/PNG/Adventurer/Poses/adventurer_hang.png
  artifactKey: Guid(18a09a739137bda478faa4fe524ce045) Importer(815301076,1909f56bfc062723c751e8b465ee728b)
Number of updated assets reloaded before import = 0
Start importing Assets/Character/kenney_platformer-characters/PNG/Adventurer/Poses/adventurer_hang.png using Guid(18a09a739137bda478faa4fe524ce045) Importer(815301076,1909f56bfc062723c751e8b465ee728b)  -> (artifact id: 'd777250912ce950ce2ec929fdaf4043d') in 0.053440 seconds 
Number of asset objects unloaded after import = 3
========================================================================
Received Prepare
Registering precompiled user dll's ...
Registered in 0.002193 seconds.
Begin MonoManager ReloadAssembly
Native extension for WindowsStandalone target not found
Refreshing native plugins compatible for Editor in 0.65 ms, found 3 plugins.
Preloading 0 native plugins for Editor in 0.00 ms.
[Package Manager] Server::EnsureServerProcessIsRunning -- launch failed, reason: Unity was launched with the -noUpm command-line argument
[Package Manager] Cannot connect to Unity Package Manager local server
Mono: successfully reloaded assembly
- Completed reload, in  1.151 seconds
Domain Reload Profiling:
	ReloadAssembly (1152ms)
		BeginReloadAssembly (118ms)
			ExecutionOrderSort (0ms)
			DisableScriptedObjects (2ms)
			BackupInstance (0ms)
			ReleaseScriptingObjects (0ms)
			CreateAndSetChildDomain (37ms)
		EndReloadAssembly (975ms)
			LoadAssemblies (80ms)
			RebuildTransferFunctionScriptingTraits (0ms)
			SetupTypeCache (225ms)
			ReleaseScriptCaches (2ms)
			RebuildScriptCaches (36ms)
			SetupLoadedEditorAssemblies (619ms)
				LogAssemblyErrors (0ms)
				InitializePlatformSupportModulesInManaged (5ms)
				SetLoadedEditorAssemblies (0ms)
				RefreshPlugins (1ms)
				BeforeProcessingInitializeOnLoad (46ms)
				ProcessInitializeOnLoadAttributes (502ms)
				ProcessInitializeOnLoadMethodAttributes (62ms)
				AfterProcessingInitializeOnLoad (3ms)
				EditorAssembliesLoaded (0ms)
			ExecutionOrderSort2 (0ms)
			AwakeInstancesAfterBackupRestoration (6ms)
Platform modules already initialized, skipping
Refreshing native plugins compatible for Editor in 1.00 ms, found 3 plugins.
Preloading 0 native plugins for Editor in 0.00 ms.
Unloading 5125 Unused Serialized files (Serialized files now loaded: 0)
Unloading 30 unused Assets / (0.8 MB). Loaded Objects now: 5759.
Memory consumption went from 204.1 MB to 203.4 MB.
Total: 4.122000 ms (FindLiveObjects: 0.429200 ms CreateObjectMapping: 0.424900 ms MarkObjects: 2.870300 ms  DeleteObjects: 0.395900 ms)

AssetImportParameters requested are different than current active one (requested -> active):
  custom:video-decoder-ogg-theora: a1e56fd34408186e4bbccfd4996cb3dc -> 
  custom:container-muxer-webm: aa71ff27fc2769a1b78a27578f13a17b -> 
  custom:container-demuxer-webm: 4f35f7cbe854078d1ac9338744f61a02 -> 
  custom:video-encoder-webm-vp8: eb34c28f22e8b96e1ab97ce403110664 -> 
  custom:CustomObjectIndexerAttribute: 6b0e35c9178b02a6363f3721b7b8e397 -> 
  custom:audio-encoder-webm-vorbis: bf7c407c2cedff20999df2af8eb42d56 -> 
  custom:framework-win-MediaFoundation: 216162199b28c13a410421893ffa2e32 -> 
  custom:SearchIndexIgnoredProperties: e643bd26f0fe6173181afceb89e7c659 -> 
  custom:container-demuxer-ogg: 62fdf1f143b41e24485cea50d1cbac27 -> 
  custom:video-decoder-webm-vp8: 9c59270c3fd7afecdb556c50c9e8de78 -> 
  custom:audio-decoder-ogg-vorbis: bf7c407c2cedff20999df2af8eb42d56 -> 
========================================================================
Received Import Request.
  Time since last request: 32.675012 seconds.
  path: Packages/com.unity.render-pipelines.universal/Runtime/Materials/Lit.mat
  artifactKey: Guid(31321ba15b8f8eb4c954353edc038b1d) Importer(815301076,1909f56bfc062723c751e8b465ee728b)
Number of updated assets reloaded before import = 0
Start importing Packages/com.unity.render-pipelines.universal/Runtime/Materials/Lit.mat using Guid(31321ba15b8f8eb4c954353edc038b1d) Importer(815301076,1909f56bfc062723c751e8b465ee728b)  -> (artifact id: '4937227d7cc9279546910738690d078b') in 0.819897 seconds 
Number of asset objects unloaded after import = 11
========================================================================
Received Prepare
Registering precompiled user dll's ...
Registered in 0.002348 seconds.
Begin MonoManager ReloadAssembly
Native extension for WindowsStandalone target not found
Refreshing native plugins compatible for Editor in 0.63 ms, found 3 plugins.
Preloading 0 native plugins for Editor in 0.00 ms.
[Package Manager] Server::EnsureServerProcessIsRunning -- launch failed, reason: Unity was launched with the -noUpm command-line argument
[Package Manager] Cannot connect to Unity Package Manager local server
Mono: successfully reloaded assembly
- Completed reload, in  1.098 seconds
Domain Reload Profiling:
	ReloadAssembly (1098ms)
		BeginReloadAssembly (111ms)
			ExecutionOrderSort (0ms)
			DisableScriptedObjects (4ms)
			BackupInstance (0ms)
			ReleaseScriptingObjects (0ms)
			CreateAndSetChildDomain (37ms)
		EndReloadAssembly (932ms)
			LoadAssemblies (63ms)
			RebuildTransferFunctionScriptingTraits (0ms)
			SetupTypeCache (184ms)
			ReleaseScriptCaches (2ms)
			RebuildScriptCaches (31ms)
			SetupLoadedEditorAssemblies (620ms)
				LogAssemblyErrors (0ms)
				InitializePlatformSupportModulesInManaged (3ms)
				SetLoadedEditorAssemblies (0ms)
				RefreshPlugins (1ms)
				BeforeProcessingInitializeOnLoad (45ms)
				ProcessInitializeOnLoadAttributes (512ms)
				ProcessInitializeOnLoadMethodAttributes (55ms)
				AfterProcessingInitializeOnLoad (3ms)
				EditorAssembliesLoaded (0ms)
			ExecutionOrderSort2 (0ms)
			AwakeInstancesAfterBackupRestoration (10ms)
Platform modules already initialized, skipping
Refreshing native plugins compatible for Editor in 0.74 ms, found 3 plugins.
Preloading 0 native plugins for Editor in 0.00 ms.
Unloading 5131 Unused Serialized files (Serialized files now loaded: 0)
Unloading 45 unused Assets / (377.9 KB). Loaded Objects now: 5867.
Memory consumption went from 209.4 MB to 209.0 MB.
Total: 2.502400 ms (FindLiveObjects: 0.335100 ms CreateObjectMapping: 0.177000 ms MarkObjects: 1.919500 ms  DeleteObjects: 0.069800 ms)

AssetImportParameters requested are different than current active one (requested -> active):
  custom:video-decoder-ogg-theora: a1e56fd34408186e4bbccfd4996cb3dc -> 
  custom:container-muxer-webm: aa71ff27fc2769a1b78a27578f13a17b -> 
  custom:container-demuxer-webm: 4f35f7cbe854078d1ac9338744f61a02 -> 
  custom:video-encoder-webm-vp8: eb34c28f22e8b96e1ab97ce403110664 -> 
  custom:CustomObjectIndexerAttribute: 6b0e35c9178b02a6363f3721b7b8e397 -> 
  custom:audio-encoder-webm-vorbis: bf7c407c2cedff20999df2af8eb42d56 -> 
  custom:framework-win-MediaFoundation: 216162199b28c13a410421893ffa2e32 -> 
  custom:SearchIndexIgnoredProperties: e643bd26f0fe6173181afceb89e7c659 -> 
  custom:container-demuxer-ogg: 62fdf1f143b41e24485cea50d1cbac27 -> 
  custom:video-decoder-webm-vp8: 9c59270c3fd7afecdb556c50c9e8de78 -> 
  custom:audio-decoder-ogg-vorbis: bf7c407c2cedff20999df2af8eb42d56 -> 
========================================================================
Received Prepare
Registering precompiled user dll's ...
Registered in 0.002235 seconds.
Begin MonoManager ReloadAssembly
Native extension for WindowsStandalone target not found
Refreshing native plugins compatible for Editor in 0.67 ms, found 3 plugins.
Preloading 0 native plugins for Editor in 0.00 ms.
[Package Manager] Server::EnsureServerProcessIsRunning -- launch failed, reason: Unity was launched with the -noUpm command-line argument
[Package Manager] Cannot connect to Unity Package Manager local server
Mono: successfully reloaded assembly
- Completed reload, in  1.078 seconds
Domain Reload Profiling:
	ReloadAssembly (1078ms)
		BeginReloadAssembly (104ms)
			ExecutionOrderSort (0ms)
			DisableScriptedObjects (2ms)
			BackupInstance (0ms)
			ReleaseScriptingObjects (0ms)
			CreateAndSetChildDomain (29ms)
		EndReloadAssembly (922ms)
			LoadAssemblies (62ms)
			RebuildTransferFunctionScriptingTraits (0ms)
			SetupTypeCache (187ms)
			ReleaseScriptCaches (2ms)
			RebuildScriptCaches (32ms)
			SetupLoadedEditorAssemblies (613ms)
				LogAssemblyErrors (0ms)
				InitializePlatformSupportModulesInManaged (3ms)
				SetLoadedEditorAssemblies (0ms)
				RefreshPlugins (1ms)
				BeforeProcessingInitializeOnLoad (46ms)
				ProcessInitializeOnLoadAttributes (503ms)
				ProcessInitializeOnLoadMethodAttributes (55ms)
				AfterProcessingInitializeOnLoad (4ms)
				EditorAssembliesLoaded (0ms)
			ExecutionOrderSort2 (0ms)
			AwakeInstancesAfterBackupRestoration (10ms)
Platform modules already initialized, skipping
Refreshing native plugins compatible for Editor in 1.02 ms, found 3 plugins.
Preloading 0 native plugins for Editor in 0.00 ms.
Unloading 5121 Unused Serialized files (Serialized files now loaded: 0)
Unloading 27 unused Assets / (377.9 KB). Loaded Objects now: 5882.
Memory consumption went from 208.4 MB to 208.0 MB.
Total: 3.597200 ms (FindLiveObjects: 0.434800 ms CreateObjectMapping: 0.253800 ms MarkObjects: 2.798300 ms  DeleteObjects: 0.109000 ms)

AssetImportParameters requested are different than current active one (requested -> active):
  custom:video-decoder-ogg-theora: a1e56fd34408186e4bbccfd4996cb3dc -> 
  custom:container-muxer-webm: aa71ff27fc2769a1b78a27578f13a17b -> 
  custom:container-demuxer-webm: 4f35f7cbe854078d1ac9338744f61a02 -> 
  custom:video-encoder-webm-vp8: eb34c28f22e8b96e1ab97ce403110664 -> 
  custom:CustomObjectIndexerAttribute: 6b0e35c9178b02a6363f3721b7b8e397 -> 
  custom:audio-encoder-webm-vorbis: bf7c407c2cedff20999df2af8eb42d56 -> 
  custom:framework-win-MediaFoundation: 216162199b28c13a410421893ffa2e32 -> 
  custom:SearchIndexIgnoredProperties: e643bd26f0fe6173181afceb89e7c659 -> 
  custom:container-demuxer-ogg: 62fdf1f143b41e24485cea50d1cbac27 -> 
  custom:video-decoder-webm-vp8: 9c59270c3fd7afecdb556c50c9e8de78 -> 
  custom:audio-decoder-ogg-vorbis: bf7c407c2cedff20999df2af8eb42d56 -> 
========================================================================
Received Import Request.
  Time since last request: 162.670320 seconds.
  path: Assets/Mod Assets/Environment Sprites Colored/Teal/MidgroundFiller_teal.png
  artifactKey: Guid(46173b271ce904b2384f6269a23f036e) Importer(815301076,1909f56bfc062723c751e8b465ee728b)
Number of updated assets reloaded before import = 0
Start importing Assets/Mod Assets/Environment Sprites Colored/Teal/MidgroundFiller_teal.png using Guid(46173b271ce904b2384f6269a23f036e) Importer(815301076,1909f56bfc062723c751e8b465ee728b)  -> (artifact id: 'ab976ffa91856a4dafbb356a1d662375') in 0.061641 seconds 
Number of asset objects unloaded after import = 3
========================================================================
Received Import Request.
  Time since last request: 0.000018 seconds.
  path: Assets/Mod Assets/Environment Sprites Colored/Magenta/mountains_pink.png
  artifactKey: Guid(59fe7c0d7120f49699d5ea1be5dd9cae) Importer(815301076,1909f56bfc062723c751e8b465ee728b)
Number of updated assets reloaded before import = 0
Start importing Assets/Mod Assets/Environment Sprites Colored/Magenta/mountains_pink.png using Guid(59fe7c0d7120f49699d5ea1be5dd9cae) Importer(815301076,1909f56bfc062723c751e8b465ee728b)  -> (artifact id: 'e9fc4e19cd72a80121091e6d8e0c86d1') in 0.055801 seconds 
Number of asset objects unloaded after import = 3
========================================================================
Received Import Request.
  Time since last request: 0.000014 seconds.
  path: Assets/Environment/Tiles/mountains.png
  artifactKey: Guid(fec4d86a327db4cd3b224f893cf7b1a3) Importer(815301076,1909f56bfc062723c751e8b465ee728b)
Number of updated assets reloaded before import = 0
Start importing Assets/Environment/Tiles/mountains.png using Guid(fec4d86a327db4cd3b224f893cf7b1a3) Importer(815301076,1909f56bfc062723c751e8b465ee728b)  -> (artifact id: 'b226120587949a613010514b1e533fdb') in 0.043848 seconds 
Number of asset objects unloaded after import = 3
========================================================================
Received Import Request.
  Time since last request: 0.000016 seconds.
  path: Assets/Mod Assets/Environment Sprites Colored/Gold/mountains_yellow.png
  artifactKey: Guid(6c353affb06544bdfad3cf0a741ec8cf) Importer(815301076,1909f56bfc062723c751e8b465ee728b)
Number of updated assets reloaded before import = 0
Start importing Assets/Mod Assets/Environment Sprites Colored/Gold/mountains_yellow.png using Guid(6c353affb06544bdfad3cf0a741ec8cf) Importer(815301076,1909f56bfc062723c751e8b465ee728b)  -> (artifact id: '217735d7d674bb08e43f47c64785bc0c') in 0.052923 seconds 
Number of asset objects unloaded after import = 3
========================================================================
Received Import Request.
  Time since last request: 0.000022 seconds.
  path: Assets/Mod Assets/Environment Sprites Colored/Brown/mountains_brown.png
  artifactKey: Guid(34724a97ee23b4fb6982962e3ba84831) Importer(815301076,1909f56bfc062723c751e8b465ee728b)
Number of updated assets reloaded before import = 0
Start importing Assets/Mod Assets/Environment Sprites Colored/Brown/mountains_brown.png using Guid(34724a97ee23b4fb6982962e3ba84831) Importer(815301076,1909f56bfc062723c751e8b465ee728b)  -> (artifact id: 'bea63148eaf2faecb4af7ed4a7c5e4bc') in 0.047668 seconds 
Number of asset objects unloaded after import = 3
Editor requested this worker to shutdown with reason: Scaling down because of idle timeout
AssetImportWorker is now disconnected from the server
Process exiting
Exiting without the bug reporter. Application will terminate with return code 0